{"meta": {"format": 3, "version": "7.6.1", "timestamp": "2025-10-18T22:40:57.902428", "branch_coverage": true, "show_contexts": false}, "files": {"scripts/__init__.py": {"executed_lines": [1], "summary": {"covered_lines": 0, "num_statements": 0, "percent_covered": 100.0, "percent_covered_display": "100", "missing_lines": 0, "excluded_lines": 0, "num_branches": 0, "num_partial_branches": 0, "covered_branches": 0, "missing_branches": 0}, "missing_lines": [], "excluded_lines": [], "executed_branches": [], "missing_branches": [], "functions": {"": {"executed_lines": [1], "summary": {"covered_lines": 0, "num_statements": 0, "percent_covered": 100.0, "percent_covered_display": "100", "missing_lines": 0, "excluded_lines": 0, "num_branches": 0, "num_partial_branches": 0, "covered_branches": 0, "missing_branches": 0}, "missing_lines": [], "excluded_lines": [], "executed_branches": [], "missing_branches": []}}, "classes": {"": {"executed_lines": [1], "summary": {"covered_lines": 0, "num_statements": 0, "percent_covered": 100.0, "percent_covered_display": "100", "missing_lines": 0, "excluded_lines": 0, "num_branches": 0, "num_partial_branches": 0, "covered_branches": 0, "missing_branches": 0}, "missing_lines": [], "excluded_lines": [], "executed_branches": [], "missing_branches": []}}}, "scripts/cli/__init__.py": {"executed_lines": [1], "summary": {"covered_lines": 0, "num_statements": 0, "percent_covered": 100.0, "percent_covered_display": "100", "missing_lines": 0, "excluded_lines": 0, "num_branches": 0, "num_partial_branches": 0, "covered_branches": 0, "missing_branches": 0}, "missing_lines": [], "excluded_lines": [], "executed_branches": [], "missing_branches": [], "functions": {"": {"executed_lines": [1], "summary": {"covered_lines": 0, "num_statements": 0, "percent_covered": 100.0, "percent_covered_display": "100", "missing_lines": 0, "excluded_lines": 0, "num_branches": 0, "num_partial_branches": 0, "covered_branches": 0, "missing_branches": 0}, "missing_lines": [], "excluded_lines": [], "executed_branches": [], "missing_branches": []}}, "classes": {"": {"executed_lines": [1], "summary": {"covered_lines": 0, "num_statements": 0, "percent_covered": 100.0, "percent_covered_display": "100", "missing_lines": 0, "excluded_lines": 0, "num_branches": 0, "num_partial_branches": 0, "covered_branches": 0, "missing_branches": 0}, "missing_lines": [], "excluded_lines": [], "executed_branches": [], "missing_branches": []}}}, "scripts/cli/ci_orchestrator.py": {"executed_lines": [2, 4, 6, 9, 21, 22, 24, 25, 26, 27, 29, 30, 32, 33, 34, 36, 37, 38, 40, 41, 42, 43, 45, 46, 47, 49, 50, 51, 52, 53, 54, 55, 56, 57, 60, 62, 63, 65, 66, 68, 69, 70, 71, 72, 73, 74, 75, 76, 77, 80, 83, 84], "summary": {"covered_lines": 49, "num_statements": 49, "percent_covered": 100.0, "percent_covered_display": "100", "missing_lines": 0, "excluded_lines": 0, "num_branches": 0, "num_partial_branches": 0, "covered_branches": 0, "missing_branches": 0}, "missing_lines": [], "excluded_lines": [], "executed_branches": [], "missing_branches": [], "functions": {"cmd_ci": {"executed_lines": [21, 22, 24, 60, 62, 63, 65, 80, 83, 84], "summary": {"covered_lines": 8, "num_statements": 8, "percent_covered": 100.0, "percent_covered_display": "100", "missing_lines": 0, "excluded_lines": 0, "num_branches": 0, "num_partial_branches": 0, "covered_branches": 0, "missing_branches": 0}, "missing_lines": [], "excluded_lines": [], "executed_branches": [], "missing_branches": []}, "cmd_ci.ScanArgs.__init__": {"executed_lines": [25, 26, 27, 29, 30, 32, 33, 34, 36, 37, 38, 40, 41, 42, 43, 45, 46, 47, 49, 50, 51, 52, 53, 54, 55, 56, 57], "summary": {"covered_lines": 27, "num_statements": 27, "percent_covered": 100.0, "percent_covered_display": "100", "missing_lines": 0, "excluded_lines": 0, "num_branches": 0, "num_partial_branches": 0, "covered_branches": 0, "missing_branches": 0}, "missing_lines": [], "excluded_lines": [], "executed_branches": [], "missing_branches": []}, "cmd_ci.ReportArgs.__init__": {"executed_lines": [66, 68, 69, 70, 71, 72, 73, 74, 75, 76, 77], "summary": {"covered_lines": 11, "num_statements": 11, "percent_covered": 100.0, "percent_covered_display": "100", "missing_lines": 0, "excluded_lines": 0, "num_branches": 0, "num_partial_branches": 0, "covered_branches": 0, "missing_branches": 0}, "missing_lines": [], "excluded_lines": [], "executed_branches": [], "missing_branches": []}, "": {"executed_lines": [2, 4, 6, 9], "summary": {"covered_lines": 3, "num_statements": 3, "percent_covered": 100.0, "percent_covered_display": "100", "missing_lines": 0, "excluded_lines": 0, "num_branches": 0, "num_partial_branches": 0, "covered_branches": 0, "missing_branches": 0}, "missing_lines": [], "excluded_lines": [], "executed_branches": [], "missing_branches": []}}, "classes": {"cmd_ci.ScanArgs": {"executed_lines": [25, 26, 27, 29, 30, 32, 33, 34, 36, 37, 38, 40, 41, 42, 43, 45, 46, 47, 49, 50, 51, 52, 53, 54, 55, 56, 57], "summary": {"covered_lines": 27, "num_statements": 27, "percent_covered": 100.0, "percent_covered_display": "100", "missing_lines": 0, "excluded_lines": 0, "num_branches": 0, "num_partial_branches": 0, "covered_branches": 0, "missing_branches": 0}, "missing_lines": [], "excluded_lines": [], "executed_branches": [], "missing_branches": []}, "cmd_ci.ReportArgs": {"executed_lines": [66, 68, 69, 70, 71, 72, 73, 74, 75, 76, 77], "summary": {"covered_lines": 11, "num_statements": 11, "percent_covered": 100.0, "percent_covered_display": "100", "missing_lines": 0, "excluded_lines": 0, "num_branches": 0, "num_partial_branches": 0, "covered_branches": 0, "missing_branches": 0}, "missing_lines": [], "excluded_lines": [], "executed_branches": [], "missing_branches": []}, "": {"executed_lines": [2, 4, 6, 9, 21, 22, 24, 60, 62, 63, 65, 80, 83, 84], "summary": {"covered_lines": 11, "num_statements": 11, "percent_covered": 100.0, "percent_covered_display": "100", "missing_lines": 0, "excluded_lines": 0, "num_branches": 0, "num_partial_branches": 0, "covered_branches": 0, "missing_branches": 0}, "missing_lines": [], "excluded_lines": [], "executed_branches": [], "missing_branches": []}}}, "scripts/cli/path_sanitizers.py": {"executed_lines": [2, 10, 12, 13, 16, 42, 45, 48, 51, 52, 57, 59, 62, 89, 90, 92, 94, 95, 96, 97], "summary": {"covered_lines": 19, "num_statements": 19, "percent_covered": 100.0, "percent_covered_display": "100", "missing_lines": 0, "excluded_lines": 0, "num_branches": 2, "num_partial_branches": 0, "covered_branches": 2, "missing_branches": 0}, "missing_lines": [], "excluded_lines": [], "executed_branches": [[51, 52], [51, 57]], "missing_branches": [], "functions": {"_sanitize_path_component": {"executed_lines": [42, 45, 48, 51, 52, 57, 59], "summary": {"covered_lines": 7, "num_statements": 7, "percent_covered": 100.0, "percent_covered_display": "100", "missing_lines": 0, "excluded_lines": 0, "num_branches": 2, "num_partial_branches": 0, "covered_branches": 2, "missing_branches": 0}, "missing_lines": [], "excluded_lines": [], "executed_branches": [[51, 52], [51, 57]], "missing_branches": []}, "_validate_output_path": {"executed_lines": [89, 90, 92, 94, 95, 96, 97], "summary": {"covered_lines": 7, "num_statements": 7, "percent_covered": 100.0, "percent_covered_display": "100", "missing_lines": 0, "excluded_lines": 0, "num_branches": 0, "num_partial_branches": 0, "covered_branches": 0, "missing_branches": 0}, "missing_lines": [], "excluded_lines": [], "executed_branches": [], "missing_branches": []}, "": {"executed_lines": [2, 10, 12, 13, 16, 62], "summary": {"covered_lines": 5, "num_statements": 5, "percent_covered": 100.0, "percent_covered_display": "100", "missing_lines": 0, "excluded_lines": 0, "num_branches": 0, "num_partial_branches": 0, "covered_branches": 0, "missing_branches": 0}, "missing_lines": [], "excluded_lines": [], "executed_branches": [], "missing_branches": []}}, "classes": {"": {"executed_lines": [2, 10, 12, 13, 16, 42, 45, 48, 51, 52, 57, 59, 62, 89, 90, 92, 94, 95, 96, 97], "summary": {"covered_lines": 19, "num_statements": 19, "percent_covered": 100.0, "percent_covered_display": "100", "missing_lines": 0, "excluded_lines": 0, "num_branches": 2, "num_partial_branches": 0, "covered_branches": 2, "missing_branches": 0}, "missing_lines": [], "excluded_lines": [], "executed_branches": [[51, 52], [51, 57]], "missing_branches": []}}}, "scripts/cli/report_orchestrator.py": {"executed_lines": [2, 4, 6, 7, 8, 9, 10, 12, 13, 14, 15, 20, 21, 22, 23, 24, 26, 28, 31, 41, 42, 43, 44, 45, 46, 47, 48, 51, 61, 64, 69, 70, 75, 77, 78, 79, 82, 83, 84, 86, 87, 88, 89, 90, 93, 94, 95, 98, 103, 104, 105, 106, 107, 108, 109, 112, 113, 114, 115, 116, 117, 118, 119, 120, 121, 122, 123, 125, 126, 131, 132, 133, 134, 143, 144, 145, 146, 158, 159, 160, 161, 163, 164, 169, 175, 180, 182, 183, 185, 186, 187, 191, 192, 193, 194, 195, 198, 199, 200, 205], "summary": {"covered_lines": 99, "num_statements": 115, "percent_covered": 86.22754491017965, "percent_covered_display": "86", "missing_lines": 16, "excluded_lines": 0, "num_branches": 52, "num_partial_branches": 5, "covered_branches": 45, "missing_branches": 7}, "missing_lines": [124, 135, 136, 137, 138, 139, 140, 149, 150, 155, 156, 165, 166, 167, 181, 188], "excluded_lines": [], "executed_branches": [[41, 42], [41, 43], [44, 45], [44, 46], [48, -48], [48, -31], [48, 48], [69, 70], [69, 77], [83, 84], [83, 86], [87, 88], [87, 89], [89, 90], [89, 93], [105, 106], [105, 112], [106, -106], [106, 106], [106, 107], [108, -108], [108, 109], [112, 113], [114, 115], [114, 116], [116, 117], [116, 121], [121, 122], [121, 123], [123, 125], [125, 126], [125, 131], [126, -126], [126, 126], [126, 131], [143, 144], [143, 180], [180, 182], [182, 183], [182, 185], [185, 186], [185, 187], [187, 191], [191, -191], [191, 191], [191, 192], [192, 193], [192, 198], [194, 195]], "missing_branches": [[112, 114], [123, 124], [135, 136], [135, 138], [180, 181], [187, 188], [194, 192]], "functions": {"fail_code": {"executed_lines": [41, 42, 43, 44, 45, 46, 47, 48], "summary": {"covered_lines": 8, "num_statements": 8, "percent_covered": 100.0, "percent_covered_display": "100", "missing_lines": 0, "excluded_lines": 0, "num_branches": 6, "num_partial_branches": 0, "covered_branches": 6, "missing_branches": 0}, "missing_lines": [], "excluded_lines": [], "executed_branches": [[41, 42], [41, 43], [44, 45], [44, 46], [48, -48], [48, -31], [48, 48]], "missing_branches": []}, "cmd_report": {"executed_lines": [61, 64, 69, 70, 75, 77, 78, 79, 82, 83, 84, 86, 87, 88, 89, 90, 93, 94, 95, 98, 103, 104, 105, 106, 107, 108, 109, 112, 113, 114, 115, 116, 117, 118, 119, 120, 121, 122, 123, 125, 126, 131, 132, 133, 134, 143, 144, 145, 146, 158, 159, 160, 161, 163, 164, 169, 175, 180, 182, 183, 185, 186, 187, 191, 192, 193, 194, 195, 198, 199, 200, 205], "summary": {"covered_lines": 72, "num_statements": 88, "percent_covered": 82.83582089552239, "percent_covered_display": "83", "missing_lines": 16, "excluded_lines": 0, "num_branches": 46, "num_partial_branches": 5, "covered_branches": 39, "missing_branches": 7}, "missing_lines": [124, 135, 136, 137, 138, 139, 140, 149, 150, 155, 156, 165, 166, 167, 181, 188], "excluded_lines": [], "executed_branches": [[69, 70], [69, 77], [83, 84], [83, 86], [87, 88], [87, 89], [89, 90], [89, 93], [105, 106], [105, 112], [106, -106], [106, 106], [106, 107], [108, -108], [108, 109], [112, 113], [114, 115], [114, 116], [116, 117], [116, 121], [121, 122], [121, 123], [123, 125], [125, 126], [125, 131], [126, -126], [126, 126], [126, 131], [143, 144], [143, 180], [180, 182], [182, 183], [182, 185], [185, 186], [185, 187], [187, 191], [191, -191], [191, 191], [191, 192], [192, 193], [192, 198], [194, 195]], "missing_branches": [[112, 114], [123, 124], [135, 136], [135, 138], [180, 181], [187, 188], [194, 192]]}, "": {"executed_lines": [2, 4, 6, 7, 8, 9, 10, 12, 13, 14, 15, 20, 21, 22, 23, 24, 26, 28, 31, 51], "summary": {"covered_lines": 19, "num_statements": 19, "percent_covered": 100.0, "percent_covered_display": "100", "missing_lines": 0, "excluded_lines": 0, "num_branches": 0, "num_partial_branches": 0, "covered_branches": 0, "missing_branches": 0}, "missing_lines": [], "excluded_lines": [], "executed_branches": [], "missing_branches": []}}, "classes": {"": {"executed_lines": [2, 4, 6, 7, 8, 9, 10, 12, 13, 14, 15, 20, 21, 22, 23, 24, 26, 28, 31, 41, 42, 43, 44, 45, 46, 47, 48, 51, 61, 64, 69, 70, 75, 77, 78, 79, 82, 83, 84, 86, 87, 88, 89, 90, 93, 94, 95, 98, 103, 104, 105, 106, 107, 108, 109, 112, 113, 114, 115, 116, 117, 118, 119, 120, 121, 122, 123, 125, 126, 131, 132, 133, 134, 143, 144, 145, 146, 158, 159, 160, 161, 163, 164, 169, 175, 180, 182, 183, 185, 186, 187, 191, 192, 193, 194, 195, 198, 199, 200, 205], "summary": {"covered_lines": 99, "num_statements": 115, "percent_covered": 86.22754491017965, "percent_covered_display": "86", "missing_lines": 16, "excluded_lines": 0, "num_branches": 52, "num_partial_branches": 5, "covered_branches": 45, "missing_branches": 7}, "missing_lines": [124, 135, 136, 137, 138, 139, 140, 149, 150, 155, 156, 165, 166, 167, 181, 188], "excluded_lines": [], "executed_branches": [[41, 42], [41, 43], [44, 45], [44, 46], [48, -48], [48, -31], [48, 48], [69, 70], [69, 77], [83, 84], [83, 86], [87, 88], [87, 89], [89, 90], [89, 93], [105, 106], [105, 112], [106, -106], [106, 106], [106, 107], [108, -108], [108, 109], [112, 113], [114, 115], [114, 116], [116, 117], [116, 121], [121, 122], [121, 123], [123, 125], [125, 126], [125, 131], [126, -126], [126, 126], [126, 131], [143, 144], [143, 180], [180, 182], [182, 183], [182, 185], [185, 186], [185, 187], [187, 191], [191, -191], [191, 191], [191, 192], [192, 193], [192, 198], [194, 195]], "missing_branches": [[112, 114], [123, 124], [135, 136], [135, 138], [180, 181], [187, 188], [194, 192]]}}}, "scripts/cli/scan_jobs/__init__.py": {"executed_lines": [1, 20, 21, 22, 23, 24, 25, 27], "summary": {"covered_lines": 7, "num_statements": 7, "percent_covered": 100.0, "percent_covered_display": "100", "missing_lines": 0, "excluded_lines": 0, "num_branches": 0, "num_partial_branches": 0, "covered_branches": 0, "missing_branches": 0}, "missing_lines": [], "excluded_lines": [], "executed_branches": [], "missing_branches": [], "functions": {"": {"executed_lines": [1, 20, 21, 22, 23, 24, 25, 27], "summary": {"covered_lines": 7, "num_statements": 7, "percent_covered": 100.0, "percent_covered_display": "100", "missing_lines": 0, "excluded_lines": 0, "num_branches": 0, "num_partial_branches": 0, "covered_branches": 0, "missing_branches": 0}, "missing_lines": [], "excluded_lines": [], "executed_branches": [], "missing_branches": []}}, "classes": {"": {"executed_lines": [1, 20, 21, 22, 23, 24, 25, 27], "summary": {"covered_lines": 7, "num_statements": 7, "percent_covered": 100.0, "percent_covered_display": "100", "missing_lines": 0, "excluded_lines": 0, "num_branches": 0, "num_partial_branches": 0, "covered_branches": 0, "missing_branches": 0}, "missing_lines": [], "excluded_lines": [], "executed_branches": [], "missing_branches": []}}}, "scripts/cli/scan_jobs/gitlab_scanner.py": {"executed_lines": [1, 10, 11, 12, 13, 14, 16, 19, 24, 47, 72, 73, 75, 76, 77, 78, 80, 81, 83, 85, 86, 87, 88, 89, 90, 92, 94, 95, 96, 97, 98, 102, 103, 104, 106, 108, 123, 137, 150, 153, 156, 157, 158, 160, 162, 163, 164, 165, 175, 176, 177, 180, 181, 183], "summary": {"covered_lines": 53, "num_statements": 65, "percent_covered": 77.89473684210526, "percent_covered_display": "78", "missing_lines": 12, "excluded_lines": 0, "num_branches": 30, "num_partial_branches": 7, "covered_branches": 21, "missing_branches": 9}, "missing_lines": [21, 26, 27, 43, 44, 99, 161, 167, 168, 169, 170, 172], "excluded_lines": [], "executed_branches": [[86, 87], [88, 89], [88, 90], [95, 96], [97, 98], [98, -98], [98, -92], [98, 98], [102, 103], [106, 108], [106, 123], [157, 158], [157, 180], [158, 160], [158, 165], [160, 162], [163, 157], [163, 164], [165, 175], [176, 177], [180, 181], [180, 183]], "missing_branches": [[86, 90], [95, 99], [97, 99], [102, 150], [160, 161], [165, 167], [167, 168], [167, 172], [176, 157]], "functions": {"_tool_exists": {"executed_lines": [], "summary": {"covered_lines": 0, "num_statements": 1, "percent_covered": 0.0, "percent_covered_display": "0", "missing_lines": 1, "excluded_lines": 0, "num_branches": 0, "num_partial_branches": 0, "covered_branches": 0, "missing_branches": 0}, "missing_lines": [21], "excluded_lines": [], "executed_branches": [], "missing_branches": []}, "_write_stub": {"executed_lines": [], "summary": {"covered_lines": 0, "num_statements": 4, "percent_covered": 0.0, "percent_covered_display": "0", "missing_lines": 4, "excluded_lines": 0, "num_branches": 0, "num_partial_branches": 0, "covered_branches": 0, "missing_branches": 0}, "missing_lines": [26, 27, 43, 44], "excluded_lines": [], "executed_branches": [], "missing_branches": []}, "scan_gitlab_repo": {"executed_lines": [72, 73, 75, 76, 77, 78, 80, 81, 83, 92, 102, 103, 104, 106, 108, 123, 137, 150, 153, 156, 157, 158, 160, 162, 163, 164, 165, 175, 176, 177, 180, 181, 183], "summary": {"covered_lines": 33, "num_statements": 39, "percent_covered": 79.66101694915254, "percent_covered_display": "80", "missing_lines": 6, "excluded_lines": 0, "num_branches": 20, "num_partial_branches": 4, "covered_branches": 14, "missing_branches": 6}, "missing_lines": [161, 167, 168, 169, 170, 172], "excluded_lines": [], "executed_branches": [[102, 103], [106, 108], [106, 123], [157, 158], [157, 180], [158, 160], [158, 165], [160, 162], [163, 157], [163, 164], [165, 175], [176, 177], [180, 181], [180, 183]], "missing_branches": [[102, 150], [160, 161], [165, 167], [167, 168], [167, 172], [176, 157]]}, "scan_gitlab_repo.get_tool_timeout": {"executed_lines": [85, 86, 87, 88, 89, 90], "summary": {"covered_lines": 6, "num_statements": 6, "percent_covered": 90.0, "percent_covered_display": "90", "missing_lines": 0, "excluded_lines": 0, "num_branches": 4, "num_partial_branches": 1, "covered_branches": 3, "missing_branches": 1}, "missing_lines": [], "excluded_lines": [], "executed_branches": [[86, 87], [88, 89], [88, 90]], "missing_branches": [[86, 90]]}, "scan_gitlab_repo.get_tool_flags": {"executed_lines": [94, 95, 96, 97, 98], "summary": {"covered_lines": 5, "num_statements": 6, "percent_covered": 75.0, "percent_covered_display": "75", "missing_lines": 1, "excluded_lines": 0, "num_branches": 6, "num_partial_branches": 2, "covered_branches": 4, "missing_branches": 2}, "missing_lines": [99], "excluded_lines": [], "executed_branches": [[95, 96], [97, 98], [98, -98], [98, -92], [98, 98]], "missing_branches": [[95, 99], [97, 99]]}, "": {"executed_lines": [1, 10, 11, 12, 13, 14, 16, 19, 24, 47], "summary": {"covered_lines": 9, "num_statements": 9, "percent_covered": 100.0, "percent_covered_display": "100", "missing_lines": 0, "excluded_lines": 0, "num_branches": 0, "num_partial_branches": 0, "covered_branches": 0, "missing_branches": 0}, "missing_lines": [], "excluded_lines": [], "executed_branches": [], "missing_branches": []}}, "classes": {"": {"executed_lines": [1, 10, 11, 12, 13, 14, 16, 19, 24, 47, 72, 73, 75, 76, 77, 78, 80, 81, 83, 85, 86, 87, 88, 89, 90, 92, 94, 95, 96, 97, 98, 102, 103, 104, 106, 108, 123, 137, 150, 153, 156, 157, 158, 160, 162, 163, 164, 165, 175, 176, 177, 180, 181, 183], "summary": {"covered_lines": 53, "num_statements": 65, "percent_covered": 77.89473684210526, "percent_covered_display": "78", "missing_lines": 12, "excluded_lines": 0, "num_branches": 30, "num_partial_branches": 7, "covered_branches": 21, "missing_branches": 9}, "missing_lines": [21, 26, 27, 43, 44, 99, 161, 167, 168, 169, 170, 172], "excluded_lines": [], "executed_branches": [[86, 87], [88, 89], [88, 90], [95, 96], [97, 98], [98, -98], [98, -92], [98, 98], [102, 103], [106, 108], [106, 123], [157, 158], [157, 180], [158, 160], [158, 165], [160, 162], [163, 157], [163, 164], [165, 175], [176, 177], [180, 181], [180, 183]], "missing_branches": [[86, 90], [95, 99], [97, 99], [102, 150], [160, 161], [165, 167], [167, 168], [167, 172], [176, 157]]}}}, "scripts/cli/scan_jobs/iac_scanner.py": {"executed_lines": [1, 11, 12, 13, 14, 16, 17, 22, 54, 55, 57, 58, 61, 62, 63, 65, 67, 68, 69, 70, 71, 72, 74, 76, 77, 78, 79, 80, 84, 85, 86, 87, 88, 96, 113, 114, 115, 116, 117, 128, 145, 148, 151, 152, 153, 155, 156, 157, 158, 159, 160, 170, 171, 172, 175, 176, 178], "summary": {"covered_lines": 56, "num_statements": 68, "percent_covered": 76.41509433962264, "percent_covered_display": "76", "missing_lines": 12, "excluded_lines": 0, "num_branches": 38, "num_partial_branches": 7, "covered_branches": 25, "missing_branches": 13}, "missing_lines": [81, 107, 108, 109, 139, 140, 141, 162, 163, 164, 165, 167], "excluded_lines": [], "executed_branches": [[68, 69], [70, 71], [70, 72], [77, 78], [79, 80], [80, -80], [80, -74], [80, 80], [84, 85], [84, 113], [86, 87], [113, 114], [113, 145], [115, 116], [152, 153], [152, 175], [153, 155], [153, 160], [155, 156], [155, 157], [158, 152], [158, 159], [160, 170], [171, 172], [175, 176], [175, 178]], "missing_branches": [[68, 72], [77, 81], [79, 81], [86, 107], [107, 108], [107, 113], [115, 139], [139, 140], [139, 145], [160, 162], [162, 163], [162, 167], [171, 152]], "functions": {"scan_iac_file": {"executed_lines": [54, 55, 57, 58, 61, 62, 63, 65, 74, 84, 85, 86, 87, 88, 96, 113, 114, 115, 116, 117, 128, 145, 148, 151, 152, 153, 155, 156, 157, 158, 159, 160, 170, 171, 172, 175, 176, 178], "summary": {"covered_lines": 38, "num_statements": 49, "percent_covered": 72.72727272727273, "percent_covered_display": "73", "missing_lines": 11, "excluded_lines": 0, "num_branches": 28, "num_partial_branches": 4, "covered_branches": 18, "missing_branches": 10}, "missing_lines": [107, 108, 109, 139, 140, 141, 162, 163, 164, 165, 167], "excluded_lines": [], "executed_branches": [[84, 85], [84, 113], [86, 87], [113, 114], [113, 145], [115, 116], [152, 153], [152, 175], [153, 155], [153, 160], [155, 156], [155, 157], [158, 152], [158, 159], [160, 170], [171, 172], [175, 176], [175, 178]], "missing_branches": [[86, 107], [107, 108], [107, 113], [115, 139], [139, 140], [139, 145], [160, 162], [162, 163], [162, 167], [171, 152]]}, "scan_iac_file.get_tool_timeout": {"executed_lines": [67, 68, 69, 70, 71, 72], "summary": {"covered_lines": 6, "num_statements": 6, "percent_covered": 90.0, "percent_covered_display": "90", "missing_lines": 0, "excluded_lines": 0, "num_branches": 4, "num_partial_branches": 1, "covered_branches": 3, "missing_branches": 1}, "missing_lines": [], "excluded_lines": [], "executed_branches": [[68, 69], [70, 71], [70, 72]], "missing_branches": [[68, 72]]}, "scan_iac_file.get_tool_flags": {"executed_lines": [76, 77, 78, 79, 80], "summary": {"covered_lines": 5, "num_statements": 6, "percent_covered": 75.0, "percent_covered_display": "75", "missing_lines": 1, "excluded_lines": 0, "num_branches": 6, "num_partial_branches": 2, "covered_branches": 4, "missing_branches": 2}, "missing_lines": [81], "excluded_lines": [], "executed_branches": [[77, 78], [79, 80], [80, -80], [80, -74], [80, 80]], "missing_branches": [[77, 81], [79, 81]]}, "": {"executed_lines": [1, 11, 12, 13, 14, 16, 17, 22], "summary": {"covered_lines": 7, "num_statements": 7, "percent_covered": 100.0, "percent_covered_display": "100", "missing_lines": 0, "excluded_lines": 0, "num_branches": 0, "num_partial_branches": 0, "covered_branches": 0, "missing_branches": 0}, "missing_lines": [], "excluded_lines": [], "executed_branches": [], "missing_branches": []}}, "classes": {"": {"executed_lines": [1, 11, 12, 13, 14, 16, 17, 22, 54, 55, 57, 58, 61, 62, 63, 65, 67, 68, 69, 70, 71, 72, 74, 76, 77, 78, 79, 80, 84, 85, 86, 87, 88, 96, 113, 114, 115, 116, 117, 128, 145, 148, 151, 152, 153, 155, 156, 157, 158, 159, 160, 170, 171, 172, 175, 176, 178], "summary": {"covered_lines": 56, "num_statements": 68, "percent_covered": 76.41509433962264, "percent_covered_display": "76", "missing_lines": 12, "excluded_lines": 0, "num_branches": 38, "num_partial_branches": 7, "covered_branches": 25, "missing_branches": 13}, "missing_lines": [81, 107, 108, 109, 139, 140, 141, 162, 163, 164, 165, 167], "excluded_lines": [], "executed_branches": [[68, 69], [70, 71], [70, 72], [77, 78], [79, 80], [80, -80], [80, -74], [80, 80], [84, 85], [84, 113], [86, 87], [113, 114], [113, 145], [115, 116], [152, 153], [152, 175], [153, 155], [153, 160], [155, 156], [155, 157], [158, 152], [158, 159], [160, 170], [171, 172], [175, 176], [175, 178]], "missing_branches": [[68, 72], [77, 81], [79, 81], [86, 107], [107, 108], [107, 113], [115, 139], [139, 140], [139, 145], [160, 162], [162, 163], [162, 167], [171, 152]]}}}, "scripts/cli/scan_jobs/image_scanner.py": {"executed_lines": [1, 11, 12, 13, 14, 15, 17, 18, 23, 53, 54, 56, 57, 60, 61, 62, 64, 66, 67, 68, 69, 70, 71, 73, 75, 76, 77, 78, 79, 83, 84, 85, 86, 87, 100, 117, 118, 119, 120, 121, 128, 145, 148, 151, 152, 153, 155, 156, 157, 158, 159, 160, 170, 171, 172, 175, 176, 178], "summary": {"covered_lines": 57, "num_statements": 69, "percent_covered": 75.70093457943925, "percent_covered_display": "76", "missing_lines": 12, "excluded_lines": 0, "num_branches": 38, "num_partial_branches": 8, "covered_branches": 24, "missing_branches": 14}, "missing_lines": [80, 111, 112, 113, 139, 140, 141, 162, 163, 164, 165, 167], "excluded_lines": [], "executed_branches": [[67, 68], [69, 70], [69, 71], [76, 77], [78, 79], [79, -79], [79, -73], [79, 79], [83, 84], [85, 86], [117, 118], [117, 145], [119, 120], [152, 153], [152, 175], [153, 155], [153, 160], [155, 156], [155, 157], [158, 152], [158, 159], [160, 170], [171, 172], [175, 176], [175, 178]], "missing_branches": [[67, 71], [76, 80], [78, 80], [83, 117], [85, 111], [111, 112], [111, 117], [119, 139], [139, 140], [139, 145], [160, 162], [162, 163], [162, 167], [171, 152]], "functions": {"scan_image": {"executed_lines": [53, 54, 56, 57, 60, 61, 62, 64, 73, 83, 84, 85, 86, 87, 100, 117, 118, 119, 120, 121, 128, 145, 148, 151, 152, 153, 155, 156, 157, 158, 159, 160, 170, 171, 172, 175, 176, 178], "summary": {"covered_lines": 38, "num_statements": 49, "percent_covered": 71.42857142857143, "percent_covered_display": "71", "missing_lines": 11, "excluded_lines": 0, "num_branches": 28, "num_partial_branches": 5, "covered_branches": 17, "missing_branches": 11}, "missing_lines": [111, 112, 113, 139, 140, 141, 162, 163, 164, 165, 167], "excluded_lines": [], "executed_branches": [[83, 84], [85, 86], [117, 118], [117, 145], [119, 120], [152, 153], [152, 175], [153, 155], [153, 160], [155, 156], [155, 157], [158, 152], [158, 159], [160, 170], [171, 172], [175, 176], [175, 178]], "missing_branches": [[83, 117], [85, 111], [111, 112], [111, 117], [119, 139], [139, 140], [139, 145], [160, 162], [162, 163], [162, 167], [171, 152]]}, "scan_image.get_tool_timeout": {"executed_lines": [66, 67, 68, 69, 70, 71], "summary": {"covered_lines": 6, "num_statements": 6, "percent_covered": 90.0, "percent_covered_display": "90", "missing_lines": 0, "excluded_lines": 0, "num_branches": 4, "num_partial_branches": 1, "covered_branches": 3, "missing_branches": 1}, "missing_lines": [], "excluded_lines": [], "executed_branches": [[67, 68], [69, 70], [69, 71]], "missing_branches": [[67, 71]]}, "scan_image.get_tool_flags": {"executed_lines": [75, 76, 77, 78, 79], "summary": {"covered_lines": 5, "num_statements": 6, "percent_covered": 75.0, "percent_covered_display": "75", "missing_lines": 1, "excluded_lines": 0, "num_branches": 6, "num_partial_branches": 2, "covered_branches": 4, "missing_branches": 2}, "missing_lines": [80], "excluded_lines": [], "executed_branches": [[76, 77], [78, 79], [79, -79], [79, -73], [79, 79]], "missing_branches": [[76, 80], [78, 80]]}, "": {"executed_lines": [1, 11, 12, 13, 14, 15, 17, 18, 23], "summary": {"covered_lines": 8, "num_statements": 8, "percent_covered": 100.0, "percent_covered_display": "100", "missing_lines": 0, "excluded_lines": 0, "num_branches": 0, "num_partial_branches": 0, "covered_branches": 0, "missing_branches": 0}, "missing_lines": [], "excluded_lines": [], "executed_branches": [], "missing_branches": []}}, "classes": {"": {"executed_lines": [1, 11, 12, 13, 14, 15, 17, 18, 23, 53, 54, 56, 57, 60, 61, 62, 64, 66, 67, 68, 69, 70, 71, 73, 75, 76, 77, 78, 79, 83, 84, 85, 86, 87, 100, 117, 118, 119, 120, 121, 128, 145, 148, 151, 152, 153, 155, 156, 157, 158, 159, 160, 170, 171, 172, 175, 176, 178], "summary": {"covered_lines": 57, "num_statements": 69, "percent_covered": 75.70093457943925, "percent_covered_display": "76", "missing_lines": 12, "excluded_lines": 0, "num_branches": 38, "num_partial_branches": 8, "covered_branches": 24, "missing_branches": 14}, "missing_lines": [80, 111, 112, 113, 139, 140, 141, 162, 163, 164, 165, 167], "excluded_lines": [], "executed_branches": [[67, 68], [69, 70], [69, 71], [76, 77], [78, 79], [79, -79], [79, -73], [79, 79], [83, 84], [85, 86], [117, 118], [117, 145], [119, 120], [152, 153], [152, 175], [153, 155], [153, 160], [155, 156], [155, 157], [158, 152], [158, 159], [160, 170], [171, 172], [175, 176], [175, 178]], "missing_branches": [[67, 71], [76, 80], [78, 80], [83, 117], [85, 111], [111, 112], [111, 117], [119, 139], [139, 140], [139, 145], [160, 162], [162, 163], [162, 167], [171, 152]]}}}, "scripts/cli/scan_jobs/k8s_scanner.py": {"executed_lines": [1, 10, 11, 12, 13, 15, 16, 21, 51, 52, 54, 55, 57, 58, 59, 61, 62, 63, 65, 67, 68, 69, 70, 71, 72, 74, 76, 77, 78, 79, 80, 84, 85, 86, 87, 89, 99, 100, 103, 104, 105, 106, 109, 111, 128, 131, 134, 135, 136, 138, 140, 141, 142, 143, 153, 154, 155, 158, 159, 162, 163, 164], "summary": {"covered_lines": 61, "num_statements": 71, "percent_covered": 79.81651376146789, "percent_covered_display": "80", "missing_lines": 10, "excluded_lines": 0, "num_branches": 38, "num_partial_branches": 8, "covered_branches": 26, "missing_branches": 12}, "missing_lines": [81, 122, 123, 124, 139, 145, 146, 147, 148, 150], "excluded_lines": [], "executed_branches": [[68, 69], [70, 71], [70, 72], [77, 78], [79, 80], [80, -80], [80, -74], [80, 80], [84, 85], [86, 87], [99, 100], [99, 103], [103, 104], [103, 105], [105, 106], [105, 109], [135, 136], [135, 158], [136, 138], [136, 143], [138, 140], [141, 135], [141, 142], [143, 153], [154, 155], [158, 159], [158, 162]], "missing_branches": [[68, 72], [77, 81], [79, 81], [84, 128], [86, 122], [122, 123], [122, 128], [138, 139], [143, 145], [145, 146], [145, 150], [154, 135]], "functions": {"scan_k8s_resource": {"executed_lines": [51, 52, 54, 55, 57, 58, 59, 61, 62, 63, 65, 74, 84, 85, 86, 87, 89, 99, 100, 103, 104, 105, 106, 109, 111, 128, 131, 134, 135, 136, 138, 140, 141, 142, 143, 153, 154, 155, 158, 159, 162, 163, 164], "summary": {"covered_lines": 43, "num_statements": 52, "percent_covered": 77.5, "percent_covered_display": "78", "missing_lines": 9, "excluded_lines": 0, "num_branches": 28, "num_partial_branches": 5, "covered_branches": 19, "missing_branches": 9}, "missing_lines": [122, 123, 124, 139, 145, 146, 147, 148, 150], "excluded_lines": [], "executed_branches": [[84, 85], [86, 87], [99, 100], [99, 103], [103, 104], [103, 105], [105, 106], [105, 109], [135, 136], [135, 158], [136, 138], [136, 143], [138, 140], [141, 135], [141, 142], [143, 153], [154, 155], [158, 159], [158, 162]], "missing_branches": [[84, 128], [86, 122], [122, 123], [122, 128], [138, 139], [143, 145], [145, 146], [145, 150], [154, 135]]}, "scan_k8s_resource.get_tool_timeout": {"executed_lines": [67, 68, 69, 70, 71, 72], "summary": {"covered_lines": 6, "num_statements": 6, "percent_covered": 90.0, "percent_covered_display": "90", "missing_lines": 0, "excluded_lines": 0, "num_branches": 4, "num_partial_branches": 1, "covered_branches": 3, "missing_branches": 1}, "missing_lines": [], "excluded_lines": [], "executed_branches": [[68, 69], [70, 71], [70, 72]], "missing_branches": [[68, 72]]}, "scan_k8s_resource.get_tool_flags": {"executed_lines": [76, 77, 78, 79, 80], "summary": {"covered_lines": 5, "num_statements": 6, "percent_covered": 75.0, "percent_covered_display": "75", "missing_lines": 1, "excluded_lines": 0, "num_branches": 6, "num_partial_branches": 2, "covered_branches": 4, "missing_branches": 2}, "missing_lines": [81], "excluded_lines": [], "executed_branches": [[77, 78], [79, 80], [80, -80], [80, -74], [80, 80]], "missing_branches": [[77, 81], [79, 81]]}, "": {"executed_lines": [1, 10, 11, 12, 13, 15, 16, 21], "summary": {"covered_lines": 7, "num_statements": 7, "percent_covered": 100.0, "percent_covered_display": "100", "missing_lines": 0, "excluded_lines": 0, "num_branches": 0, "num_partial_branches": 0, "covered_branches": 0, "missing_branches": 0}, "missing_lines": [], "excluded_lines": [], "executed_branches": [], "missing_branches": []}}, "classes": {"": {"executed_lines": [1, 10, 11, 12, 13, 15, 16, 21, 51, 52, 54, 55, 57, 58, 59, 61, 62, 63, 65, 67, 68, 69, 70, 71, 72, 74, 76, 77, 78, 79, 80, 84, 85, 86, 87, 89, 99, 100, 103, 104, 105, 106, 109, 111, 128, 131, 134, 135, 136, 138, 140, 141, 142, 143, 153, 154, 155, 158, 159, 162, 163, 164], "summary": {"covered_lines": 61, "num_statements": 71, "percent_covered": 79.81651376146789, "percent_covered_display": "80", "missing_lines": 10, "excluded_lines": 0, "num_branches": 38, "num_partial_branches": 8, "covered_branches": 26, "missing_branches": 12}, "missing_lines": [81, 122, 123, 124, 139, 145, 146, 147, 148, 150], "excluded_lines": [], "executed_branches": [[68, 69], [70, 71], [70, 72], [77, 78], [79, 80], [80, -80], [80, -74], [80, 80], [84, 85], [86, 87], [99, 100], [99, 103], [103, 104], [103, 105], [105, 106], [105, 109], [135, 136], [135, 158], [136, 138], [136, 143], [138, 140], [141, 135], [141, 142], [143, 153], [154, 155], [158, 159], [158, 162]], "missing_branches": [[68, 72], [77, 81], [79, 81], [84, 128], [86, 122], [122, 123], [122, 128], [138, 139], [143, 145], [145, 146], [145, 150], [154, 135]]}}}, "scripts/cli/scan_jobs/repository_scanner.py": {"executed_lines": [1, 20, 21, 22, 24, 25, 28, 57, 58, 61, 62, 64, 65, 66, 68, 70, 71, 72, 73, 74, 75, 77, 79, 80, 81, 82, 83, 87, 88, 89, 90, 91, 99, 110, 111, 112, 115, 116, 117, 118, 119, 128, 139, 140, 141, 145, 146, 147, 148, 149, 162, 173, 174, 175, 179, 180, 181, 182, 183, 190, 201, 202, 203, 207, 208, 209, 210, 211, 219, 230, 231, 232, 236, 237, 238, 239, 242, 243, 245, 246, 253, 264, 265, 266, 269, 270, 271, 272, 273, 283, 294, 295, 296, 303, 306, 309, 310, 311, 314, 315, 316, 317, 318, 319, 329, 330, 331, 334, 335, 337], "summary": {"covered_lines": 109, "num_statements": 115, "percent_covered": 88.64864864864865, "percent_covered_display": "89", "missing_lines": 6, "excluded_lines": 0, "num_branches": 70, "num_partial_branches": 13, "covered_branches": 55, "missing_branches": 15}, "missing_lines": [84, 321, 322, 323, 324, 326], "excluded_lines": [], "executed_branches": [[71, 72], [73, 74], [73, 75], [80, 81], [82, 83], [83, -83], [83, -77], [83, 83], [87, 88], [87, 115], [89, 90], [89, 110], [110, 111], [115, 116], [115, 145], [117, 118], [117, 139], [139, 140], [145, 146], [145, 179], [147, 148], [147, 173], [173, 174], [179, 180], [179, 207], [181, 182], [181, 201], [201, 202], [207, 208], [207, 236], [209, 210], [209, 230], [230, 231], [236, 237], [236, 269], [238, 239], [238, 264], [243, 245], [264, 265], [269, 270], [269, 303], [271, 272], [271, 294], [294, 295], [310, 311], [310, 334], [311, 314], [311, 319], [314, 315], [314, 316], [317, 310], [317, 318], [319, 329], [330, 331], [334, 335], [334, 337]], "missing_branches": [[71, 75], [80, 84], [82, 84], [110, 115], [139, 145], [173, 179], [201, 207], [230, 236], [243, 269], [264, 269], [294, 303], [319, 321], [321, 322], [321, 326], [330, 310]], "functions": {"scan_repository": {"executed_lines": [57, 58, 61, 62, 64, 65, 66, 68, 77, 87, 88, 89, 90, 91, 99, 110, 111, 112, 115, 116, 117, 118, 119, 128, 139, 140, 141, 145, 146, 147, 148, 149, 162, 173, 174, 175, 179, 180, 181, 182, 183, 190, 201, 202, 203, 207, 208, 209, 210, 211, 219, 230, 231, 232, 236, 237, 238, 239, 242, 243, 245, 246, 253, 264, 265, 266, 269, 270, 271, 272, 273, 283, 294, 295, 296, 303, 306, 309, 310, 311, 314, 315, 316, 317, 318, 319, 329, 330, 331, 334, 335, 337], "summary": {"covered_lines": 92, "num_statements": 97, "percent_covered": 89.171974522293, "percent_covered_display": "89", "missing_lines": 5, "excluded_lines": 0, "num_branches": 60, "num_partial_branches": 10, "covered_branches": 48, "missing_branches": 12}, "missing_lines": [321, 322, 323, 324, 326], "excluded_lines": [], "executed_branches": [[87, 88], [87, 115], [89, 90], [89, 110], [110, 111], [115, 116], [115, 145], [117, 118], [117, 139], [139, 140], [145, 146], [145, 179], [147, 148], [147, 173], [173, 174], [179, 180], [179, 207], [181, 182], [181, 201], [201, 202], [207, 208], [207, 236], [209, 210], [209, 230], [230, 231], [236, 237], [236, 269], [238, 239], [238, 264], [243, 245], [264, 265], [269, 270], [269, 303], [271, 272], [271, 294], [294, 295], [310, 311], [310, 334], [311, 314], [311, 319], [314, 315], [314, 316], [317, 310], [317, 318], [319, 329], [330, 331], [334, 335], [334, 337]], "missing_branches": [[110, 115], [139, 145], [173, 179], [201, 207], [230, 236], [243, 269], [264, 269], [294, 303], [319, 321], [321, 322], [321, 326], [330, 310]]}, "scan_repository.get_tool_timeout": {"executed_lines": [70, 71, 72, 73, 74, 75], "summary": {"covered_lines": 6, "num_statements": 6, "percent_covered": 90.0, "percent_covered_display": "90", "missing_lines": 0, "excluded_lines": 0, "num_branches": 4, "num_partial_branches": 1, "covered_branches": 3, "missing_branches": 1}, "missing_lines": [], "excluded_lines": [], "executed_branches": [[71, 72], [73, 74], [73, 75]], "missing_branches": [[71, 75]]}, "scan_repository.get_tool_flags": {"executed_lines": [79, 80, 81, 82, 83], "summary": {"covered_lines": 5, "num_statements": 6, "percent_covered": 75.0, "percent_covered_display": "75", "missing_lines": 1, "excluded_lines": 0, "num_branches": 6, "num_partial_branches": 2, "covered_branches": 4, "missing_branches": 2}, "missing_lines": [84], "excluded_lines": [], "executed_branches": [[80, 81], [82, 83], [83, -83], [83, -77], [83, 83]], "missing_branches": [[80, 84], [82, 84]]}, "": {"executed_lines": [1, 20, 21, 22, 24, 25, 28], "summary": {"covered_lines": 6, "num_statements": 6, "percent_covered": 100.0, "percent_covered_display": "100", "missing_lines": 0, "excluded_lines": 0, "num_branches": 0, "num_partial_branches": 0, "covered_branches": 0, "missing_branches": 0}, "missing_lines": [], "excluded_lines": [], "executed_branches": [], "missing_branches": []}}, "classes": {"": {"executed_lines": [1, 20, 21, 22, 24, 25, 28, 57, 58, 61, 62, 64, 65, 66, 68, 70, 71, 72, 73, 74, 75, 77, 79, 80, 81, 82, 83, 87, 88, 89, 90, 91, 99, 110, 111, 112, 115, 116, 117, 118, 119, 128, 139, 140, 141, 145, 146, 147, 148, 149, 162, 173, 174, 175, 179, 180, 181, 182, 183, 190, 201, 202, 203, 207, 208, 209, 210, 211, 219, 230, 231, 232, 236, 237, 238, 239, 242, 243, 245, 246, 253, 264, 265, 266, 269, 270, 271, 272, 273, 283, 294, 295, 296, 303, 306, 309, 310, 311, 314, 315, 316, 317, 318, 319, 329, 330, 331, 334, 335, 337], "summary": {"covered_lines": 109, "num_statements": 115, "percent_covered": 88.64864864864865, "percent_covered_display": "89", "missing_lines": 6, "excluded_lines": 0, "num_branches": 70, "num_partial_branches": 13, "covered_branches": 55, "missing_branches": 15}, "missing_lines": [84, 321, 322, 323, 324, 326], "excluded_lines": [], "executed_branches": [[71, 72], [73, 74], [73, 75], [80, 81], [82, 83], [83, -83], [83, -77], [83, 83], [87, 88], [87, 115], [89, 90], [89, 110], [110, 111], [115, 116], [115, 145], [117, 118], [117, 139], [139, 140], [145, 146], [145, 179], [147, 148], [147, 173], [173, 174], [179, 180], [179, 207], [181, 182], [181, 201], [201, 202], [207, 208], [207, 236], [209, 210], [209, 230], [230, 231], [236, 237], [236, 269], [238, 239], [238, 264], [243, 245], [264, 265], [269, 270], [269, 303], [271, 272], [271, 294], [294, 295], [310, 311], [310, 334], [311, 314], [311, 319], [314, 315], [314, 316], [317, 310], [317, 318], [319, 329], [330, 331], [334, 335], [334, 337]], "missing_branches": [[71, 75], [80, 84], [82, 84], [110, 115], [139, 145], [173, 179], [201, 207], [230, 236], [243, 269], [264, 269], [294, 303], [319, 321], [321, 322], [321, 326], [330, 310]]}}}, "scripts/cli/scan_jobs/url_scanner.py": {"executed_lines": [1, 10, 11, 12, 13, 14, 15, 17, 18, 23, 53, 54, 56, 57, 60, 61, 63, 66, 68, 69, 71, 73, 74, 75, 76, 77, 80, 82, 83, 84, 85, 86, 90, 91, 92, 93, 96, 97, 99, 109, 120, 126, 129, 132, 133, 134, 136, 138, 139, 140, 141, 151, 152, 153, 156, 157, 159], "summary": {"covered_lines": 56, "num_statements": 66, "percent_covered": 79.0, "percent_covered_display": "79", "missing_lines": 10, "excluded_lines": 0, "num_branches": 34, "num_partial_branches": 9, "covered_branches": 23, "missing_branches": 11}, "missing_lines": [78, 87, 121, 122, 137, 143, 144, 145, 146, 148], "excluded_lines": [], "executed_branches": [[61, 63], [61, 66], [74, 75], [76, 77], [83, 84], [85, 86], [86, -86], [86, -80], [86, 86], [90, 91], [92, 93], [92, 120], [120, 126], [133, 134], [133, 156], [134, 136], [134, 141], [136, 138], [139, 133], [139, 140], [141, 151], [152, 153], [156, 157], [156, 159]], "missing_branches": [[74, 78], [76, 78], [83, 87], [85, 87], [90, 126], [120, 121], [136, 137], [141, 143], [143, 144], [143, 148], [152, 133]], "functions": {"scan_url": {"executed_lines": [53, 54, 56, 57, 60, 61, 63, 66, 68, 69, 71, 80, 90, 91, 92, 93, 96, 97, 99, 109, 120, 126, 129, 132, 133, 134, 136, 138, 139, 140, 141, 151, 152, 153, 156, 157, 159], "summary": {"covered_lines": 37, "num_statements": 45, "percent_covered": 78.26086956521739, "percent_covered_display": "78", "missing_lines": 8, "excluded_lines": 0, "num_branches": 24, "num_partial_branches": 5, "covered_branches": 17, "missing_branches": 7}, "missing_lines": [121, 122, 137, 143, 144, 145, 146, 148], "excluded_lines": [], "executed_branches": [[61, 63], [61, 66], [90, 91], [92, 93], [92, 120], [120, 126], [133, 134], [133, 156], [134, 136], [134, 141], [136, 138], [139, 133], [139, 140], [141, 151], [152, 153], [156, 157], [156, 159]], "missing_branches": [[90, 126], [120, 121], [136, 137], [141, 143], [143, 144], [143, 148], [152, 133]]}, "scan_url.get_tool_timeout": {"executed_lines": [73, 74, 75, 76, 77], "summary": {"covered_lines": 5, "num_statements": 6, "percent_covered": 70.0, "percent_covered_display": "70", "missing_lines": 1, "excluded_lines": 0, "num_branches": 4, "num_partial_branches": 2, "covered_branches": 2, "missing_branches": 2}, "missing_lines": [78], "excluded_lines": [], "executed_branches": [[74, 75], [76, 77]], "missing_branches": [[74, 78], [76, 78]]}, "scan_url.get_tool_flags": {"executed_lines": [82, 83, 84, 85, 86], "summary": {"covered_lines": 5, "num_statements": 6, "percent_covered": 75.0, "percent_covered_display": "75", "missing_lines": 1, "excluded_lines": 0, "num_branches": 6, "num_partial_branches": 2, "covered_branches": 4, "missing_branches": 2}, "missing_lines": [87], "excluded_lines": [], "executed_branches": [[83, 84], [85, 86], [86, -86], [86, -80], [86, 86]], "missing_branches": [[83, 87], [85, 87]]}, "": {"executed_lines": [1, 10, 11, 12, 13, 14, 15, 17, 18, 23], "summary": {"covered_lines": 9, "num_statements": 9, "percent_covered": 100.0, "percent_covered_display": "100", "missing_lines": 0, "excluded_lines": 0, "num_branches": 0, "num_partial_branches": 0, "covered_branches": 0, "missing_branches": 0}, "missing_lines": [], "excluded_lines": [], "executed_branches": [], "missing_branches": []}}, "classes": {"": {"executed_lines": [1, 10, 11, 12, 13, 14, 15, 17, 18, 23, 53, 54, 56, 57, 60, 61, 63, 66, 68, 69, 71, 73, 74, 75, 76, 77, 80, 82, 83, 84, 85, 86, 90, 91, 92, 93, 96, 97, 99, 109, 120, 126, 129, 132, 133, 134, 136, 138, 139, 140, 141, 151, 152, 153, 156, 157, 159], "summary": {"covered_lines": 56, "num_statements": 66, "percent_covered": 79.0, "percent_covered_display": "79", "missing_lines": 10, "excluded_lines": 0, "num_branches": 34, "num_partial_branches": 9, "covered_branches": 23, "missing_branches": 11}, "missing_lines": [78, 87, 121, 122, 137, 143, 144, 145, 146, 148], "excluded_lines": [], "executed_branches": [[61, 63], [61, 66], [74, 75], [76, 77], [83, 84], [85, 86], [86, -86], [86, -80], [86, 86], [90, 91], [92, 93], [92, 120], [120, 126], [133, 134], [133, 156], [134, 136], [134, 141], [136, 138], [139, 133], [139, 140], [141, 151], [152, 153], [156, 157], [156, 159]], "missing_branches": [[74, 78], [76, 78], [83, 87], [85, 87], [90, 126], [120, 121], [136, 137], [141, 143], [143, 144], [143, 148], [152, 133]]}}}, "scripts/cli/scan_orchestrator.py": {"executed_lines": [1, 10, 11, 12, 13, 16, 17, 18, 30, 31, 32, 33, 34, 35, 37, 39, 48, 50, 52, 54, 63, 65, 76, 77, 78, 92, 93, 94, 95, 96, 97, 98, 99, 101, 103, 104, 105, 106, 107, 108, 109, 110, 113, 114, 131, 138, 140, 150, 153, 156, 159, 162, 165, 168, 171, 173, 175, 184, 187, 188, 189, 190, 193, 194, 195, 197, 200, 201, 202, 203, 204, 205, 206, 207, 208, 209, 211, 213, 221, 224, 225, 228, 229, 230, 231, 232, 233, 234, 235, 237, 239, 248, 251, 252, 253, 254, 257, 258, 259, 260, 263, 264, 265, 266, 268, 270, 278, 281, 282, 285, 294, 296, 307, 310, 311, 312, 313, 314, 316, 326, 339, 341, 353, 355, 356, 357, 358, 360, 366, 367, 379, 381, 392, 393, 400, 401, 407, 409, 424, 427, 430, 431, 433, 434, 436, 439, 442, 445, 455, 457, 469, 471, 472, 474, 480, 482, 492], "summary": {"covered_lines": 153, "num_statements": 171, "percent_covered": 85.13011152416357, "percent_covered_display": "85", "missing_lines": 18, "excluded_lines": 0, "num_branches": 98, "num_partial_branches": 16, "covered_branches": 76, "missing_branches": 22}, "missing_lines": [286, 287, 288, 289, 290, 291, 292, 329, 330, 361, 373, 437, 440, 443, 475, 476, 477, 478], "excluded_lines": [], "executed_branches": [[16, 17], [16, 18], [65, -65], [65, -63], [65, 65], [76, 77], [76, 78], [103, 104], [103, 105], [105, 106], [105, 107], [107, 108], [107, 109], [109, -101], [109, 110], [187, 188], [187, 193], [189, 190], [193, 194], [193, 200], [195, 197], [197, -197], [197, 197], [197, 211], [200, 201], [200, 211], [202, 203], [203, 204], [203, 211], [205, 203], [205, 206], [205, 207], [208, 209], [224, 225], [224, 228], [228, 229], [228, 237], [230, 231], [231, 232], [231, 237], [233, 231], [233, 234], [233, 235], [251, 252], [251, 257], [253, 254], [257, 258], [257, 263], [259, 260], [263, 264], [263, 268], [265, 266], [281, 282], [281, 285], [285, 294], [310, 311], [310, 326], [326, 339], [355, 356], [355, 379], [360, 366], [366, 367], [392, 393], [392, 400], [393, -393], [393, 393], [393, 400], [400, 401], [400, 407], [401, -401], [401, 401], [401, 407], [430, 431], [430, 433], [433, 434], [433, 436], [436, 439], [439, 442], [442, -409], [471, 472], [471, 474], [474, 480]], "missing_branches": [[189, 211], [195, 211], [202, 211], [208, 203], [230, 237], [253, 257], [259, 263], [265, 268], [285, 286], [287, 288], [287, 294], [288, 289], [288, 294], [290, 291], [290, 292], [326, 329], [360, 361], [366, 373], [436, 437], [439, 440], [442, 443], [474, 475]], "functions": {"ScanTargets.total_count": {"executed_lines": [39], "summary": {"covered_lines": 1, "num_statements": 1, "percent_covered": 100.0, "percent_covered_display": "100", "missing_lines": 0, "excluded_lines": 0, "num_branches": 0, "num_partial_branches": 0, "covered_branches": 0, "missing_branches": 0}, "missing_lines": [], "excluded_lines": [], "executed_branches": [], "missing_branches": []}, "ScanTargets.is_empty": {"executed_lines": [50], "summary": {"covered_lines": 1, "num_statements": 1, "percent_covered": 100.0, "percent_covered_display": "100", "missing_lines": 0, "excluded_lines": 0, "num_branches": 0, "num_partial_branches": 0, "covered_branches": 0, "missing_branches": 0}, "missing_lines": [], "excluded_lines": [], "executed_branches": [], "missing_branches": []}, "ScanTargets.summary": {"executed_lines": [54], "summary": {"covered_lines": 1, "num_statements": 1, "percent_covered": 100.0, "percent_covered_display": "100", "missing_lines": 0, "excluded_lines": 0, "num_branches": 0, "num_partial_branches": 0, "covered_branches": 0, "missing_branches": 0}, "missing_lines": [], "excluded_lines": [], "executed_branches": [], "missing_branches": []}, "ScanTargets.to_dict": {"executed_lines": [65], "summary": {"covered_lines": 1, "num_statements": 1, "percent_covered": 100.0, "percent_covered_display": "100", "missing_lines": 0, "excluded_lines": 0, "num_branches": 2, "num_partial_branches": 0, "covered_branches": 2, "missing_branches": 0}, "missing_lines": [], "excluded_lines": [], "executed_branches": [[65, -65], [65, -63], [65, 65]], "missing_branches": []}, "ScanConfig.__post_init__": {"executed_lines": [103, 104, 105, 106, 107, 108, 109, 110], "summary": {"covered_lines": 8, "num_statements": 8, "percent_covered": 100.0, "percent_covered_display": "100", "missing_lines": 0, "excluded_lines": 0, "num_branches": 8, "num_partial_branches": 0, "covered_branches": 8, "missing_branches": 0}, "missing_lines": [], "excluded_lines": [], "executed_branches": [[103, 104], [103, 105], [105, 106], [105, 107], [107, 108], [107, 109], [109, -101], [109, 110]], "missing_branches": []}, "ScanOrchestrator.__init__": {"executed_lines": [138], "summary": {"covered_lines": 1, "num_statements": 1, "percent_covered": 100.0, "percent_covered_display": "100", "missing_lines": 0, "excluded_lines": 0, "num_branches": 0, "num_partial_branches": 0, "covered_branches": 0, "missing_branches": 0}, "missing_lines": [], "excluded_lines": [], "executed_branches": [], "missing_branches": []}, "ScanOrchestrator.discover_targets": {"executed_lines": [150, 153, 156, 159, 162, 165, 168, 171, 173], "summary": {"covered_lines": 9, "num_statements": 9, "percent_covered": 100.0, "percent_covered_display": "100", "missing_lines": 0, "excluded_lines": 0, "num_branches": 0, "num_partial_branches": 0, "covered_branches": 0, "missing_branches": 0}, "missing_lines": [], "excluded_lines": [], "executed_branches": [], "missing_branches": []}, "ScanOrchestrator._discover_repos": {"executed_lines": [184, 187, 188, 189, 190, 193, 194, 195, 197, 200, 201, 202, 203, 204, 205, 206, 207, 208, 209, 211], "summary": {"covered_lines": 20, "num_statements": 20, "percent_covered": 90.0, "percent_covered_display": "90", "missing_lines": 0, "excluded_lines": 0, "num_branches": 20, "num_partial_branches": 4, "covered_branches": 16, "missing_branches": 4}, "missing_lines": [], "excluded_lines": [], "executed_branches": [[187, 188], [187, 193], [189, 190], [193, 194], [193, 200], [195, 197], [197, -197], [197, 197], [197, 211], [200, 201], [200, 211], [202, 203], [203, 204], [203, 211], [205, 203], [205, 206], [205, 207], [208, 209]], "missing_branches": [[189, 211], [195, 211], [202, 211], [208, 203]]}, "ScanOrchestrator._discover_images": {"executed_lines": [221, 224, 225, 228, 229, 230, 231, 232, 233, 234, 235, 237], "summary": {"covered_lines": 12, "num_statements": 12, "percent_covered": 95.45454545454545, "percent_covered_display": "95", "missing_lines": 0, "excluded_lines": 0, "num_branches": 10, "num_partial_branches": 1, "covered_branches": 9, "missing_branches": 1}, "missing_lines": [], "excluded_lines": [], "executed_branches": [[224, 225], [224, 228], [228, 229], [228, 237], [230, 231], [231, 232], [231, 237], [233, 231], [233, 234], [233, 235]], "missing_branches": [[230, 237]]}, "ScanOrchestrator._discover_iac_files": {"executed_lines": [248, 251, 252, 253, 254, 257, 258, 259, 260, 263, 264, 265, 266, 268], "summary": {"covered_lines": 14, "num_statements": 14, "percent_covered": 88.46153846153847, "percent_covered_display": "88", "missing_lines": 0, "excluded_lines": 0, "num_branches": 12, "num_partial_branches": 3, "covered_branches": 9, "missing_branches": 3}, "missing_lines": [], "excluded_lines": [], "executed_branches": [[251, 252], [251, 257], [253, 254], [257, 258], [257, 263], [259, 260], [263, 264], [263, 268], [265, 266]], "missing_branches": [[253, 257], [259, 263], [265, 268]]}, "ScanOrchestrator._discover_urls": {"executed_lines": [278, 281, 282, 285, 294], "summary": {"covered_lines": 5, "num_statements": 12, "percent_covered": 36.36363636363637, "percent_covered_display": "36", "missing_lines": 7, "excluded_lines": 0, "num_branches": 10, "num_partial_branches": 1, "covered_branches": 3, "missing_branches": 7}, "missing_lines": [286, 287, 288, 289, 290, 291, 292], "excluded_lines": [], "executed_branches": [[281, 282], [281, 285], [285, 294]], "missing_branches": [[285, 286], [287, 288], [287, 294], [288, 289], [288, 294], [290, 291], [290, 292]]}, "ScanOrchestrator._discover_gitlab_repos": {"executed_lines": [307, 310, 311, 312, 313, 314, 316, 326, 339], "summary": {"covered_lines": 9, "num_statements": 11, "percent_covered": 80.0, "percent_covered_display": "80", "missing_lines": 2, "excluded_lines": 0, "num_branches": 4, "num_partial_branches": 1, "covered_branches": 3, "missing_branches": 1}, "missing_lines": [329, 330], "excluded_lines": [], "executed_branches": [[310, 311], [310, 326], [326, 339]], "missing_branches": [[326, 329]]}, "ScanOrchestrator._discover_k8s_resources": {"executed_lines": [353, 355, 356, 357, 358, 360, 366, 367, 379], "summary": {"covered_lines": 9, "num_statements": 11, "percent_covered": 76.47058823529412, "percent_covered_display": "76", "missing_lines": 2, "excluded_lines": 0, "num_branches": 6, "num_partial_branches": 2, "covered_branches": 4, "missing_branches": 2}, "missing_lines": [361, 373], "excluded_lines": [], "executed_branches": [[355, 356], [355, 379], [360, 366], [366, 367]], "missing_branches": [[360, 361], [366, 373]]}, "ScanOrchestrator._filter_repos": {"executed_lines": [392, 393, 400, 401, 407], "summary": {"covered_lines": 5, "num_statements": 5, "percent_covered": 100.0, "percent_covered_display": "100", "missing_lines": 0, "excluded_lines": 0, "num_branches": 8, "num_partial_branches": 0, "covered_branches": 8, "missing_branches": 0}, "missing_lines": [], "excluded_lines": [], "executed_branches": [[392, 393], [392, 400], [393, -393], [393, 393], [393, 400], [400, 401], [400, 407], [401, -401], [401, 401], [401, 407]], "missing_branches": []}, "ScanOrchestrator.setup_results_directories": {"executed_lines": [424, 427, 430, 431, 433, 434, 436, 439, 442], "summary": {"covered_lines": 9, "num_statements": 12, "percent_covered": 72.72727272727273, "percent_covered_display": "73", "missing_lines": 3, "excluded_lines": 0, "num_branches": 10, "num_partial_branches": 3, "covered_branches": 7, "missing_branches": 3}, "missing_lines": [437, 440, 443], "excluded_lines": [], "executed_branches": [[430, 431], [430, 433], [433, 434], [433, 436], [436, 439], [439, 442], [442, -409]], "missing_branches": [[436, 437], [439, 440], [442, 443]]}, "ScanOrchestrator.validate_targets": {"executed_lines": [455], "summary": {"covered_lines": 1, "num_statements": 1, "percent_covered": 100.0, "percent_covered_display": "100", "missing_lines": 0, "excluded_lines": 0, "num_branches": 0, "num_partial_branches": 0, "covered_branches": 0, "missing_branches": 0}, "missing_lines": [], "excluded_lines": [], "executed_branches": [], "missing_branches": []}, "ScanOrchestrator.get_effective_max_workers": {"executed_lines": [469, 471, 472, 474, 480], "summary": {"covered_lines": 5, "num_statements": 9, "percent_covered": 61.53846153846154, "percent_covered_display": "62", "missing_lines": 4, "excluded_lines": 0, "num_branches": 4, "num_partial_branches": 1, "covered_branches": 3, "missing_branches": 1}, "missing_lines": [475, 476, 477, 478], "excluded_lines": [], "executed_branches": [[471, 472], [471, 474], [474, 480]], "missing_branches": [[474, 475]]}, "ScanOrchestrator.get_summary": {"executed_lines": [492], "summary": {"covered_lines": 1, "num_statements": 1, "percent_covered": 100.0, "percent_covered_display": "100", "missing_lines": 0, "excluded_lines": 0, "num_branches": 0, "num_partial_branches": 0, "covered_branches": 0, "missing_branches": 0}, "missing_lines": [], "excluded_lines": [], "executed_branches": [], "missing_branches": []}, "": {"executed_lines": [1, 10, 11, 12, 13, 16, 17, 18, 30, 31, 32, 33, 34, 35, 37, 48, 52, 63, 76, 77, 78, 92, 93, 94, 95, 96, 97, 98, 99, 101, 113, 114, 131, 140, 175, 213, 239, 270, 296, 341, 381, 409, 445, 457, 482], "summary": {"covered_lines": 41, "num_statements": 41, "percent_covered": 100.0, "percent_covered_display": "100", "missing_lines": 0, "excluded_lines": 0, "num_branches": 4, "num_partial_branches": 0, "covered_branches": 4, "missing_branches": 0}, "missing_lines": [], "excluded_lines": [], "executed_branches": [[16, 17], [16, 18], [76, 77], [76, 78]], "missing_branches": []}}, "classes": {"ScanTargets": {"executed_lines": [39, 50, 54, 65], "summary": {"covered_lines": 4, "num_statements": 4, "percent_covered": 100.0, "percent_covered_display": "100", "missing_lines": 0, "excluded_lines": 0, "num_branches": 2, "num_partial_branches": 0, "covered_branches": 2, "missing_branches": 0}, "missing_lines": [], "excluded_lines": [], "executed_branches": [[65, -65], [65, -63], [65, 65]], "missing_branches": []}, "ScanConfig": {"executed_lines": [103, 104, 105, 106, 107, 108, 109, 110], "summary": {"covered_lines": 8, "num_statements": 8, "percent_covered": 100.0, "percent_covered_display": "100", "missing_lines": 0, "excluded_lines": 0, "num_branches": 8, "num_partial_branches": 0, "covered_branches": 8, "missing_branches": 0}, "missing_lines": [], "excluded_lines": [], "executed_branches": [[103, 104], [103, 105], [105, 106], [105, 107], [107, 108], [107, 109], [109, -101], [109, 110]], "missing_branches": []}, "ScanOrchestrator": {"executed_lines": [138, 150, 153, 156, 159, 162, 165, 168, 171, 173, 184, 187, 188, 189, 190, 193, 194, 195, 197, 200, 201, 202, 203, 204, 205, 206, 207, 208, 209, 211, 221, 224, 225, 228, 229, 230, 231, 232, 233, 234, 235, 237, 248, 251, 252, 253, 254, 257, 258, 259, 260, 263, 264, 265, 266, 268, 278, 281, 282, 285, 294, 307, 310, 311, 312, 313, 314, 316, 326, 339, 353, 355, 356, 357, 358, 360, 366, 367, 379, 392, 393, 400, 401, 407, 424, 427, 430, 431, 433, 434, 436, 439, 442, 455, 469, 471, 472, 474, 480, 492], "summary": {"covered_lines": 100, "num_statements": 118, "percent_covered": 80.1980198019802, "percent_covered_display": "80", "missing_lines": 18, "excluded_lines": 0, "num_branches": 84, "num_partial_branches": 16, "covered_branches": 62, "missing_branches": 22}, "missing_lines": [286, 287, 288, 289, 290, 291, 292, 329, 330, 361, 373, 437, 440, 443, 475, 476, 477, 478], "excluded_lines": [], "executed_branches": [[187, 188], [187, 193], [189, 190], [193, 194], [193, 200], [195, 197], [197, -197], [197, 197], [197, 211], [200, 201], [200, 211], [202, 203], [203, 204], [203, 211], [205, 203], [205, 206], [205, 207], [208, 209], [224, 225], [224, 228], [228, 229], [228, 237], [230, 231], [231, 232], [231, 237], [233, 231], [233, 234], [233, 235], [251, 252], [251, 257], [253, 254], [257, 258], [257, 263], [259, 260], [263, 264], [263, 268], [265, 266], [281, 282], [281, 285], [285, 294], [310, 311], [310, 326], [326, 339], [355, 356], [355, 379], [360, 366], [366, 367], [392, 393], [392, 400], [393, -393], [393, 393], [393, 400], [400, 401], [400, 407], [401, -401], [401, 401], [401, 407], [430, 431], [430, 433], [433, 434], [433, 436], [436, 439], [439, 442], [442, -409], [471, 472], [471, 474], [474, 480]], "missing_branches": [[189, 211], [195, 211], [202, 211], [208, 203], [230, 237], [253, 257], [259, 263], [265, 268], [285, 286], [287, 288], [287, 294], [288, 289], [288, 294], [290, 291], [290, 292], [326, 329], [360, 361], [366, 373], [436, 437], [439, 440], [442, 443], [474, 475]]}, "": {"executed_lines": [1, 10, 11, 12, 13, 16, 17, 18, 30, 31, 32, 33, 34, 35, 37, 48, 52, 63, 76, 77, 78, 92, 93, 94, 95, 96, 97, 98, 99, 101, 113, 114, 131, 140, 175, 213, 239, 270, 296, 341, 381, 409, 445, 457, 482], "summary": {"covered_lines": 41, "num_statements": 41, "percent_covered": 100.0, "percent_covered_display": "100", "missing_lines": 0, "excluded_lines": 0, "num_branches": 4, "num_partial_branches": 0, "covered_branches": 4, "missing_branches": 0}, "missing_lines": [], "excluded_lines": [], "executed_branches": [[16, 17], [16, 18], [76, 77], [76, 78]], "missing_branches": []}}}, "scripts/cli/scan_utils.py": {"executed_lines": [1, 7, 8, 9, 12, 14, 17, 19, 20, 36, 37], "summary": {"covered_lines": 10, "num_statements": 10, "percent_covered": 100.0, "percent_covered_display": "100", "missing_lines": 0, "excluded_lines": 0, "num_branches": 0, "num_partial_branches": 0, "covered_branches": 0, "missing_branches": 0}, "missing_lines": [], "excluded_lines": [], "executed_branches": [], "missing_branches": [], "functions": {"tool_exists": {"executed_lines": [14], "summary": {"covered_lines": 1, "num_statements": 1, "percent_covered": 100.0, "percent_covered_display": "100", "missing_lines": 0, "excluded_lines": 0, "num_branches": 0, "num_partial_branches": 0, "covered_branches": 0, "missing_branches": 0}, "missing_lines": [], "excluded_lines": [], "executed_branches": [], "missing_branches": []}, "write_stub": {"executed_lines": [19, 20, 36, 37], "summary": {"covered_lines": 4, "num_statements": 4, "percent_covered": 100.0, "percent_covered_display": "100", "missing_lines": 0, "excluded_lines": 0, "num_branches": 0, "num_partial_branches": 0, "covered_branches": 0, "missing_branches": 0}, "missing_lines": [], "excluded_lines": [], "executed_branches": [], "missing_branches": []}, "": {"executed_lines": [1, 7, 8, 9, 12, 17], "summary": {"covered_lines": 5, "num_statements": 5, "percent_covered": 100.0, "percent_covered_display": "100", "missing_lines": 0, "excluded_lines": 0, "num_branches": 0, "num_partial_branches": 0, "covered_branches": 0, "missing_branches": 0}, "missing_lines": [], "excluded_lines": [], "executed_branches": [], "missing_branches": []}}, "classes": {"": {"executed_lines": [1, 7, 8, 9, 12, 14, 17, 19, 20, 36, 37], "summary": {"covered_lines": 10, "num_statements": 10, "percent_covered": 100.0, "percent_covered_display": "100", "missing_lines": 0, "excluded_lines": 0, "num_branches": 0, "num_partial_branches": 0, "covered_branches": 0, "missing_branches": 0}, "missing_lines": [], "excluded_lines": [], "executed_branches": [], "missing_branches": []}}}, "scripts/cli/wizard.py": {"executed_lines": [2, 19, 21, 22, 23, 24, 25, 26, 27, 29, 30, 37, 40, 91, 93, 101, 104, 106, 107, 108, 109, 110, 113, 115, 118, 132, 133, 134, 135, 137, 138, 143, 144, 145, 146, 147, 148, 156, 158, 159, 163, 164, 167, 169, 171, 172, 173, 174, 175, 176, 177, 178, 181, 183, 186, 188, 189, 196, 201, 203, 204, 211, 213, 214, 215, 218, 219, 220, 222, 225, 227, 228, 229, 230, 231, 232, 235, 236, 239, 240, 242, 243, 244, 245, 246, 247, 248, 249, 250, 251, 252, 253, 254, 256, 258, 274, 276, 278, 279, 280, 281, 282, 283, 284, 285, 287, 288, 291, 293, 295, 296, 298, 299, 300, 301, 302, 303, 304, 305, 306, 308, 309, 310, 311, 312, 315, 316, 320, 321, 322, 324, 325, 326, 328, 331, 334, 341, 343, 344, 345, 346, 347, 349, 355, 357, 358, 359, 360, 363, 370, 371, 372, 373, 375, 376, 378, 379, 380, 381, 384, 385, 386, 389, 390, 391, 393, 395, 398, 405, 407, 408, 409, 410, 411, 413, 414, 415, 416, 417, 419, 420, 423, 424, 425, 426, 427, 428, 429, 430, 433, 434, 435, 436, 437, 442, 443, 444, 450, 452, 455, 462, 464, 465, 466, 467, 468, 469, 471, 472, 473, 474, 476, 477, 478, 480, 482, 484, 485, 486, 487, 489, 490, 492, 493, 495, 498, 500, 501, 502, 504, 506, 507, 509, 510, 512, 514, 522, 523, 524, 525, 529, 531, 532, 533, 534, 535, 536, 537, 538, 540, 543, 544, 546, 547, 549, 550, 555, 556, 558, 561, 568, 570, 571, 572, 574, 576, 579, 581, 582, 585, 586, 589, 592, 593, 594, 595, 599, 601, 602, 603, 604, 605, 607, 610, 613, 614, 616, 617, 619, 620, 622, 623, 625, 628, 635, 637, 639, 640, 641, 643, 644, 645, 646, 648, 649, 652, 653, 655, 656, 661, 664, 665, 668, 669, 670, 671, 673, 674, 675, 676, 681, 686, 688, 689, 690, 693, 713, 714, 715, 717, 719, 720, 722, 723, 724, 727, 728, 729, 732, 750, 751, 752, 753, 754, 755, 757, 758, 759, 760, 761, 762, 763, 764, 766, 767, 768, 769, 770, 771, 772, 775, 777, 778, 779, 780, 785, 787, 788, 789, 792, 825], "summary": {"covered_lines": 368, "num_statements": 412, "percent_covered": 89.05380333951763, "percent_covered_display": "89", "missing_lines": 44, "excluded_lines": 2, "num_branches": 127, "num_partial_branches": 13, "covered_branches": 112, "missing_branches": 15}, "missing_lines": [140, 161, 197, 198, 205, 207, 208, 387, 438, 439, 508, 606, 608, 678, 679, 680, 683, 684, 685, 733, 734, 735, 736, 737, 738, 740, 741, 742, 743, 745, 746, 747, 782, 783, 784, 794, 796, 800, 803, 806, 809, 810, 814, 816], "excluded_lines": [825, 826], "executed_branches": [[133, 134], [133, 137], [137, 138], [144, 145], [144, 146], [146, -146], [146, 146], [146, 147], [146, 148], [148, -148], [148, 143], [148, 148], [158, 159], [172, 173], [172, 174], [174, 175], [174, 176], [176, 177], [176, 178], [214, 215], [214, 218], [218, 219], [218, 222], [219, 218], [219, 220], [229, 230], [229, 231], [279, 280], [279, 287], [287, -287], [287, 287], [287, 288], [298, 299], [298, 308], [299, 300], [299, 302], [302, 303], [302, 305], [315, 316], [315, 320], [320, 321], [320, 324], [324, 325], [324, 328], [357, 358], [357, 363], [371, 372], [371, 375], [376, 378], [376, 395], [378, 379], [378, 393], [380, 381], [380, 389], [384, 385], [384, 386], [386, 393], [390, 391], [390, 393], [419, 420], [419, 423], [476, 477], [476, 480], [489, 490], [489, 492], [504, 506], [504, 529], [507, 509], [509, 510], [509, 512], [522, 523], [522, 524], [531, 532], [531, 533], [533, 534], [533, 535], [535, 536], [535, 537], [537, 538], [537, 540], [549, 550], [549, 555], [555, 556], [574, 576], [574, 599], [579, 581], [592, 593], [601, 602], [601, 603], [603, 604], [603, 605], [605, 607], [607, 610], [619, 620], [619, 622], [622, 623], [643, 644], [643, 648], [653, 655], [653, 664], [673, 674], [673, 676], [676, 681], [681, 686], [720, 722], [720, 732], [750, 751], [750, 757], [757, 758], [757, 766], [766, 767], [766, 775], [777, 778], [777, 780], [780, 785]], "missing_branches": [[137, 140], [158, 161], [386, 387], [507, 508], [555, 558], [579, 585], [592, 594], [605, 606], [607, 608], [622, 625], [676, 678], [681, 683], [745, 746], [745, 750], [780, 782]], "functions": {"_colorize": {"executed_lines": [93, 101], "summary": {"covered_lines": 2, "num_statements": 2, "percent_covered": 100.0, "percent_covered_display": "100", "missing_lines": 0, "excluded_lines": 0, "num_branches": 0, "num_partial_branches": 0, "covered_branches": 0, "missing_branches": 0}, "missing_lines": [], "excluded_lines": [], "executed_branches": [], "missing_branches": []}, "_print_header": {"executed_lines": [106, 107, 108, 109, 110], "summary": {"covered_lines": 5, "num_statements": 5, "percent_covered": 100.0, "percent_covered_display": "100", "missing_lines": 0, "excluded_lines": 0, "num_branches": 0, "num_partial_branches": 0, "covered_branches": 0, "missing_branches": 0}, "missing_lines": [], "excluded_lines": [], "executed_branches": [], "missing_branches": []}, "_print_step": {"executed_lines": [115], "summary": {"covered_lines": 1, "num_statements": 1, "percent_covered": 100.0, "percent_covered_display": "100", "missing_lines": 0, "excluded_lines": 0, "num_branches": 0, "num_partial_branches": 0, "covered_branches": 0, "missing_branches": 0}, "missing_lines": [], "excluded_lines": [], "executed_branches": [], "missing_branches": []}, "_prompt_choice": {"executed_lines": [132, 133, 134, 135, 137, 138, 143, 144, 145, 146, 147, 148], "summary": {"covered_lines": 12, "num_statements": 13, "percent_covered": 91.66666666666667, "percent_covered_display": "92", "missing_lines": 1, "excluded_lines": 0, "num_branches": 11, "num_partial_branches": 1, "covered_branches": 10, "missing_branches": 1}, "missing_lines": [140], "excluded_lines": [], "executed_branches": [[133, 134], [133, 137], [137, 138], [144, 145], [144, 146], [146, -146], [146, 146], [146, 147], [146, 148], [148, -148], [148, 143], [148, 148]], "missing_branches": [[137, 140]]}, "_prompt_text": {"executed_lines": [158, 159, 163, 164], "summary": {"covered_lines": 4, "num_statements": 5, "percent_covered": 71.42857142857143, "percent_covered_display": "71", "missing_lines": 1, "excluded_lines": 0, "num_branches": 2, "num_partial_branches": 1, "covered_branches": 1, "missing_branches": 1}, "missing_lines": [161], "excluded_lines": [], "executed_branches": [[158, 159]], "missing_branches": [[158, 161]]}, "_prompt_yes_no": {"executed_lines": [169, 171, 172, 173, 174, 175, 176, 177, 178], "summary": {"covered_lines": 9, "num_statements": 9, "percent_covered": 100.0, "percent_covered_display": "100", "missing_lines": 0, "excluded_lines": 0, "num_branches": 6, "num_partial_branches": 0, "covered_branches": 6, "missing_branches": 0}, "missing_lines": [], "excluded_lines": [], "executed_branches": [[172, 173], [172, 174], [174, 175], [174, 176], [176, 177], [176, 178]], "missing_branches": []}, "_detect_docker": {"executed_lines": [183], "summary": {"covered_lines": 1, "num_statements": 1, "percent_covered": 100.0, "percent_covered_display": "100", "missing_lines": 0, "excluded_lines": 0, "num_branches": 0, "num_partial_branches": 0, "covered_branches": 0, "missing_branches": 0}, "missing_lines": [], "excluded_lines": [], "executed_branches": [], "missing_branches": []}, "_check_docker_running": {"executed_lines": [188, 189, 196], "summary": {"covered_lines": 3, "num_statements": 5, "percent_covered": 60.0, "percent_covered_display": "60", "missing_lines": 2, "excluded_lines": 0, "num_branches": 0, "num_partial_branches": 0, "covered_branches": 0, "missing_branches": 0}, "missing_lines": [197, 198], "excluded_lines": [], "executed_branches": [], "missing_branches": []}, "_get_cpu_count": {"executed_lines": [203, 204], "summary": {"covered_lines": 2, "num_statements": 5, "percent_covered": 40.0, "percent_covered_display": "40", "missing_lines": 3, "excluded_lines": 0, "num_branches": 0, "num_partial_branches": 0, "covered_branches": 0, "missing_branches": 0}, "missing_lines": [205, 207, 208], "excluded_lines": [], "executed_branches": [], "missing_branches": []}, "_detect_repos_in_dir": {"executed_lines": [213, 214, 215, 218, 219, 220, 222], "summary": {"covered_lines": 7, "num_statements": 7, "percent_covered": 100.0, "percent_covered_display": "100", "missing_lines": 0, "excluded_lines": 0, "num_branches": 6, "num_partial_branches": 0, "covered_branches": 6, "missing_branches": 0}, "missing_lines": [], "excluded_lines": [], "executed_branches": [[214, 215], [214, 218], [218, 219], [218, 222], [219, 218], [219, 220]], "missing_branches": []}, "_validate_path": {"executed_lines": [227, 228, 229, 230, 231, 232, 235, 236], "summary": {"covered_lines": 8, "num_statements": 8, "percent_covered": 100.0, "percent_covered_display": "100", "missing_lines": 0, "excluded_lines": 0, "num_branches": 2, "num_partial_branches": 0, "covered_branches": 2, "missing_branches": 0}, "missing_lines": [], "excluded_lines": [], "executed_branches": [[229, 230], [229, 231]], "missing_branches": []}, "WizardConfig.__init__": {"executed_lines": [243, 244, 245, 246, 247, 248, 249, 250, 251, 252, 253, 254], "summary": {"covered_lines": 12, "num_statements": 12, "percent_covered": 100.0, "percent_covered_display": "100", "missing_lines": 0, "excluded_lines": 0, "num_branches": 0, "num_partial_branches": 0, "covered_branches": 0, "missing_branches": 0}, "missing_lines": [], "excluded_lines": [], "executed_branches": [], "missing_branches": []}, "WizardConfig.to_dict": {"executed_lines": [258], "summary": {"covered_lines": 1, "num_statements": 1, "percent_covered": 100.0, "percent_covered_display": "100", "missing_lines": 0, "excluded_lines": 0, "num_branches": 0, "num_partial_branches": 0, "covered_branches": 0, "missing_branches": 0}, "missing_lines": [], "excluded_lines": [], "executed_branches": [], "missing_branches": []}, "select_profile": {"executed_lines": [276, 278, 279, 280, 281, 282, 283, 284, 285, 287, 288], "summary": {"covered_lines": 11, "num_statements": 11, "percent_covered": 100.0, "percent_covered_display": "100", "missing_lines": 0, "excluded_lines": 0, "num_branches": 4, "num_partial_branches": 0, "covered_branches": 4, "missing_branches": 0}, "missing_lines": [], "excluded_lines": [], "executed_branches": [[279, 280], [279, 287], [287, -287], [287, 287], [287, 288]], "missing_branches": []}, "select_execution_mode": {"executed_lines": [293, 295, 296, 298, 299, 300, 301, 302, 303, 304, 305, 306, 308, 309, 310, 311, 312, 315, 316, 320, 321, 322, 324, 325, 326, 328, 331], "summary": {"covered_lines": 27, "num_statements": 27, "percent_covered": 100.0, "percent_covered_display": "100", "missing_lines": 0, "excluded_lines": 0, "num_branches": 12, "num_partial_branches": 0, "covered_branches": 12, "missing_branches": 0}, "missing_lines": [], "excluded_lines": [], "executed_branches": [[298, 299], [298, 308], [299, 300], [299, 302], [302, 303], [302, 305], [315, 316], [315, 320], [320, 321], [320, 324], [324, 325], [324, 328]], "missing_branches": []}, "select_target": {"executed_lines": [341, 343, 344, 345, 346, 347, 349, 355, 357, 358, 359, 360, 363, 370, 371, 372, 373, 375, 376, 378, 379, 380, 381, 384, 385, 386, 389, 390, 391, 393, 395], "summary": {"covered_lines": 31, "num_statements": 32, "percent_covered": 95.83333333333333, "percent_covered_display": "96", "missing_lines": 1, "excluded_lines": 0, "num_branches": 16, "num_partial_branches": 1, "covered_branches": 15, "missing_branches": 1}, "missing_lines": [387], "excluded_lines": [], "executed_branches": [[357, 358], [357, 363], [371, 372], [371, 375], [376, 378], [376, 395], [378, 379], [378, 393], [380, 381], [380, 389], [384, 385], [384, 386], [386, 393], [390, 391], [390, 393]], "missing_branches": [[386, 387]]}, "configure_advanced": {"executed_lines": [405, 407, 408, 409, 410, 411, 413, 414, 415, 416, 417, 419, 420, 423, 424, 425, 426, 427, 428, 429, 430, 433, 434, 435, 436, 437, 442, 443, 444, 450, 452], "summary": {"covered_lines": 31, "num_statements": 33, "percent_covered": 94.28571428571429, "percent_covered_display": "94", "missing_lines": 2, "excluded_lines": 0, "num_branches": 2, "num_partial_branches": 0, "covered_branches": 2, "missing_branches": 0}, "missing_lines": [438, 439], "excluded_lines": [], "executed_branches": [[419, 420], [419, 423]], "missing_branches": []}, "review_and_confirm": {"executed_lines": [462, 464, 465, 466, 467, 468, 469, 471, 472, 473, 474, 476, 477, 478, 480, 482, 484, 485, 486, 487, 489, 490, 492, 493, 495], "summary": {"covered_lines": 25, "num_statements": 25, "percent_covered": 100.0, "percent_covered_display": "100", "missing_lines": 0, "excluded_lines": 0, "num_branches": 4, "num_partial_branches": 0, "covered_branches": 4, "missing_branches": 0}, "missing_lines": [], "excluded_lines": [], "executed_branches": [[476, 477], [476, 480], [489, 490], [489, 492]], "missing_branches": []}, "generate_command": {"executed_lines": [500, 501, 502, 504, 506, 507, 509, 510, 512, 514, 522, 523, 524, 525, 529, 531, 532, 533, 534, 535, 536, 537, 538, 540, 543, 544, 546, 547, 549, 550, 555, 556, 558], "summary": {"covered_lines": 33, "num_statements": 34, "percent_covered": 94.44444444444444, "percent_covered_display": "94", "missing_lines": 1, "excluded_lines": 0, "num_branches": 20, "num_partial_branches": 2, "covered_branches": 18, "missing_branches": 2}, "missing_lines": [508], "excluded_lines": [], "executed_branches": [[504, 506], [504, 529], [507, 509], [509, 510], [509, 512], [522, 523], [522, 524], [531, 532], [531, 533], [533, 534], [533, 535], [535, 536], [535, 537], [537, 538], [537, 540], [549, 550], [549, 555], [555, 556]], "missing_branches": [[507, 508], [555, 558]]}, "generate_command_list": {"executed_lines": [568, 570, 571, 572, 574, 576, 579, 581, 582, 585, 586, 589, 592, 593, 594, 595, 599, 601, 602, 603, 604, 605, 607, 610, 613, 614, 616, 617, 619, 620, 622, 623, 625], "summary": {"covered_lines": 33, "num_statements": 35, "percent_covered": 86.79245283018868, "percent_covered_display": "87", "missing_lines": 2, "excluded_lines": 0, "num_branches": 18, "num_partial_branches": 5, "covered_branches": 13, "missing_branches": 5}, "missing_lines": [606, 608], "excluded_lines": [], "executed_branches": [[574, 576], [574, 599], [579, 581], [592, 593], [601, 602], [601, 603], [603, 604], [603, 605], [605, 607], [607, 610], [619, 620], [619, 622], [622, 623]], "missing_branches": [[579, 585], [592, 594], [605, 606], [607, 608], [622, 625]]}, "execute_scan": {"executed_lines": [635, 637, 639, 640, 641, 643, 644, 645, 646, 648, 649, 652, 653, 655, 656, 661, 664, 665, 668, 669, 670, 671, 673, 674, 675, 676, 681, 686, 688, 689, 690], "summary": {"covered_lines": 31, "num_statements": 37, "percent_covered": 82.97872340425532, "percent_covered_display": "83", "missing_lines": 6, "excluded_lines": 0, "num_branches": 10, "num_partial_branches": 2, "covered_branches": 8, "missing_branches": 2}, "missing_lines": [678, 679, 680, 683, 684, 685], "excluded_lines": [], "executed_branches": [[643, 644], [643, 648], [653, 655], [653, 664], [673, 674], [673, 676], [676, 681], [681, 686]], "missing_branches": [[676, 678], [681, 683]]}, "run_wizard": {"executed_lines": [713, 714, 715, 717, 719, 720, 722, 723, 724, 727, 728, 729, 732, 750, 751, 752, 753, 754, 755, 757, 758, 759, 760, 761, 762, 763, 764, 766, 767, 768, 769, 770, 771, 772, 775, 777, 778, 779, 780, 785, 787, 788, 789], "summary": {"covered_lines": 43, "num_statements": 59, "percent_covered": 73.97260273972603, "percent_covered_display": "74", "missing_lines": 16, "excluded_lines": 0, "num_branches": 14, "num_partial_branches": 1, "covered_branches": 11, "missing_branches": 3}, "missing_lines": [733, 734, 735, 736, 737, 738, 740, 741, 742, 743, 745, 746, 747, 782, 783, 784], "excluded_lines": [], "executed_branches": [[720, 722], [720, 732], [750, 751], [750, 757], [757, 758], [757, 766], [766, 767], [766, 775], [777, 778], [777, 780], [780, 785]], "missing_branches": [[745, 746], [745, 750], [780, 782]]}, "main": {"executed_lines": [], "summary": {"covered_lines": 0, "num_statements": 9, "percent_covered": 0.0, "percent_covered_display": "0", "missing_lines": 9, "excluded_lines": 0, "num_branches": 0, "num_partial_branches": 0, "covered_branches": 0, "missing_branches": 0}, "missing_lines": [794, 796, 800, 803, 806, 809, 810, 814, 816], "excluded_lines": [], "executed_branches": [], "missing_branches": []}, "": {"executed_lines": [2, 19, 21, 22, 23, 24, 25, 26, 27, 29, 30, 37, 40, 91, 104, 113, 118, 156, 167, 181, 186, 201, 211, 225, 239, 240, 242, 256, 274, 291, 334, 398, 455, 498, 561, 628, 693, 792, 825], "summary": {"covered_lines": 36, "num_statements": 36, "percent_covered": 100.0, "percent_covered_display": "100", "missing_lines": 0, "excluded_lines": 2, "num_branches": 0, "num_partial_branches": 0, "covered_branches": 0, "missing_branches": 0}, "missing_lines": [], "excluded_lines": [825, 826], "executed_branches": [], "missing_branches": []}}, "classes": {"WizardConfig": {"executed_lines": [243, 244, 245, 246, 247, 248, 249, 250, 251, 252, 253, 254, 258], "summary": {"covered_lines": 13, "num_statements": 13, "percent_covered": 100.0, "percent_covered_display": "100", "missing_lines": 0, "excluded_lines": 0, "num_branches": 0, "num_partial_branches": 0, "covered_branches": 0, "missing_branches": 0}, "missing_lines": [], "excluded_lines": [], "executed_branches": [], "missing_branches": []}, "": {"executed_lines": [2, 19, 21, 22, 23, 24, 25, 26, 27, 29, 30, 37, 40, 91, 93, 101, 104, 106, 107, 108, 109, 110, 113, 115, 118, 132, 133, 134, 135, 137, 138, 143, 144, 145, 146, 147, 148, 156, 158, 159, 163, 164, 167, 169, 171
[...]
, 431, 439, 440, 441, 442, 443, 446, 447, 459, 460, 474, 475, 476, 477, 478, 479, 480, 481, 482, 483, 485, 486, 487, 488, 490, 492, 502, 503], "summary": {"covered_lines": 195, "num_statements": 198, "percent_covered": 95.84569732937686, "percent_covered_display": "96", "missing_lines": 3, "excluded_lines": 0, "num_branches": 139, "num_partial_branches": 11, "covered_branches": 128, "missing_branches": 11}, "missing_lines": [100, 243, 245], "excluded_lines": [], "executed_branches": [[27, -27], [27, 27], [27, 30], [31, 32], [31, 44], [33, 31], [33, 34], [44, -44], [44, 44], [44, 45], [45, -45], [45, 45], [45, 46], [46, -46], [46, 46], [46, 47], [47, -47], [47, 47], [47, 50], [70, -70], [70, 70], [70, 75], [75, 76], [75, 126], [87, -87], [87, 87], [87, 90], [90, -90], [90, 90], [90, 91], [91, -91], [91, 91], [91, 95], [95, 96], [95, 97], [97, 98], [97, 99], [99, 101], [104, 105], [107, 108], [107, 122], [137, 138], [137, 144], [138, -138], [138, 138], [138, 141], [141, 137], [141, 142], [144, 145], [144, 155], [149, -149], [149, 150], [149, 160], [199, -199], [199, 199], [199, 204], [207, 208], [207, 230], [209, 207], [209, 210], [211, 212], [211, 215], [220, 209], [220, 221], [233, 234], [233, 263], [240, 241], [240, 242], [242, 244], [244, 247], [315, -315], [315, 315], [315, 318], [319, 320], [319, 325], [321, 319], [321, 322], [326, 327], [326, 334], [328, 326], [328, 329], [329, 330], [335, 336], [335, 343], [337, 335], [337, 338], [338, 339], [344, 345], [344, 352], [346, 344], [346, 347], [347, 348], [353, 354], [353, 361], [355, 353], [355, 356], [356, 357], [362, 363], [362, 370], [364, 362], [364, 365], [365, 366], [390, 391], [390, 405], [399, 400], [399, 402], [405, 406], [405, 430], [414, -414], [414, 415], [415, 417], [415, 427], [418, 419], [418, 426], [420, 421], [420, 424], [421, 420], [421, 422], [424, 418], [424, 425], [430, 431], [430, 446], [439, 440], [439, 443], [441, 439], [441, 442], [446, 447], [446, 459], [459, 460], [459, 492], [476, 477], [476, 485], [478, 476], [478, 479], [479, 480], [481, 482], [485, -485], [485, 486], [486, 487], [486, 490]], "missing_branches": [[99, 100], [104, 122], [242, 243], [244, 245], [329, 328], [338, 337], [347, 346], [356, 355], [365, 364], [479, 478], [481, 478]]}}}, "scripts/core/reporters/html_reporter.py": {"executed_lines": [2, 3, 4, 5, 6, 8, 11, 12, 13, 14, 15, 31, 40, 44, 45, 1049, 1055], "summary": {"covered_lines": 17, "num_statements": 17, "percent_covered": 100.0, "percent_covered_display": "100", "missing_lines": 0, "excluded_lines": 0, "num_branches": 6, "num_partial_branches": 0, "covered_branches": 6, "missing_branches": 0}, "missing_lines": [], "excluded_lines": [], "executed_branches": [[15, -15], [15, 15], [15, 31], [40, -40], [40, 40], [40, 44], [44, -44], [44, 44], [44, 45]], "missing_branches": [], "functions": {"write_html": {"executed_lines": [12, 13, 14, 15, 31, 40, 44, 45, 1049, 1055], "summary": {"covered_lines": 10, "num_statements": 10, "percent_covered": 100.0, "percent_covered_display": "100", "missing_lines": 0, "excluded_lines": 0, "num_branches": 6, "num_partial_branches": 0, "covered_branches": 6, "missing_branches": 0}, "missing_lines": [], "excluded_lines": [], "executed_branches": [[15, -15], [15, 15], [15, 31], [40, -40], [40, 40], [40, 44], [44, -44], [44, 44], [44, 45]], "missing_branches": []}, "": {"executed_lines": [2, 3, 4, 5, 6, 8, 11], "summary": {"covered_lines": 7, "num_statements": 7, "percent_covered": 100.0, "percent_covered_display": "100", "missing_lines": 0, "excluded_lines": 0, "num_branches": 0, "num_partial_branches": 0, "covered_branches": 0, "missing_branches": 0}, "missing_lines": [], "excluded_lines": [], "executed_branches": [], "missing_branches": []}}, "classes": {"": {"executed_lines": [2, 3, 4, 5, 6, 8, 11, 12, 13, 14, 15, 31, 40, 44, 45, 1049, 1055], "summary": {"covered_lines": 17, "num_statements": 17, "percent_covered": 100.0, "percent_covered_display": "100", "missing_lines": 0, "excluded_lines": 0, "num_branches": 6, "num_partial_branches": 0, "covered_branches": 6, "missing_branches": 0}, "missing_lines": [], "excluded_lines": [], "executed_branches": [[15, -15], [15, 15], [15, 31], [40, -40], [40, 40], [40, 44], [44, -44], [44, 44], [44, 45]], "missing_branches": []}}}, "scripts/core/reporters/sarif_reporter.py": {"executed_lines": [2, 8, 10, 11, 12, 13, 16, 18, 21, 30, 31, 33, 34, 37, 56, 66, 67, 72, 73, 77, 85, 86, 87, 94, 95, 96, 97, 98, 104, 105, 111, 112, 118, 119, 122, 123, 124, 125, 127, 130, 131, 132, 134, 135, 136, 137, 138, 146, 155, 162, 171, 172, 173, 174, 175, 176, 179, 186, 187, 188, 189], "summary": {"covered_lines": 60, "num_statements": 64, "percent_covered": 91.48936170212765, "percent_covered_display": "91", "missing_lines": 4, "excluded_lines": 0, "num_branches": 30, "num_partial_branches": 2, "covered_branches": 26, "missing_branches": 4}, "missing_lines": [139, 141, 142, 144], "excluded_lines": [], "executed_branches": [[33, 34], [33, 130], [66, 67], [66, 72], [72, 73], [72, 77], [86, 87], [86, 94], [95, 96], [95, 118], [97, 98], [97, 104], [104, 105], [104, 111], [111, 95], [111, 112], [118, 119], [118, 122], [122, 123], [122, 127], [123, 124], [135, 136], [172, 173], [172, 174], [174, 175], [174, 176]], "missing_branches": [[123, 125], [135, 146], [139, 141], [139, 142]], "functions": {"to_sarif": {"executed_lines": [30, 31, 33, 34, 37, 56, 66, 67, 72, 73, 77, 85, 86, 87, 94, 95, 96, 97, 98, 104, 105, 111, 112, 118, 119, 122, 123, 124, 125, 127, 130, 131, 132, 134, 135, 136, 137, 138, 146, 155], "summary": {"covered_lines": 40, "num_statements": 44, "percent_covered": 88.57142857142857, "percent_covered_display": "89", "missing_lines": 4, "excluded_lines": 0, "num_branches": 26, "num_partial_branches": 2, "covered_branches": 22, "missing_branches": 4}, "missing_lines": [139, 141, 142, 144], "excluded_lines": [], "executed_branches": [[33, 34], [33, 130], [66, 67], [66, 72], [72, 73], [72, 77], [86, 87], [86, 94], [95, 96], [95, 118], [97, 98], [97, 104], [104, 105], [104, 111], [111, 95], [111, 112], [118, 119], [118, 122], [122, 123], [122, 127], [123, 124], [135, 136]], "missing_branches": [[123, 125], [135, 146], [139, 141], [139, 142]]}, "_severity_to_level": {"executed_lines": [171, 172, 173, 174, 175, 176], "summary": {"covered_lines": 6, "num_statements": 6, "percent_covered": 100.0, "percent_covered_display": "100", "missing_lines": 0, "excluded_lines": 0, "num_branches": 4, "num_partial_branches": 0, "covered_branches": 4, "missing_branches": 0}, "missing_lines": [], "excluded_lines": [], "executed_branches": [[172, 173], [172, 174], [174, 175], [174, 176]], "missing_branches": []}, "write_sarif": {"executed_lines": [186, 187, 188, 189], "summary": {"covered_lines": 4, "num_statements": 4, "percent_covered": 100.0, "percent_covered_display": "100", "missing_lines": 0, "excluded_lines": 0, "num_branches": 0, "num_partial_branches": 0, "covered_branches": 0, "missing_branches": 0}, "missing_lines": [], "excluded_lines": [], "executed_branches": [], "missing_branches": []}, "": {"executed_lines": [2, 8, 10, 11, 12, 13, 16, 18, 21, 162, 179], "summary": {"covered_lines": 10, "num_statements": 10, "percent_covered": 100.0, "percent_covered_display": "100", "missing_lines": 0, "excluded_lines": 0, "num_branches": 0, "num_partial_branches": 0, "covered_branches": 0, "missing_branches": 0}, "missing_lines": [], "excluded_lines": [], "executed_branches": [], "missing_branches": []}}, "classes": {"": {"executed_lines": [2, 8, 10, 11, 12, 13, 16, 18, 21, 30, 31, 33, 34, 37, 56, 66, 67, 72, 73, 77, 85, 86, 87, 94, 95, 96, 97, 98, 104, 105, 111, 112, 118, 119, 122, 123, 124, 125, 127, 130, 131, 132, 134, 135, 136, 137, 138, 146, 155, 162, 171, 172, 173, 174, 175, 176, 179, 186, 187, 188, 189], "summary": {"covered_lines": 60, "num_statements": 64, "percent_covered": 91.48936170212765, "percent_covered_display": "91", "missing_lines": 4, "excluded_lines": 0, "num_branches": 30, "num_partial_branches": 2, "covered_branches": 26, "missing_branches": 4}, "missing_lines": [139, 141, 142, 144], "excluded_lines": [], "executed_branches": [[33, 34], [33, 130], [66, 67], [66, 72], [72, 73], [72, 77], [86, 87], [86, 94], [95, 96], [95, 118], [97, 98], [97, 104], [104, 105], [104, 111], [111, 95], [111, 112], [118, 119], [118, 122], [122, 123], [122, 127], [123, 124], [135, 136], [172, 173], [172, 174], [174, 175], [174, 176]], "missing_branches": [[123, 125], [135, 146], [139, 141], [139, 142]]}}}, "scripts/core/reporters/yaml_reporter.py": {"executed_lines": [2, 4, 5, 6, 9, 11, 12, 18, 19, 20, 21, 22, 23], "summary": {"covered_lines": 13, "num_statements": 16, "percent_covered": 83.33333333333333, "percent_covered_display": "83", "missing_lines": 3, "excluded_lines": 0, "num_branches": 2, "num_partial_branches": 0, "covered_branches": 2, "missing_branches": 0}, "missing_lines": [13, 14, 15], "excluded_lines": [], "executed_branches": [[19, 20], [19, 21]], "missing_branches": [], "functions": {"write_yaml": {"executed_lines": [19, 20, 21, 22, 23], "summary": {"covered_lines": 5, "num_statements": 5, "percent_covered": 100.0, "percent_covered_display": "100", "missing_lines": 0, "excluded_lines": 0, "num_branches": 2, "num_partial_branches": 0, "covered_branches": 2, "missing_branches": 0}, "missing_lines": [], "excluded_lines": [], "executed_branches": [[19, 20], [19, 21]], "missing_branches": []}, "": {"executed_lines": [2, 4, 5, 6, 9, 11, 12, 18], "summary": {"covered_lines": 8, "num_statements": 11, "percent_covered": 72.72727272727273, "percent_covered_display": "73", "missing_lines": 3, "excluded_lines": 0, "num_branches": 0, "num_partial_branches": 0, "covered_branches": 0, "missing_branches": 0}, "missing_lines": [13, 14, 15], "excluded_lines": [], "executed_branches": [], "missing_branches": []}}, "classes": {"": {"executed_lines": [2, 4, 5, 6, 9, 11, 12, 18, 19, 20, 21, 22, 23], "summary": {"covered_lines": 13, "num_statements": 16, "percent_covered": 83.33333333333333, "percent_covered_display": "83", "missing_lines": 3, "excluded_lines": 0, "num_branches": 2, "num_partial_branches": 0, "covered_branches": 2, "missing_branches": 0}, "missing_lines": [13, 14, 15], "excluded_lines": [], "executed_branches": [[19, 20], [19, 21]], "missing_branches": []}}}, "scripts/core/tool_runner.py": {"executed_lines": [1, 10, 11, 12, 13, 14, 15, 16, 18, 21, 24, 25, 26, 39, 40, 41, 42, 43, 44, 45, 47, 49, 50, 51, 52, 53, 54, 55, 56, 59, 60, 61, 77, 78, 79, 80, 81, 82, 83, 84, 85, 86, 88, 90, 92, 94, 105, 106, 133, 141, 142, 144, 160, 161, 162, 164, 165, 166, 176, 177, 178, 191, 194, 199, 200, 201, 203, 204, 205, 209, 211, 212, 244, 245, 254, 264, 266, 268, 273, 274, 275, 276, 304, 306, 315, 317, 327, 328, 329, 330, 332, 346, 362, 363], "summary": {"covered_lines": 90, "num_statements": 119, "percent_covered": 73.96449704142012, "percent_covered_display": "74", "missing_lines": 29, "excluded_lines": 0, "num_branches": 50, "num_partial_branches": 3, "covered_branches": 35, "missing_branches": 15}, "missing_lines": [196, 206, 207, 221, 223, 224, 225, 226, 227, 228, 230, 231, 232, 233, 234, 235, 237, 238, 239, 240, 241, 277, 279, 280, 281, 291, 293, 294, 295], "excluded_lines": [], "executed_branches": [[24, 25], [24, 26], [49, 50], [49, 51], [51, 52], [51, 53], [53, 54], [53, 55], [55, -47], [55, 56], [59, 60], [59, 61], [164, 165], [164, 244], [176, 177], [176, 191], [194, 199], [199, 164], [199, 200], [203, 204], [203, 209], [205, 164], [209, 211], [268, -268], [268, 268], [268, 273], [273, 274], [273, 304], [315, -315], [315, -306], [315, 315], [328, -328], [328, 328], [328, 329], [330, -330], [330, 330], [330, 332], [332, -332], [332, -317], [332, 332]], "missing_branches": [[194, 196], [205, 206], [209, 221], [221, 223], [221, 228], [225, 164], [225, 226], [228, 230], [228, 235], [232, 164], [232, 233], [239, 164], [239, 240], [277, 279], [277, 291]], "functions": {"ToolDefinition.__post_init__": {"executed_lines": [49, 50, 51, 52, 53, 54, 55, 56], "summary": {"covered_lines": 8, "num_statements": 8, "percent_covered": 100.0, "percent_covered_display": "100", "missing_lines": 0, "excluded_lines": 0, "num_branches": 8, "num_partial_branches": 0, "covered_branches": 8, "missing_branches": 0}, "missing_lines": [], "excluded_lines": [], "executed_branches": [[49, 50], [49, 51], [51, 52], [51, 53], [53, 54], [53, 55], [55, -47], [55, 56]], "missing_branches": []}, "ToolResult.is_success": {"executed_lines": [90], "summary": {"covered_lines": 1, "num_statements": 1, "percent_covered": 100.0, "percent_covered_display": "100", "missing_lines": 0, "excluded_lines": 0, "num_branches": 0, "num_partial_branches": 0, "covered_branches": 0, "missing_branches": 0}, "missing_lines": [], "excluded_lines": [], "executed_branches": [], "missing_branches": []}, "ToolResult.to_dict": {"executed_lines": [94], "summary": {"covered_lines": 1, "num_statements": 1, "percent_covered": 100.0, "percent_covered_display": "100", "missing_lines": 0, "excluded_lines": 0, "num_branches": 0, "num_partial_branches": 0, "covered_branches": 0, "missing_branches": 0}, "missing_lines": [], "excluded_lines": [], "executed_branches": [], "missing_branches": []}, "ToolRunner.__init__": {"executed_lines": [141, 142], "summary": {"covered_lines": 2, "num_statements": 2, "percent_covered": 100.0, "percent_covered_display": "100", "missing_lines": 0, "excluded_lines": 0, "num_branches": 0, "num_partial_branches": 0, "covered_branches": 0, "missing_branches": 0}, "missing_lines": [], "excluded_lines": [], "executed_branches": [], "missing_branches": []}, "ToolRunner.run_tool": {"executed_lines": [160, 161, 162, 164, 165, 166, 176, 177, 178, 191, 194, 199, 200, 201, 203, 204, 205, 209, 211, 212, 244, 245], "summary": {"covered_lines": 22, "num_statements": 43, "percent_covered": 49.25373134328358, "percent_covered_display": "49", "missing_lines": 21, "excluded_lines": 0, "num_branches": 24, "num_partial_branches": 3, "covered_branches": 11, "missing_branches": 13}, "missing_lines": [196, 206, 207, 221, 223, 224, 225, 226, 227, 228, 230, 231, 232, 233, 234, 235, 237, 238, 239, 240, 241], "excluded_lines": [], "executed_branches": [[164, 165], [164, 244], [176, 177], [176, 191], [194, 199], [199, 164], [199, 200], [203, 204], [203, 209], [205, 164], [209, 211]], "missing_branches": [[194, 196], [205, 206], [209, 221], [221, 223], [221, 228], [225, 164], [225, 226], [228, 230], [228, 235], [232, 164], [232, 233], [239, 164], [239, 240]]}, "ToolRunner.run_all_parallel": {"executed_lines": [264, 266, 268, 273, 274, 275, 276, 304], "summary": {"covered_lines": 8, "num_statements": 16, "percent_covered": 54.54545454545455, "percent_covered_display": "55", "missing_lines": 8, "excluded_lines": 0, "num_branches": 6, "num_partial_branches": 0, "covered_branches": 4, "missing_branches": 2}, "missing_lines": [277, 279, 280, 281, 291, 293, 294, 295], "excluded_lines": [], "executed_branches": [[268, -268], [268, 268], [268, 273], [273, 274], [273, 304]], "missing_branches": [[277, 279], [277, 291]]}, "ToolRunner.run_all_serial": {"executed_lines": [315], "summary": {"covered_lines": 1, "num_statements": 1, "percent_covered": 100.0, "percent_covered_display": "100", "missing_lines": 0, "excluded_lines": 0, "num_branches": 2, "num_partial_branches": 0, "covered_branches": 2, "missing_branches": 0}, "missing_lines": [], "excluded_lines": [], "executed_branches": [[315, -315], [315, -306], [315, 315]], "missing_branches": []}, "ToolRunner.get_summary": {"executed_lines": [327, 328, 329, 330, 332], "summary": {"covered_lines": 5, "num_statements": 5, "percent_covered": 100.0, "percent_covered_display": "100", "missing_lines": 0, "excluded_lines": 0, "num_branches": 6, "num_partial_branches": 0, "covered_branches": 6, "missing_branches": 0}, "missing_lines": [], "excluded_lines": [], "executed_branches": [[328, -328], [328, 328], [328, 329], [330, -330], [330, 330], [330, 332], [332, -332], [332, -317], [332, 332]], "missing_branches": []}, "run_tools": {"executed_lines": [362, 363], "summary": {"covered_lines": 2, "num_statements": 2, "percent_covered": 100.0, "percent_covered_display": "100", "missing_lines": 0, "excluded_lines": 0, "num_branches": 0, "num_partial_branches": 0, "covered_branches": 0, "missing_branches": 0}, "missing_lines": [], "excluded_lines": [], "executed_branches": [], "missing_branches": []}, "": {"executed_lines": [1, 10, 11, 12, 13, 14, 15, 16, 18, 21, 24, 25, 26, 39, 40, 41, 42, 43, 44, 45, 47, 59, 60, 61, 77, 78, 79, 80, 81, 82, 83, 84, 85, 86, 88, 92, 105, 106, 133, 144, 254, 306, 317, 346], "summary": {"covered_lines": 40, "num_statements": 40, "percent_covered": 100.0, "percent_covered_display": "100", "missing_lines": 0, "excluded_lines": 0, "num_branches": 4, "num_partial_branches": 0, "covered_branches": 4, "missing_branches": 0}, "missing_lines": [], "excluded_lines": [], "executed_branches": [[24, 25], [24, 26], [59, 60], [59, 61]], "missing_branches": []}}, "classes": {"ToolDefinition": {"executed_lines": [49, 50, 51, 52, 53, 54, 55, 56], "summary": {"covered_lines": 8, "num_statements": 8, "percent_covered": 100.0, "percent_covered_display": "100", "missing_lines": 0, "excluded_lines": 0, "num_branches": 8, "num_partial_branches": 0, "covered_branches": 8, "missing_branches": 0}, "missing_lines": [], "excluded_lines": [], "executed_branches": [[49, 50], [49, 51], [51, 52], [51, 53], [53, 54], [53, 55], [55, -47], [55, 56]], "missing_branches": []}, "ToolResult": {"executed_lines": [90, 94], "summary": {"covered_lines": 2, "num_statements": 2, "percent_covered": 100.0, "percent_covered_display": "100", "missing_lines": 0, "excluded_lines": 0, "num_branches": 0, "num_partial_branches": 0, "covered_branches": 0, "missing_branches": 0}, "missing_lines": [], "excluded_lines": [], "executed_branches": [], "missing_branches": []}, "ToolRunner": {"executed_lines": [141, 142, 160, 161, 162, 164, 165, 166, 176, 177, 178, 191, 194, 199, 200, 201, 203, 204, 205, 209, 211, 212, 244, 245, 264, 266, 268, 273, 274, 275, 276, 304, 315, 327, 328, 329, 330, 332], "summary": {"covered_lines": 38, "num_statements": 67, "percent_covered": 58.095238095238095, "percent_covered_display": "58", "missing_lines": 29, "excluded_lines": 0, "num_branches": 38, "num_partial_branches": 3, "covered_branches": 23, "missing_branches": 15}, "missing_lines": [196, 206, 207, 221, 223, 224, 225, 226, 227, 228, 230, 231, 232, 233, 234, 235, 237, 238, 239, 240, 241, 277, 279, 280, 281, 291, 293, 294, 295], "excluded_lines": [], "executed_branches": [[164, 165], [164, 244], [176, 177], [176, 191], [194, 199], [199, 164], [199, 200], [203, 204], [203, 209], [205, 164], [209, 211], [268, -268], [268, 268], [268, 273], [273, 274], [273, 304], [315, -315], [315, -306], [315, 315], [328, -328], [328, 328], [328, 329], [330, -330], [330, 330], [330, 332], [332, -332], [332, -317], [332, 332]], "missing_branches": [[194, 196], [205, 206], [209, 221], [221, 223], [221, 228], [225, 164], [225, 226], [228, 230], [228, 235], [232, 164], [232, 233], [239, 164], [239, 240], [277, 279], [277, 291]]}, "": {"executed_lines": [1, 10, 11, 12, 13, 14, 15, 16, 18, 21, 24, 25, 26, 39, 40, 41, 42, 43, 44, 45, 47, 59, 60, 61, 77, 78, 79, 80, 81, 82, 83, 84, 85, 86, 88, 92, 105, 106, 133, 144, 254, 306, 317, 346, 362, 363], "summary": {"covered_lines": 42, "num_statements": 42, "percent_covered": 100.0, "percent_covered_display": "100", "missing_lines": 0, "excluded_lines": 0, "num_branches": 4, "num_partial_branches": 0, "covered_branches": 4, "missing_branches": 0}, "missing_lines": [], "excluded_lines": [], "executed_branches": [[24, 25], [24, 26], [59, 60], [59, 61]], "missing_branches": []}}}}, "totals": {"covered_lines": 3131, "num_statements": 3397, "percent_covered": 89.72477064220183, "percent_covered_display": "90", "missing_lines": 266, "excluded_lines": 36, "num_branches": 1508, "num_partial_branches": 180, "covered_branches": 1270, "missing_branches": 238}}
