{"meta": {"format": 3, "version": "7.6.1", "timestamp": "2025-10-15T21:10:22.751188", "branch_coverage": true, "show_contexts": false}, "files": {"scripts/__init__.py": {"executed_lines": [1], "summary": {"covered_lines": 0, "num_statements": 0, "percent_covered": 100.0, "percent_covered_display": "100", "missing_lines": 0, "excluded_lines": 0, "num_branches": 0, "num_partial_branches": 0, "covered_branches": 0, "missing_branches": 0}, "missing_lines": [], "excluded_lines": [], "executed_branches": [], "missing_branches": [], "functions": {"": {"executed_lines": [1], "summary": {"covered_lines": 0, "num_statements": 0, "percent_covered": 100.0, "percent_covered_display": "100", "missing_lines": 0, "excluded_lines": 0, "num_branches": 0, "num_partial_branches": 0, "covered_branches": 0, "missing_branches": 0}, "missing_lines": [], "excluded_lines": [], "executed_branches": [], "missing_branches": []}}, "classes": {"": {"executed_lines": [1], "summary": {"covered_lines": 0, "num_statements": 0, "percent_covered": 100.0, "percent_covered_display": "100", "missing_lines": 0, "excluded_lines": 0, "num_branches": 0, "num_partial_branches": 0, "covered_branches": 0, "missing_branches": 0}, "missing_lines": [], "excluded_lines": [], "executed_branches": [], "missing_branches": []}}}, "scripts/cli/__init__.py": {"executed_lines": [1], "summary": {"covered_lines": 0, "num_statements": 0, "percent_covered": 100.0, "percent_covered_display": "100", "missing_lines": 0, "excluded_lines": 0, "num_branches": 0, "num_partial_branches": 0, "covered_branches": 0, "missing_branches": 0}, "missing_lines": [], "excluded_lines": [], "executed_branches": [], "missing_branches": [], "functions": {"": {"executed_lines": [1], "summary": {"covered_lines": 0, "num_statements": 0, "percent_covered": 100.0, "percent_covered_display": "100", "missing_lines": 0, "excluded_lines": 0, "num_branches": 0, "num_partial_branches": 0, "covered_branches": 0, "missing_branches": 0}, "missing_lines": [], "excluded_lines": [], "executed_branches": [], "missing_branches": []}}, "classes": {"": {"executed_lines": [1], "summary": {"covered_lines": 0, "num_statements": 0, "percent_covered": 100.0, "percent_covered_display": "100", "missing_lines": 0, "excluded_lines": 0, "num_branches": 0, "num_partial_branches": 0, "covered_branches": 0, "missing_branches": 0}, "missing_lines": [], "excluded_lines": [], "executed_branches": [], "missing_branches": []}}}, "scripts/cli/wizard.py": {"executed_lines": [2, 19, 21, 22, 23, 24, 25, 26, 29, 80, 82, 90, 93, 95, 96, 97, 98, 99, 102, 104, 107, 121, 122, 123, 124, 126, 127, 132, 133, 134, 135, 136, 137, 145, 147, 148, 152, 153, 156, 158, 160, 161, 162, 163, 164, 165, 166, 167, 170, 172, 175, 177, 178, 185, 190, 192, 193, 198, 200, 201, 202, 205, 206, 207, 209, 212, 214, 215, 216, 217, 218, 219, 220, 223, 224, 226, 227, 228, 229, 230, 231, 232, 233, 234, 235, 236, 237, 238, 240, 242, 258, 260, 262, 263, 264, 265, 266, 267, 268, 269, 271, 272, 275, 277, 279, 280, 282, 283, 284, 285, 286, 287, 288, 289, 290, 292, 293, 294, 295, 296, 299, 300, 304, 305, 306, 308, 309, 310, 312, 315, 318, 325, 327, 328, 329, 330, 331, 333, 339, 341, 342, 343, 344, 347, 354, 355, 356, 357, 359, 360, 362, 363, 364, 365, 368, 369, 370, 373, 374, 375, 377, 379, 382, 389, 391, 392, 393, 394, 395, 397, 398, 399, 400, 401, 403, 404, 407, 408, 409, 410, 411, 412, 413, 414, 417, 418, 419, 420, 421, 426, 427, 428, 434, 436, 439, 446, 448, 449, 450, 451, 452, 453, 455, 456, 457, 458, 460, 461, 462, 464, 466, 468, 469, 470, 471, 473, 474, 476, 477, 479, 482, 484, 485, 486, 488, 490, 491, 493, 494, 496, 498, 506, 507, 508, 509, 513, 515, 516, 517, 518, 519, 520, 521, 522, 524, 527, 528, 530, 531, 533, 534, 539, 540, 542, 545, 552, 554, 556, 557, 558, 560, 561, 562, 563, 565, 566, 569, 570, 572, 577, 580, 581, 584, 585, 586, 588, 589, 590, 591, 592, 593, 596, 598, 600, 608, 610, 612, 620, 622, 623, 624, 625, 626, 628, 630, 635, 636, 637, 639, 674, 679, 680, 681, 683, 684, 686, 733, 753, 754, 755, 757, 759, 760, 762, 763, 764, 767, 768, 769, 772, 790, 791, 792, 793, 794, 796, 797, 798, 799, 800, 801, 802, 804, 805, 806, 807, 808, 809, 810, 813, 815, 816, 817, 818, 819, 820, 823, 856], "summary": {"covered_lines": 345, "num_statements": 377, "percent_covered": 91.9753086419753, "percent_covered_display": "92", "missing_lines": 32, "excluded_lines": 2, "num_branches": 109, "num_partial_branches": 5, "covered_branches": 102, "missing_branches": 7}, "missing_lines": [129, 150, 186, 187, 194, 195, 371, 422, 423, 492, 773, 774, 775, 776, 777, 778, 780, 781, 782, 783, 785, 786, 787, 825, 827, 831, 834, 837, 840, 841, 845, 847], "excluded_lines": [856, 857], "executed_branches": [[122, 123], [122, 126], [126, 127], [133, 134], [133, 135], [135, -135], [135, 135], [135, 136], [135, 137], [137, -137], [137, 132], [137, 137], [147, 148], [161, 162], [161, 163], [163, 164], [163, 165], [165, 166], [165, 167], [201, 202], [201, 205], [205, 206], [205, 209], [206, 205], [206, 207], [216, 217], [216, 218], [263, 264], [263, 271], [271, -271], [271, 271], [271, 272], [282, 283], [282, 292], [283, 284], [283, 286], [286, 287], [286, 289], [299, 300], [299, 304], [304, 305], [304, 308], [308, 309], [308, 312], [341, 342], [341, 347], [355, 356], [355, 359], [360, 362], [360, 379], [362, 363], [362, 377], [364, 365], [364, 373], [368, 369], [368, 370], [370, 377], [374, 375], [374, 377], [403, 404], [403, 407], [460, 461], [460, 464], [473, 474], [473, 476], [488, 490], [488, 513], [491, 493], [493, 494], [493, 496], [506, 507], [506, 508], [515, 516], [515, 517], [517, 518], [517, 519], [519, 520], [519, 521], [521, 522], [521, 524], [533, 534], [533, 539], [539, 540], [560, 561], [560, 565], [570, 572], [570, 580], [588, 589], [588, 591], [628, 630], [628, 674], [635, 636], [635, 637], [679, 680], [679, 681], [760, 762], [760, 772], [790, 791], [790, 796], [796, 797], [796, 804], [804, 805], [804, 813], [815, 816], [815, 818]], "missing_branches": [[126, 129], [147, 150], [370, 371], [491, 492], [539, 542], [785, 786], [785, 790]], "functions": {"_colorize": {"executed_lines": [82, 90], "summary": {"covered_lines": 2, "num_statements": 2, "percent_covered": 100.0, "percent_covered_display": "100", "missing_lines": 0, "excluded_lines": 0, "num_branches": 0, "num_partial_branches": 0, "covered_branches": 0, "missing_branches": 0}, "missing_lines": [], "excluded_lines": [], "executed_branches": [], "missing_branches": []}, "_print_header": {"executed_lines": [95, 96, 97, 98, 99], "summary": {"covered_lines": 5, "num_statements": 5, "percent_covered": 100.0, "percent_covered_display": "100", "missing_lines": 0, "excluded_lines": 0, "num_branches": 0, "num_partial_branches": 0, "covered_branches": 0, "missing_branches": 0}, "missing_lines": [], "excluded_lines": [], "executed_branches": [], "missing_branches": []}, "_print_step": {"executed_lines": [104], "summary": {"covered_lines": 1, "num_statements": 1, "percent_covered": 100.0, "percent_covered_display": "100", "missing_lines": 0, "excluded_lines": 0, "num_branches": 0, "num_partial_branches": 0, "covered_branches": 0, "missing_branches": 0}, "missing_lines": [], "excluded_lines": [], "executed_branches": [], "missing_branches": []}, "_prompt_choice": {"executed_lines": [121, 122, 123, 124, 126, 127, 132, 133, 134, 135, 136, 137], "summary": {"covered_lines": 12, "num_statements": 13, "percent_covered": 91.66666666666667, "percent_covered_display": "92", "missing_lines": 1, "excluded_lines": 0, "num_branches": 11, "num_partial_branches": 1, "covered_branches": 10, "missing_branches": 1}, "missing_lines": [129], "excluded_lines": [], "executed_branches": [[122, 123], [122, 126], [126, 127], [133, 134], [133, 135], [135, -135], [135, 135], [135, 136], [135, 137], [137, -137], [137, 132], [137, 137]], "missing_branches": [[126, 129]]}, "_prompt_text": {"executed_lines": [147, 148, 152, 153], "summary": {"covered_lines": 4, "num_statements": 5, "percent_covered": 71.42857142857143, "percent_covered_display": "71", "missing_lines": 1, "excluded_lines": 0, "num_branches": 2, "num_partial_branches": 1, "covered_branches": 1, "missing_branches": 1}, "missing_lines": [150], "excluded_lines": [], "executed_branches": [[147, 148]], "missing_branches": [[147, 150]]}, "_prompt_yes_no": {"executed_lines": [158, 160, 161, 162, 163, 164, 165, 166, 167], "summary": {"covered_lines": 9, "num_statements": 9, "percent_covered": 100.0, "percent_covered_display": "100", "missing_lines": 0, "excluded_lines": 0, "num_branches": 6, "num_partial_branches": 0, "covered_branches": 6, "missing_branches": 0}, "missing_lines": [], "excluded_lines": [], "executed_branches": [[161, 162], [161, 163], [163, 164], [163, 165], [165, 166], [165, 167]], "missing_branches": []}, "_detect_docker": {"executed_lines": [172], "summary": {"covered_lines": 1, "num_statements": 1, "percent_covered": 100.0, "percent_covered_display": "100", "missing_lines": 0, "excluded_lines": 0, "num_branches": 0, "num_partial_branches": 0, "covered_branches": 0, "missing_branches": 0}, "missing_lines": [], "excluded_lines": [], "executed_branches": [], "missing_branches": []}, "_check_docker_running": {"executed_lines": [177, 178, 185], "summary": {"covered_lines": 3, "num_statements": 5, "percent_covered": 60.0, "percent_covered_display": "60", "missing_lines": 2, "excluded_lines": 0, "num_branches": 0, "num_partial_branches": 0, "covered_branches": 0, "missing_branches": 0}, "missing_lines": [186, 187], "excluded_lines": [], "executed_branches": [], "missing_branches": []}, "_get_cpu_count": {"executed_lines": [192, 193], "summary": {"covered_lines": 2, "num_statements": 4, "percent_covered": 50.0, "percent_covered_display": "50", "missing_lines": 2, "excluded_lines": 0, "num_branches": 0, "num_partial_branches": 0, "covered_branches": 0, "missing_branches": 0}, "missing_lines": [194, 195], "excluded_lines": [], "executed_branches": [], "missing_branches": []}, "_detect_repos_in_dir": {"executed_lines": [200, 201, 202, 205, 206, 207, 209], "summary": {"covered_lines": 7, "num_statements": 7, "percent_covered": 100.0, "percent_covered_display": "100", "missing_lines": 0, "excluded_lines": 0, "num_branches": 6, "num_partial_branches": 0, "covered_branches": 6, "missing_branches": 0}, "missing_lines": [], "excluded_lines": [], "executed_branches": [[201, 202], [201, 205], [205, 206], [205, 209], [206, 205], [206, 207]], "missing_branches": []}, "_validate_path": {"executed_lines": [214, 215, 216, 217, 218, 219, 220], "summary": {"covered_lines": 7, "num_statements": 7, "percent_covered": 100.0, "percent_covered_display": "100", "missing_lines": 0, "excluded_lines": 0, "num_branches": 2, "num_partial_branches": 0, "covered_branches": 2, "missing_branches": 0}, "missing_lines": [], "excluded_lines": [], "executed_branches": [[216, 217], [216, 218]], "missing_branches": []}, "WizardConfig.__init__": {"executed_lines": [227, 228, 229, 230, 231, 232, 233, 234, 235, 236, 237, 238], "summary": {"covered_lines": 12, "num_statements": 12, "percent_covered": 100.0, "percent_covered_display": "100", "missing_lines": 0, "excluded_lines": 0, "num_branches": 0, "num_partial_branches": 0, "covered_branches": 0, "missing_branches": 0}, "missing_lines": [], "excluded_lines": [], "executed_branches": [], "missing_branches": []}, "WizardConfig.to_dict": {"executed_lines": [242], "summary": {"covered_lines": 1, "num_statements": 1, "percent_covered": 100.0, "percent_covered_display": "100", "missing_lines": 0, "excluded_lines": 0, "num_branches": 0, "num_partial_branches": 0, "covered_branches": 0, "missing_branches": 0}, "missing_lines": [], "excluded_lines": [], "executed_branches": [], "missing_branches": []}, "select_profile": {"executed_lines": [260, 262, 263, 264, 265, 266, 267, 268, 269, 271, 272], "summary": {"covered_lines": 11, "num_statements": 11, "percent_covered": 100.0, "percent_covered_display": "100", "missing_lines": 0, "excluded_lines": 0, "num_branches": 4, "num_partial_branches": 0, "covered_branches": 4, "missing_branches": 0}, "missing_lines": [], "excluded_lines": [], "executed_branches": [[263, 264], [263, 271], [271, -271], [271, 271], [271, 272]], "missing_branches": []}, "select_execution_mode": {"executed_lines": [277, 279, 280, 282, 283, 284, 285, 286, 287, 288, 289, 290, 292, 293, 294, 295, 296, 299, 300, 304, 305, 306, 308, 309, 310, 312, 315], "summary": {"covered_lines": 27, "num_statements": 27, "percent_covered": 100.0, "percent_covered_display": "100", "missing_lines": 0, "excluded_lines": 0, "num_branches": 12, "num_partial_branches": 0, "covered_branches": 12, "missing_branches": 0}, "missing_lines": [], "excluded_lines": [], "executed_branches": [[282, 283], [282, 292], [283, 284], [283, 286], [286, 287], [286, 289], [299, 300], [299, 304], [304, 305], [304, 308], [308, 309], [308, 312]], "missing_branches": []}, "select_target": {"executed_lines": [325, 327, 328, 329, 330, 331, 333, 339, 341, 342, 343, 344, 347, 354, 355, 356, 357, 359, 360, 362, 363, 364, 365, 368, 369, 370, 373, 374, 375, 377, 379], "summary": {"covered_lines": 31, "num_statements": 32, "percent_covered": 95.83333333333333, "percent_covered_display": "96", "missing_lines": 1, "excluded_lines": 0, "num_branches": 16, "num_partial_branches": 1, "covered_branches": 15, "missing_branches": 1}, "missing_lines": [371], "excluded_lines": [], "executed_branches": [[341, 342], [341, 347], [355, 356], [355, 359], [360, 362], [360, 379], [362, 363], [362, 377], [364, 365], [364, 373], [368, 369], [368, 370], [370, 377], [374, 375], [374, 377]], "missing_branches": [[370, 371]]}, "configure_advanced": {"executed_lines": [389, 391, 392, 393, 394, 395, 397, 398, 399, 400, 401, 403, 404, 407, 408, 409, 410, 411, 412, 413, 414, 417, 418, 419, 420, 421, 426, 427, 428, 434, 436], "summary": {"covered_lines": 31, "num_statements": 33, "percent_covered": 94.28571428571429, "percent_covered_display": "94", "missing_lines": 2, "excluded_lines": 0, "num_branches": 2, "num_partial_branches": 0, "covered_branches": 2, "missing_branches": 0}, "missing_lines": [422, 423], "excluded_lines": [], "executed_branches": [[403, 404], [403, 407]], "missing_branches": []}, "review_and_confirm": {"executed_lines": [446, 448, 449, 450, 451, 452, 453, 455, 456, 457, 458, 460, 461, 462, 464, 466, 468, 469, 470, 471, 473, 474, 476, 477, 479], "summary": {"covered_lines": 25, "num_statements": 25, "percent_covered": 100.0, "percent_covered_display": "100", "missing_lines": 0, "excluded_lines": 0, "num_branches": 4, "num_partial_branches": 0, "covered_branches": 4, "missing_branches": 0}, "missing_lines": [], "excluded_lines": [], "executed_branches": [[460, 461], [460, 464], [473, 474], [473, 476]], "missing_branches": []}, "generate_command": {"executed_lines": [484, 485, 486, 488, 490, 491, 493, 494, 496, 498, 506, 507, 508, 509, 513, 515, 516, 517, 518, 519, 520, 521, 522, 524, 527, 528, 530, 531, 533, 534, 539, 540, 542], "summary": {"covered_lines": 33, "num_statements": 34, "percent_covered": 94.44444444444444, "percent_covered_display": "94", "missing_lines": 1, "excluded_lines": 0, "num_branches": 20, "num_partial_branches": 2, "covered_branches": 18, "missing_branches": 2}, "missing_lines": [492], "excluded_lines": [], "executed_branches": [[488, 490], [488, 513], [491, 493], [493, 494], [493, 496], [506, 507], [506, 508], [515, 516], [515, 517], [517, 518], [517, 519], [519, 520], [519, 521], [521, 522], [521, 524], [533, 534], [533, 539], [539, 540]], "missing_branches": [[491, 492], [539, 542]]}, "execute_scan": {"executed_lines": [552, 554, 556, 557, 558, 560, 561, 562, 563, 565, 566, 569, 570, 572, 577, 580, 581, 584, 585, 586, 588, 589, 590, 591, 592, 593], "summary": {"covered_lines": 26, "num_statements": 26, "percent_covered": 100.0, "percent_covered_display": "100", "missing_lines": 0, "excluded_lines": 0, "num_branches": 6, "num_partial_branches": 0, "covered_branches": 6, "missing_branches": 0}, "missing_lines": [], "excluded_lines": [], "executed_branches": [[560, 561], [560, 565], [570, 572], [570, 580], [588, 589], [588, 591]], "missing_branches": []}, "generate_makefile_target": {"executed_lines": [598, 600], "summary": {"covered_lines": 2, "num_statements": 2, "percent_covered": 100.0, "percent_covered_display": "100", "missing_lines": 0, "excluded_lines": 0, "num_branches": 0, "num_partial_branches": 0, "covered_branches": 0, "missing_branches": 0}, "missing_lines": [], "excluded_lines": [], "executed_branches": [], "missing_branches": []}, "generate_shell_script": {"executed_lines": [610, 612], "summary": {"covered_lines": 2, "num_statements": 2, "percent_covered": 100.0, "percent_covered_display": "100", "missing_lines": 0, "excluded_lines": 0, "num_branches": 0, "num_partial_branches": 0, "covered_branches": 0, "missing_branches": 0}, "missing_lines": [], "excluded_lines": [], "executed_branches": [], "missing_branches": []}, "generate_github_actions": {"executed_lines": [622, 623, 624, 625, 626, 628, 630, 635, 636, 637, 639, 674, 679, 680, 681, 683, 684, 686], "summary": {"covered_lines": 18, "num_statements": 18, "percent_covered": 100.0, "percent_covered_display": "100", "missing_lines": 0, "excluded_lines": 0, "num_branches": 6, "num_partial_branches": 0, "covered_branches": 6, "missing_branches": 0}, "missing_lines": [], "excluded_lines": [], "executed_branches": [[628, 630], [628, 674], [635, 636], [635, 637], [679, 680], [679, 681]], "missing_branches": []}, "run_wizard": {"executed_lines": [753, 754, 755, 757, 759, 760, 762, 763, 764, 767, 768, 769, 772, 790, 791, 792, 793, 794, 796, 797, 798, 799, 800, 801, 802, 804, 805, 806, 807, 808, 809, 810, 813, 815, 816, 817, 818, 819, 820], "summary": {"covered_lines": 39, "num_statements": 52, "percent_covered": 76.5625, "percent_covered_display": "77", "missing_lines": 13, "excluded_lines": 0, "num_branches": 12, "num_partial_branches": 0, "covered_branches": 10, "missing_branches": 2}, "missing_lines": [773, 774, 775, 776, 777, 778, 780, 781, 782, 783, 785, 786, 787], "excluded_lines": [], "executed_branches": [[760, 762], [760, 772], [790, 791], [790, 796], [796, 797], [796, 804], [804, 805], [804, 813], [815, 816], [815, 818]], "missing_branches": [[785, 786], [785, 790]]}, "main": {"executed_lines": [], "summary": {"covered_lines": 0, "num_statements": 9, "percent_covered": 0.0, "percent_covered_display": "0", "missing_lines": 9, "excluded_lines": 0, "num_branches": 0, "num_partial_branches": 0, "covered_branches": 0, "missing_branches": 0}, "missing_lines": [825, 827, 831, 834, 837, 840, 841, 845, 847], "excluded_lines": [], "executed_branches": [], "missing_branches": []}, "": {"executed_lines": [2, 19, 21, 22, 23, 24, 25, 26, 29, 80, 93, 102, 107, 145, 156, 170, 175, 190, 198, 212, 223, 224, 226, 240, 258, 275, 318, 382, 439, 482, 545, 596, 608, 620, 733, 823, 856], "summary": {"covered_lines": 34, "num_statements": 34, "percent_covered": 100.0, "percent_covered_display": "100", "missing_lines": 0, "excluded_lines": 2, "num_branches": 0, "num_partial_branches": 0, "covered_branches": 0, "missing_branches": 0}, "missing_lines": [], "excluded_lines": [856, 857], "executed_branches": [], "missing_branches": []}}, "classes": {"WizardConfig": {"executed_lines": [227, 228, 229, 230, 231, 232, 233, 234, 235, 236, 237, 238, 242], "summary": {"covered_lines": 13, "num_statements": 13, "percent_covered": 100.0, "percent_covered_display": "100", "missing_lines": 0, "excluded_lines": 0, "num_branches": 0, "num_partial_branches": 0, "covered_branches": 0, "missing_branches": 0}, "missing_lines": [], "excluded_lines": [], "executed_branches": [], "missing_branches": []}, "": {"executed_lines": [2, 19, 21, 22, 23, 24, 25, 26, 29, 80, 82, 90, 93, 95, 96, 97, 98, 99, 102, 104, 107, 121, 122, 123, 124, 126, 127, 132, 133, 134, 135, 136, 137, 145, 147, 148, 152, 153, 156, 158, 160, 161, 162, 163, 164, 165, 166, 167, 170, 172, 175, 177, 178, 185, 190, 192, 193, 198, 200, 201, 202, 205, 206, 207, 209, 212, 214, 215, 216, 217, 218, 219, 220, 223, 224, 226, 240, 258, 260, 262, 263, 264, 265, 266, 267, 268, 269, 271, 272, 275, 277, 279, 280, 282, 283, 284, 285, 286, 287, 288, 289, 290, 292, 293, 294, 295, 296, 299, 300, 304, 305, 306, 308, 309, 310, 312, 315, 318, 325, 327, 328, 329, 330, 331, 333, 339, 341, 342, 343, 344, 347, 354, 355, 356, 357, 359, 360, 362, 363, 364, 365, 368, 369, 370, 373, 374, 375, 377, 379, 382, 389, 391, 392, 393, 394, 395, 397, 398, 399, 400, 401, 403, 404, 407, 408, 409, 410, 411, 412, 413, 414, 417, 418, 419, 420, 421, 426, 427, 428, 434, 436, 439, 446, 448, 449, 450, 451, 452, 453, 455, 456, 457, 458, 460, 461, 462, 464, 466, 468, 469, 470, 471, 473, 474, 476, 477, 479, 482, 484, 485, 486, 488, 490, 491, 493, 494, 496, 498, 506, 507, 508, 509, 513, 515, 516, 517, 518, 519, 520, 521, 522, 524, 527, 528, 530, 531, 533, 534, 539, 540, 542, 545, 552, 554, 556, 557, 558, 560, 561, 562, 563, 565, 566, 569, 570, 572, 577, 580, 581, 584, 585, 586, 588, 589, 590, 591, 592, 593, 596, 598, 600, 608, 610, 612, 620, 622, 623, 624, 625, 626, 628, 630, 635, 636, 637, 639, 674, 679, 680, 681, 683, 684, 686, 733, 753, 754, 755, 757, 759, 760, 762, 763, 764, 767, 768, 769, 772, 790, 791, 792, 793, 794, 796, 797, 798, 799, 800, 801, 802, 804, 805, 806, 807, 808, 809, 810, 813, 815, 816, 817, 818, 819, 820, 823, 856], "summary": {"covered_lines": 332, "num_statements": 364, "percent_covered": 91.75475687103594, "percent_covered_display": "92", "missing_lines": 32, "excluded_lines": 2, "num_branches": 109, "num_partial_branches": 5, "covered_branches": 102, "missing_branches": 7}, "missing_lines": [129, 150, 186, 187, 194, 195, 371, 422, 423, 492, 773, 774, 775, 776, 777, 778, 780, 781, 782, 783, 785, 786, 787, 825, 827, 831, 834, 837, 840, 841, 845, 847], "excluded_lines": [856, 857], "executed_branches": [[122, 123], [122, 126], [126, 127], [133, 134], [133, 135], [135, -135], [135, 135], [135, 136], [135, 137], [137, -137], [137, 132], [137, 137], [147, 148], [161, 162], [161, 163], [163, 164], [163, 165], [165, 166], [165, 167], [201, 202], [201, 205], [205, 206], [205, 209], [206, 205], [206, 207], [216, 217], [216, 218], [263, 264], [263, 271], [271, -271], [271, 271], [271, 272], [282, 283], [282, 292], [283, 284], [283, 286], [286, 287], [286, 289], [299, 300], [299, 304], [304, 305], [304, 308], [308, 309], [308, 312], [341, 342], [341, 347], [355, 356], [355, 359], [360, 362], [360, 379], [362, 363], [362, 377], [364, 365], [364, 373], [368, 369], [368, 370], [370, 377], [374, 375], [374, 377], [403, 404], [403, 407], [460, 461], [460, 464], [473, 474], [473, 476], [488, 490], [488, 513], [491, 493], [493, 494], [493, 496], [506, 507], [506, 508], [515, 516], [515, 517], [517, 518], [517, 519], [519, 520], [519, 521], [521, 522], [521, 524], [533, 534], [533, 539], [539, 540], [560, 561], [560, 565], [570, 572], [570, 580], [588, 589], [588, 591], [628, 630], [628, 674], [635, 636], [635, 637], [679, 680], [679, 681], [760, 762], [760, 772], [790, 791], [790, 796], [796, 797], [796, 804], [804, 805], [804, 813], [815, 816], [815, 818]], "missing_branches": [[126, 129], [147, 150], [370, 371], [491, 492], [539, 542], [785, 786], [785, 790]]}}}, "scripts/core/__init__.py": {"executed_lines": [1], "summary": {"covered_lines": 0, "num_statements": 0, "percent_covered": 100.0, "percent_covered_display": "100", "missing_lines": 0, "excluded_lines": 0, "num_branches": 0, "num_partial_branches": 0, "covered_branches": 0, "missing_branches": 0}, "missing_lines": [], "excluded_lines": [], "executed_branches": [], "missing_branches": [], "functions": {"": {"executed_lines": [1], "summary": {"covered_lines": 0, "num_statements": 0, "percent_covered": 100.0, "percent_covered_display": "100", "missing_lines": 0, "excluded_lines": 0, "num_branches": 0, "num_partial_branches": 0, "covered_branches": 0, "missing_branches": 0}, "missing_lines": [], "excluded_lines": [], "executed_branches": [], "missing_branches": []}}, "classes": {"": {"executed_lines": [1], "summary": {"covered_lines": 0, "num_statements": 0, "percent_covered": 100.0, "percent_covered_display": "100", "missing_lines": 0, "excluded_lines": 0, "num_branches": 0, "num_partial_branches": 0, "covered_branches": 0, "missing_branches": 0}, "missing_lines": [], "excluded_lines": [], "executed_branches": [], "missing_branches": []}}}, "scripts/core/adapters/__init__.py": {"executed_lines": [1], "summary": {"covered_lines": 0, "num_statements": 0, "percent_covered": 100.0, "percent_covered_display": "100", "missing_lines": 0, "excluded_lines": 0, "num_branches": 0, "num_partial_branches": 0, "covered_branches": 0, "missing_branches": 0}, "missing_lines": [], "excluded_lines": [], "executed_branches": [], "missing_branches": [], "functions": {"": {"executed_lines": [1], "summary": {"covered_lines": 0, "num_statements": 0, "percent_covered": 100.0, "percent_covered_display": "100", "missing_lines": 0, "excluded_lines": 0, "num_branches": 0, "num_partial_branches": 0, "covered_branches": 0, "missing_branches": 0}, "missing_lines": [], "excluded_lines": [], "executed_branches": [], "missing_branches": []}}, "classes": {"": {"executed_lines": [1], "summary": {"covered_lines": 0, "num_statements": 0, "percent_covered": 100.0, "percent_covered_display": "100", "missing_lines": 0, "excluded_lines": 0, "num_branches": 0, "num_partial_branches": 0, "covered_branches": 0, "missing_branches": 0}, "missing_lines": [], "excluded_lines": [], "executed_branches": [], "missing_branches": []}}}, "scripts/core/adapters/aflplusplus_adapter.py": {"executed_lines": [2, 9, 11, 12, 13, 15, 18, 20, 23, 38, 41, 42, 45, 46, 51, 77, 78, 79, 81, 82, 83, 84, 86, 89, 92, 93, 99, 101, 102, 104, 105, 107, 108, 111, 112, 113, 114, 115, 116, 117, 118, 121, 122, 125, 126, 127, 128, 131, 132, 133, 136, 139, 140, 143, 144, 145, 146, 148, 149, 150, 151, 152, 155, 156, 157, 158, 159, 162, 163, 164, 165, 167, 198, 200], "summary": {"covered_lines": 73, "num_statements": 79, "percent_covered": 86.66666666666667, "percent_covered_display": "87", "missing_lines": 6, "excluded_lines": 0, "num_branches": 41, "num_partial_branches": 8, "covered_branches": 31, "missing_branches": 10}, "missing_lines": [48, 87, 95, 96, 98, 109], "excluded_lines": [], "executed_branches": [[23, -23], [23, 23], [23, 38], [23, 41], [41, -41], [41, 41], [41, 42], [41, 45], [45, 45], [45, 46], [78, 79], [78, 81], [86, 89], [93, 99], [99, 101], [99, 104], [101, 102], [107, 108], [107, 200], [108, 111], [126, 127], [126, 128], [132, 133], [132, 136], [144, 145], [144, 146], [146, 148], [146, 152], [149, 150], [156, 157], [158, 159], [158, 162], [164, 165], [164, 167]], "missing_branches": [[45, -45], [45, 48], [86, 87], [93, 95], [95, 96], [95, 98], [101, 104], [108, 109], [149, 152], [156, 158]], "functions": {"_crash_type_to_severity": {"executed_lines": [20, 23, 38, 41, 42, 45, 46], "summary": {"covered_lines": 7, "num_statements": 8, "percent_covered": 82.3529411764706, "percent_covered_display": "82", "missing_lines": 1, "excluded_lines": 0, "num_branches": 9, "num_partial_branches": 2, "covered_branches": 7, "missing_branches": 2}, "missing_lines": [48], "excluded_lines": [], "executed_branches": [[23, -23], [23, 23], [23, 38], [23, 41], [41, -41], [41, 41], [41, 42], [41, 45], [45, 45], [45, 46]], "missing_branches": [[45, -45], [45, 48]]}, "load_aflplusplus": {"executed_lines": [77, 78, 79, 81, 82, 83, 84, 86, 89, 92, 93, 99, 101, 102, 104, 105, 107, 108, 111, 112, 113, 114, 115, 116, 117, 118, 121, 122, 125, 126, 127, 128, 131, 132, 133, 136, 139, 140, 143, 144, 145, 146, 148, 149, 150, 151, 152, 155, 156, 157, 158, 159, 162, 163, 164, 165, 167, 198, 200], "summary": {"covered_lines": 59, "num_statements": 64, "percent_covered": 86.45833333333333, "percent_covered_display": "86", "missing_lines": 5, "excluded_lines": 0, "num_branches": 32, "num_partial_branches": 6, "covered_branches": 24, "missing_branches": 8}, "missing_lines": [87, 95, 96, 98, 109], "excluded_lines": [], "executed_branches": [[78, 79], [78, 81], [86, 89], [93, 99], [99, 101], [99, 104], [101, 102], [107, 108], [107, 200], [108, 111], [126, 127], [126, 128], [132, 133], [132, 136], [144, 145], [144, 146], [146, 148], [146, 152], [149, 150], [156, 157], [158, 159], [158, 162], [164, 165], [164, 167]], "missing_branches": [[86, 87], [93, 95], [95, 96], [95, 98], [101, 104], [108, 109], [149, 152], [156, 158]]}, "": {"executed_lines": [2, 9, 11, 12, 13, 15, 18, 51], "summary": {"covered_lines": 7, "num_statements": 7, "percent_covered": 100.0, "percent_covered_display": "100", "missing_lines": 0, "excluded_lines": 0, "num_branches": 0, "num_partial_branches": 0, "covered_branches": 0, "missing_branches": 0}, "missing_lines": [], "excluded_lines": [], "executed_branches": [], "missing_branches": []}}, "classes": {"": {"executed_lines": [2, 9, 11, 12, 13, 15, 18, 20, 23, 38, 41, 42, 45, 46, 51, 77, 78, 79, 81, 82, 83, 84, 86, 89, 92, 93, 99, 101, 102, 104, 105, 107, 108, 111, 112, 113, 114, 115, 116, 117, 118, 121, 122, 125, 126, 127, 128, 131, 132, 133, 136, 139, 140, 143, 144, 145, 146, 148, 149, 150, 151, 152, 155, 156, 157, 158, 159, 162, 163, 164, 165, 167, 198, 200], "summary": {"covered_lines": 73, "num_statements": 79, "percent_covered": 86.66666666666667, "percent_covered_display": "87", "missing_lines": 6, "excluded_lines": 0, "num_branches": 41, "num_partial_branches": 8, "covered_branches": 31, "missing_branches": 10}, "missing_lines": [48, 87, 95, 96, 98, 109], "excluded_lines": [], "executed_branches": [[23, -23], [23, 23], [23, 38], [23, 41], [41, -41], [41, 41], [41, 42], [41, 45], [45, 45], [45, 46], [78, 79], [78, 81], [86, 89], [93, 99], [99, 101], [99, 104], [101, 102], [107, 108], [107, 200], [108, 111], [126, 127], [126, 128], [132, 133], [132, 136], [144, 145], [144, 146], [146, 148], [146, 152], [149, 150], [156, 157], [158, 159], [158, 162], [164, 165], [164, 167]], "missing_branches": [[45, -45], [45, 48], [86, 87], [93, 95], [95, 96], [95, 98], [101, 104], [108, 109], [149, 152], [156, 158]]}}}, "scripts/core/adapters/bandit_adapter.py": {"executed_lines": [2, 22, 24, 25, 26, 28, 31, 32, 33, 34, 35, 36, 37, 38, 39, 40, 41, 43, 44, 45, 46, 47, 49, 50, 52, 53, 54, 55, 62, 63, 64, 65, 66, 67, 73, 74, 75, 76, 92], "summary": {"covered_lines": 38, "num_statements": 38, "percent_covered": 100.0, "percent_covered_display": "100", "missing_lines": 0, "excluded_lines": 0, "num_branches": 14, "num_partial_branches": 0, "covered_branches": 14, "missing_branches": 0}, "missing_lines": [], "excluded_lines": [], "executed_branches": [[33, 34], [33, 35], [36, 37], [36, 38], [46, 47], [46, 49], [49, 50], [49, 52], [52, 53], [52, 92], [53, 54], [53, 55], [65, 66], [65, 67]], "missing_branches": [], "functions": {"load_bandit": {"executed_lines": [32, 33, 34, 35, 36, 37, 38, 39, 40, 41, 43, 44, 45, 46, 47, 49, 50, 52, 53, 54, 55, 62, 63, 64, 65, 66, 67, 73, 74, 75, 76, 92], "summary": {"covered_lines": 32, "num_statements": 32, "percent_covered": 100.0, "percent_covered_display": "100", "missing_lines": 0, "excluded_lines": 0, "num_branches": 14, "num_partial_branches": 0, "covered_branches": 14, "missing_branches": 0}, "missing_lines": [], "excluded_lines": [], "executed_branches": [[33, 34], [33, 35], [36, 37], [36, 38], [46, 47], [46, 49], [49, 50], [49, 52], [52, 53], [52, 92], [53, 54], [53, 55], [65, 66], [65, 67]], "missing_branches": []}, "": {"executed_lines": [2, 22, 24, 25, 26, 28, 31], "summary": {"covered_lines": 6, "num_statements": 6, "percent_covered": 100.0, "percent_covered_display": "100", "missing_lines": 0, "excluded_lines": 0, "num_branches": 0, "num_partial_branches": 0, "covered_branches": 0, "missing_branches": 0}, "missing_lines": [], "excluded_lines": [], "executed_branches": [], "missing_branches": []}}, "classes": {"": {"executed_lines": [2, 22, 24, 25, 26, 28, 31, 32, 33, 34, 35, 36, 37, 38, 39, 40, 41, 43, 44, 45, 46, 47, 49, 50, 52, 53, 54, 55, 62, 63, 64, 65, 66, 67, 73, 74, 75, 76, 92], "summary": {"covered_lines": 38, "num_statements": 38, "percent_covered": 100.0, "percent_covered_display": "100", "missing_lines": 0, "excluded_lines": 0, "num_branches": 14, "num_partial_branches": 0, "covered_branches": 14, "missing_branches": 0}, "missing_lines": [], "excluded_lines": [], "executed_branches": [[33, 34], [33, 35], [36, 37], [36, 38], [46, 47], [46, 49], [49, 50], [49, 52], [52, 53], [52, 92], [53, 54], [53, 55], [65, 66], [65, 67]], "missing_branches": []}}}, "scripts/core/adapters/checkov_adapter.py": {"executed_lines": [2, 7, 9, 10, 11, 13, 16, 17, 18, 19, 20, 21, 22, 23, 24, 25, 26, 28, 30, 31, 32, 33, 34, 36, 37, 39, 40, 41, 42, 43, 44, 45, 47, 48, 49, 50, 51, 52, 53, 72], "summary": {"covered_lines": 39, "num_statements": 40, "percent_covered": 96.29629629629629, "percent_covered_display": "96", "missing_lines": 1, "excluded_lines": 0, "num_branches": 14, "num_partial_branches": 1, "covered_branches": 13, "missing_branches": 1}, "missing_lines": [35], "excluded_lines": [], "executed_branches": [[18, 19], [18, 20], [21, 22], [21, 23], [32, 33], [32, 72], [33, 34], [33, 72], [34, 36], [42, 43], [42, 44], [44, 45], [44, 47]], "missing_branches": [[34, 35]], "functions": {"load_checkov": {"executed_lines": [17, 18, 19, 20, 21, 22, 23, 24, 25, 26, 28, 30, 31, 32, 33, 34, 36, 37, 39, 40, 41, 42, 43, 44, 45, 47, 48, 49, 50, 51, 52, 53, 72], "summary": {"covered_lines": 33, "num_statements": 34, "percent_covered": 95.83333333333333, "percent_covered_display": "96", "missing_lines": 1, "excluded_lines": 0, "num_branches": 14, "num_partial_branches": 1, "covered_branches": 13, "missing_branches": 1}, "missing_lines": [35], "excluded_lines": [], "executed_branches": [[18, 19], [18, 20], [21, 22], [21, 23], [32, 33], [32, 72], [33, 34], [33, 72], [34, 36], [42, 43], [42, 44], [44, 45], [44, 47]], "missing_branches": [[34, 35]]}, "": {"executed_lines": [2, 7, 9, 10, 11, 13, 16], "summary": {"covered_lines": 6, "num_statements": 6, "percent_covered": 100.0, "percent_covered_display": "100", "missing_lines": 0, "excluded_lines": 0, "num_branches": 0, "num_partial_branches": 0, "covered_branches": 0, "missing_branches": 0}, "missing_lines": [], "excluded_lines": [], "executed_branches": [], "missing_branches": []}}, "classes": {"": {"executed_lines": [2, 7, 9, 10, 11, 13, 16, 17, 18, 19, 20, 21, 22, 23, 24, 25, 26, 28, 30, 31, 32, 33, 34, 36, 37, 39, 40, 41, 42, 43, 44, 45, 47, 48, 49, 50, 51, 52, 53, 72], "summary": {"covered_lines": 39, "num_statements": 40, "percent_covered": 96.29629629629629, "percent_covered_display": "96", "missing_lines": 1, "excluded_lines": 0, "num_branches": 14, "num_partial_branches": 1, "covered_branches": 13, "missing_branches": 1}, "missing_lines": [35], "excluded_lines": [], "executed_branches": [[18, 19], [18, 20], [21, 22], [21, 23], [32, 33], [32, 72], [33, 34], [33, 72], [34, 36], [42, 43], [42, 44], [44, 45], [44, 47]], "missing_branches": [[34, 35]]}}}, "scripts/core/adapters/falco_adapter.py": {"executed_lines": [2, 9, 11, 12, 13, 15, 18, 20, 21, 31, 34, 55, 56, 57, 59, 61, 62, 66, 67, 70, 71, 72, 73, 75, 76, 80, 83, 84, 85, 86, 87, 88, 91, 92, 96, 97, 98, 99, 100, 103, 104, 105, 106, 109, 110, 113, 116, 119, 120, 123, 124, 125, 126, 127, 128, 130, 162, 164], "summary": {"covered_lines": 57, "num_statements": 63, "percent_covered": 89.1566265060241, "percent_covered_display": "89", "missing_lines": 6, "excluded_lines": 0, "num_branches": 20, "num_partial_branches": 3, "covered_branches": 17, "missing_branches": 3}, "missing_lines": [63, 64, 77, 78, 81, 93], "excluded_lines": [], "executed_branches": [[56, 57], [56, 59], [66, 67], [66, 70], [70, 71], [70, 164], [72, 73], [72, 75], [80, 83], [92, 96], [105, 106], [106, -106], [106, 106], [106, 109], [124, 125], [124, 126], [126, 127], [126, 128]], "missing_branches": [[80, 81], [92, 93], [105, 109]], "functions": {"_falco_priority_to_severity": {"executed_lines": [20, 21, 31], "summary": {"covered_lines": 3, "num_statements": 3, "percent_covered": 100.0, "percent_covered_display": "100", "missing_lines": 0, "excluded_lines": 0, "num_branches": 0, "num_partial_branches": 0, "covered_branches": 0, "missing_branches": 0}, "missing_lines": [], "excluded_lines": [], "executed_branches": [], "missing_branches": []}, "load_falco": {"executed_lines": [55, 56, 57, 59, 61, 62, 66, 67, 70, 71, 72, 73, 75, 76, 80, 83, 84, 85, 86, 87, 88, 91, 92, 96, 97, 98, 99, 100, 103, 104, 105, 106, 109, 110, 113, 116, 119, 120, 123, 124, 125, 126, 127, 128, 130, 162, 164], "summary": {"covered_lines": 47, "num_statements": 53, "percent_covered": 87.67123287671232, "percent_covered_display": "88", "missing_lines": 6, "excluded_lines": 0, "num_branches": 20, "num_partial_branches": 3, "covered_branches": 17, "missing_branches": 3}, "missing_lines": [63, 64, 77, 78, 81, 93], "excluded_lines": [], "executed_branches": [[56, 57], [56, 59], [66, 67], [66, 70], [70, 71], [70, 164], [72, 73], [72, 75], [80, 83], [92, 96], [105, 106], [106, -106], [106, 106], [106, 109], [124, 125], [124, 126], [126, 127], [126, 128]], "missing_branches": [[80, 81], [92, 93], [105, 109]]}, "": {"executed_lines": [2, 9, 11, 12, 13, 15, 18, 34], "summary": {"covered_lines": 7, "num_statements": 7, "percent_covered": 100.0, "percent_covered_display": "100", "missing_lines": 0, "excluded_lines": 0, "num_branches": 0, "num_partial_branches": 0, "covered_branches": 0, "missing_branches": 0}, "missing_lines": [], "excluded_lines": [], "executed_branches": [], "missing_branches": []}}, "classes": {"": {"executed_lines": [2, 9, 11, 12, 13, 15, 18, 20, 21, 31, 34, 55, 56, 57, 59, 61, 62, 66, 67, 70, 71, 72, 73, 75, 76, 80, 83, 84, 85, 86, 87, 88, 91, 92, 96, 97, 98, 99, 100, 103, 104, 105, 106, 109, 110, 113, 116, 119, 120, 123, 124, 125, 126, 127, 128, 130, 162, 164], "summary": {"covered_lines": 57, "num_statements": 63, "percent_covered": 89.1566265060241, "percent_covered_display": "89", "missing_lines": 6, "excluded_lines": 0, "num_branches": 20, "num_partial_branches": 3, "covered_branches": 17, "missing_branches": 3}, "missing_lines": [63, 64, 77, 78, 81, 93], "excluded_lines": [], "executed_branches": [[56, 57], [56, 59], [66, 67], [66, 70], [70, 71], [70, 164], [72, 73], [72, 75], [80, 83], [92, 96], [105, 106], [106, -106], [106, 106], [106, 109], [124, 125], [124, 126], [126, 127], [126, 128]], "missing_branches": [[80, 81], [92, 93], [105, 109]]}}}, "scripts/core/adapters/gitleaks_adapter.py": {"executed_lines": [2, 9, 11, 12, 13, 15, 22, 23, 24, 25, 26, 27, 29, 30, 31, 32, 33, 34, 35, 38, 39, 40, 41, 42, 43, 44, 45, 46, 47, 49, 51, 52, 53, 60, 67, 68, 69, 70, 71, 72, 78, 79, 82, 83, 84, 89, 90, 94, 95, 98, 99, 102, 103, 107, 108, 112, 113, 114, 117, 131, 150, 152, 155, 156], "summary": {"covered_lines": 63, "num_statements": 72, "percent_covered": 84.48275862068965, "percent_covered_display": "84", "missing_lines": 9, "excluded_lines": 0, "num_branches": 44, "num_partial_branches": 9, "covered_branches": 35, "missing_branches": 9}, "missing_lines": [85, 86, 91, 96, 100, 104, 109, 151, 153], "excluded_lines": [], "executed_branches": [[23, 24], [23, 27], [24, -22], [24, 25], [25, 24], [25, 26], [27, -22], [27, 29], [29, -22], [29, 30], [31, 29], [31, 32], [32, 33], [32, 35], [33, 34], [40, 41], [40, 42], [43, 44], [43, 45], [52, 53], [52, 156], [68, 69], [68, 70], [70, 71], [70, 72], [84, 89], [90, 94], [95, 98], [99, 102], [103, 107], [108, 112], [113, 114], [113, 117], [150, 152], [152, 155]], "missing_branches": [[33, 32], [84, 85], [90, 91], [95, 96], [99, 100], [103, 104], [108, 109], [150, 151], [152, 153]], "functions": {"_iter_findings": {"executed_lines": [23, 24, 25, 26, 27, 29, 30, 31, 32, 33, 34, 35], "summary": {"covered_lines": 12, "num_statements": 12, "percent_covered": 96.42857142857143, "percent_covered_display": "96", "missing_lines": 0, "excluded_lines": 0, "num_branches": 16, "num_partial_branches": 1, "covered_branches": 15, "missing_branches": 1}, "missing_lines": [], "excluded_lines": [], "executed_branches": [[23, 24], [23, 27], [24, -22], [24, 25], [25, 24], [25, 26], [27, -22], [27, 29], [29, -22], [29, 30], [31, 29], [31, 32], [32, 33], [32, 35], [33, 34]], "missing_branches": [[33, 32]]}, "load_gitleaks": {"executed_lines": [39, 40, 41, 42, 43, 44, 45, 46, 47, 49, 51, 52, 53, 60, 67, 68, 69, 70, 71, 72, 78, 79, 82, 83, 84, 89, 90, 94, 95, 98, 99, 102, 103, 107, 108, 112, 113, 114, 117, 131, 150, 152, 155, 156], "summary": {"covered_lines": 44, "num_statements": 53, "percent_covered": 79.01234567901234, "percent_covered_display": "79", "missing_lines": 9, "excluded_lines": 0, "num_branches": 28, "num_partial_branches": 8, "covered_branches": 20, "missing_branches": 8}, "missing_lines": [85, 86, 91, 96, 100, 104, 109, 151, 153], "excluded_lines": [], "executed_branches": [[40, 41], [40, 42], [43, 44], [43, 45], [52, 53], [52, 156], [68, 69], [68, 70], [70, 71], [70, 72], [84, 89], [90, 94], [95, 98], [99, 102], [103, 107], [108, 112], [113, 114], [113, 117], [150, 152], [152, 155]], "missing_branches": [[84, 85], [90, 91], [95, 96], [99, 100], [103, 104], [108, 109], [150, 151], [152, 153]]}, "": {"executed_lines": [2, 9, 11, 12, 13, 15, 22, 38], "summary": {"covered_lines": 7, "num_statements": 7, "percent_covered": 100.0, "percent_covered_display": "100", "missing_lines": 0, "excluded_lines": 0, "num_branches": 0, "num_partial_branches": 0, "covered_branches": 0, "missing_branches": 0}, "missing_lines": [], "excluded_lines": [], "executed_branches": [], "missing_branches": []}}, "classes": {"": {"executed_lines": [2, 9, 11, 12, 13, 15, 22, 23, 24, 25, 26, 27, 29, 30, 31, 32, 33, 34, 35, 38, 39, 40, 41, 42, 43, 44, 45, 46, 47, 49, 51, 52, 53, 60, 67, 68, 69, 70, 71, 72, 78, 79, 82, 83, 84, 89, 90, 94, 95, 98, 99, 102, 103, 107, 108, 112, 113, 114, 117, 131, 150, 152, 155, 156], "summary": {"covered_lines": 63, "num_statements": 72, "percent_covered": 84.48275862068965, "percent_covered_display": "84", "missing_lines": 9, "excluded_lines": 0, "num_branches": 44, "num_partial_branches": 9, "covered_branches": 35, "missing_branches": 9}, "missing_lines": [85, 86, 91, 96, 100, 104, 109, 151, 153], "excluded_lines": [], "executed_branches": [[23, 24], [23, 27], [24, -22], [24, 25], [25, 24], [25, 26], [27, -22], [27, 29], [29, -22], [29, 30], [31, 29], [31, 32], [32, 33], [32, 35], [33, 34], [40, 41], [40, 42], [43, 44], [43, 45], [52, 53], [52, 156], [68, 69], [68, 70], [70, 71], [70, 72], [84, 89], [90, 94], [95, 98], [99, 102], [103, 107], [108, 112], [113, 114], [113, 117], [150, 152], [152, 155]], "missing_branches": [[33, 32], [84, 85], [90, 91], [95, 96], [99, 100], [103, 104], [108, 109], [150, 151], [152, 153]]}}}, "scripts/core/adapters/hadolint_adapter.py": {"executed_lines": [2, 7, 9, 10, 11, 13, 16, 17, 18, 19, 20, 21, 22, 23, 24, 25, 26, 27, 28, 29, 30, 31, 33, 34, 35, 36, 37, 38, 39, 55], "summary": {"covered_lines": 29, "num_statements": 30, "percent_covered": 95.0, "percent_covered_display": "95", "missing_lines": 1, "excluded_lines": 0, "num_branches": 10, "num_partial_branches": 1, "covered_branches": 9, "missing_branches": 1}, "missing_lines": [32], "excluded_lines": [], "executed_branches": [[18, 19], [18, 20], [21, 22], [21, 23], [27, 28], [27, 29], [30, 31], [30, 55], [31, 33]], "missing_branches": [[31, 32]], "functions": {"load_hadolint": {"executed_lines": [17, 18, 19, 20, 21, 22, 23, 24, 25, 26, 27, 28, 29, 30, 31, 33, 34, 35, 36, 37, 38, 39, 55], "summary": {"covered_lines": 23, "num_statements": 24, "percent_covered": 94.11764705882354, "percent_covered_display": "94", "missing_lines": 1, "excluded_lines": 0, "num_branches": 10, "num_partial_branches": 1, "covered_branches": 9, "missing_branches": 1}, "missing_lines": [32], "excluded_lines": [], "executed_branches": [[18, 19], [18, 20], [21, 22], [21, 23], [27, 28], [27, 29], [30, 31], [30, 55], [31, 33]], "missing_branches": [[31, 32]]}, "": {"executed_lines": [2, 7, 9, 10, 11, 13, 16], "summary": {"covered_lines": 6, "num_statements": 6, "percent_covered": 100.0, "percent_covered_display": "100", "missing_lines": 0, "excluded_lines": 0, "num_branches": 0, "num_partial_branches": 0, "covered_branches": 0, "missing_branches": 0}, "missing_lines": [], "excluded_lines": [], "executed_branches": [], "missing_branches": []}}, "classes": {"": {"executed_lines": [2, 7, 9, 10, 11, 13, 16, 17, 18, 19, 20, 21, 22, 23, 24, 25, 26, 27, 28, 29, 30, 31, 33, 34, 35, 36, 37, 38, 39, 55], "summary": {"covered_lines": 29, "num_statements": 30, "percent_covered": 95.0, "percent_covered_display": "95", "missing_lines": 1, "excluded_lines": 0, "num_branches": 10, "num_partial_branches": 1, "covered_branches": 9, "missing_branches": 1}, "missing_lines": [32], "excluded_lines": [], "executed_branches": [[18, 19], [18, 20], [21, 22], [21, 23], [27, 28], [27, 29], [30, 31], [30, 55], [31, 33]], "missing_branches": [[31, 32]]}}}, "scripts/core/adapters/noseyparker_adapter.py": {"executed_lines": [2, 8, 10, 11, 12, 14, 17, 18, 19, 20, 21, 22, 23, 24, 25, 26, 27, 29, 30, 31, 33, 34, 35, 37, 38, 39, 40, 41, 43, 44, 45, 46, 47, 48, 49, 68], "summary": {"covered_lines": 35, "num_statements": 36, "percent_covered": 94.0, "percent_covered_display": "94", "missing_lines": 1, "excluded_lines": 0, "num_branches": 14, "num_partial_branches": 2, "covered_branches": 12, "missing_branches": 2}, "missing_lines": [36], "excluded_lines": [], "executed_branches": [[19, 20], [19, 21], [22, 23], [22, 24], [30, 31], [30, 33], [34, 35], [34, 68], [35, 37], [40, 41], [40, 43], [44, 45]], "missing_branches": [[35, 36], [44, 46]], "functions": {"load_noseyparker": {"executed_lines": [18, 19, 20, 21, 22, 23, 24, 25, 26, 27, 29, 30, 31, 33, 34, 35, 37, 38, 39, 40, 41, 43, 44, 45, 46, 47, 48, 49, 68], "summary": {"covered_lines": 29, "num_statements": 30, "percent_covered": 93.18181818181819, "percent_covered_display": "93", "missing_lines": 1, "excluded_lines": 0, "num_branches": 14, "num_partial_branches": 2, "covered_branches": 12, "missing_branches": 2}, "missing_lines": [36], "excluded_lines": [], "executed_branches": [[19, 20], [19, 21], [22, 23], [22, 24], [30, 31], [30, 33], [34, 35], [34, 68], [35, 37], [40, 41], [40, 43], [44, 45]], "missing_branches": [[35, 36], [44, 46]]}, "": {"executed_lines": [2, 8, 10, 11, 12, 14, 17], "summary": {"covered_lines": 6, "num_statements": 6, "percent_covered": 100.0, "percent_covered_display": "100", "missing_lines": 0, "excluded_lines": 0, "num_branches": 0, "num_partial_branches": 0, "covered_branches": 0, "missing_branches": 0}, "missing_lines": [], "excluded_lines": [], "executed_branches": [], "missing_branches": []}}, "classes": {"": {"executed_lines": [2, 8, 10, 11, 12, 14, 17, 18, 19, 20, 21, 22, 23, 24, 25, 26, 27, 29, 30, 31, 33, 34, 35, 37, 38, 39, 40, 41, 43, 44, 45, 46, 47, 48, 49, 68], "summary": {"covered_lines": 35, "num_statements": 36, "percent_covered": 94.0, "percent_covered_display": "94", "missing_lines": 1, "excluded_lines": 0, "num_branches": 14, "num_partial_branches": 2, "covered_branches": 12, "missing_branches": 2}, "missing_lines": [36], "excluded_lines": [], "executed_branches": [[19, 20], [19, 21], [22, 23], [22, 24], [30, 31], [30, 33], [34, 35], [34, 68], [35, 37], [40, 41], [40, 43], [44, 45]], "missing_branches": [[35, 36], [44, 46]]}}}, "scripts/core/adapters/osv_adapter.py": {"executed_lines": [2, 8, 9, 10, 11, 13, 16, 21, 22, 23, 24, 25, 28, 30, 31, 39, 40, 41, 42, 43, 44, 45, 46, 47, 48, 49, 51, 52, 55, 56, 57, 58, 63, 66, 67, 68, 69, 70, 71, 72, 73, 74, 75, 76, 77, 78, 79, 80, 81, 82, 101], "summary": {"covered_lines": 50, "num_statements": 59, "percent_covered": 80.72289156626506, "percent_covered_display": "81", "missing_lines": 9, "excluded_lines": 0, "num_branches": 24, "num_partial_branches": 3, "covered_branches": 17, "missing_branches": 7}, "missing_lines": [26, 27, 29, 32, 33, 34, 35, 36, 53], "excluded_lines": [], "executed_branches": [[22, 23], [22, 24], [28, 30], [30, 31], [41, 42], [41, 43], [44, 45], [44, 46], [52, 55], [56, 57], [56, 101], [66, 67], [66, 68], [68, 56], [68, 69], [72, 73], [72, 78]], "missing_branches": [[28, 29], [30, 32], [32, 33], [32, 34], [34, 35], [34, 36], [52, 53]], "functions": {"_cvss_to_sev": {"executed_lines": [22, 23, 24, 25, 28, 30, 31], "summary": {"covered_lines": 7, "num_statements": 15, "percent_covered": 44.0, "percent_covered_display": "44", "missing_lines": 8, "excluded_lines": 0, "num_branches": 10, "num_partial_branches": 2, "covered_branches": 4, "missing_branches": 6}, "missing_lines": [26, 27, 29, 32, 33, 34, 35, 36], "excluded_lines": [], "executed_branches": [[22, 23], [22, 24], [28, 30], [30, 31]], "missing_branches": [[28, 29], [30, 32], [32, 33], [32, 34], [34, 35], [34, 36]]}, "load_osv": {"executed_lines": [40, 41, 42, 43, 44, 45, 46, 47, 48, 49, 51, 52, 55, 56, 57, 58, 63, 66, 67, 68, 69, 70, 71, 72, 73, 74, 75, 76, 77, 78, 79, 80, 81, 82, 101], "summary": {"covered_lines": 35, "num_statements": 36, "percent_covered": 96.0, "percent_covered_display": "96", "missing_lines": 1, "excluded_lines": 0, "num_branches": 14, "num_partial_branches": 1, "covered_branches": 13, "missing_branches": 1}, "missing_lines": [53], "excluded_lines": [], "executed_branches": [[41, 42], [41, 43], [44, 45], [44, 46], [52, 55], [56, 57], [56, 101], [66, 67], [66, 68], [68, 56], [68, 69], [72, 73], [72, 78]], "missing_branches": [[52, 53]]}, "": {"executed_lines": [2, 8, 9, 10, 11, 13, 16, 21, 39], "summary": {"covered_lines": 8, "num_statements": 8, "percent_covered": 100.0, "percent_covered_display": "100", "missing_lines": 0, "excluded_lines": 0, "num_branches": 0, "num_partial_branches": 0, "covered_branches": 0, "missing_branches": 0}, "missing_lines": [], "excluded_lines": [], "executed_branches": [], "missing_branches": []}}, "classes": {"": {"executed_lines": [2, 8, 9, 10, 11, 13, 16, 21, 22, 23, 24, 25, 28, 30, 31, 39, 40, 41, 42, 43, 44, 45, 46, 47, 48, 49, 51, 52, 55, 56, 57, 58, 63, 66, 67, 68, 69, 70, 71, 72, 73, 74, 75, 76, 77, 78, 79, 80, 81, 82, 101], "summary": {"covered_lines": 50, "num_statements": 59, "percent_covered": 80.72289156626506, "percent_covered_display": "81", "missing_lines": 9, "excluded_lines": 0, "num_branches": 24, "num_partial_branches": 3, "covered_branches": 17, "missing_branches": 7}, "missing_lines": [26, 27, 29, 32, 33, 34, 35, 36, 53], "excluded_lines": [], "executed_branches": [[22, 23], [22, 24], [28, 30], [30, 31], [41, 42], [41, 43], [44, 45], [44, 46], [52, 55], [56, 57], [56, 101], [66, 67], [66, 68], [68, 56], [68, 69], [72, 73], [72, 78]], "missing_branches": [[28, 29], [30, 32], [32, 33], [32, 34], [34, 35], [34, 36], [52, 53]]}}}, "scripts/core/adapters/semgrep_adapter.py": {"executed_lines": [2, 7, 9, 10, 11, 13, 20, 27, 28, 29, 30, 31, 32, 33, 34, 35, 36, 37, 39, 40, 41, 43, 44, 45, 46, 47, 48, 53, 54, 55, 56, 57, 58, 59, 61, 62, 64, 65, 70, 71, 74, 77, 78, 79, 80, 91, 92, 93, 95, 96, 97, 98, 99, 102, 103, 104, 105, 106, 109, 110, 111, 114, 115, 116, 117, 118, 119, 122, 123, 124, 126, 148, 149, 150, 151, 153, 154], "summary": {"covered_lines": 76, "num_statements": 77, "percent_covered": 98.2905982905983, "percent_covered_display": "98", "missing_lines": 1, "excluded_lines": 0, "num_branches": 40, "num_partial_branches": 1, "covered_branches": 39, "missing_branches": 1}, "missing_lines": [63], "excluded_lines": [], "executed_branches": [[29, 30], [29, 31], [32, 33], [32, 34], [40, 41], [40, 43], [44, 45], [44, 154], [45, 46], [45, 47], [58, 59], [58, 61], [62, 64], [65, 65], [65, 70], [65, 71], [79, 80], [79, 91], [93, 95], [93, 122], [96, 97], [96, 98], [98, 99], [98, 102], [103, 104], [103, 105], [105, 106], [105, 109], [110, 111], [110, 114], [115, 116], [115, 117], [118, 119], [118, 122], [123, 124], [123, 126], [148, 149], [148, 150], [150, 151], [150, 153]], "missing_branches": [[62, 63]], "functions": {"load_semgrep": {"executed_lines": [28, 29, 30, 31, 32, 33, 34, 35, 36, 37, 39, 40, 41, 43, 44, 45, 46, 47, 48, 53, 54, 55, 56, 57, 58, 59, 61, 62, 64, 65, 70, 71, 74, 77, 78, 79, 80, 91, 92, 93, 95, 96, 97, 98, 99, 102, 103, 104, 105, 106, 109, 110, 111, 114, 115, 116, 117, 118, 119, 122, 123, 124, 126, 148, 149, 150, 151, 153, 154], "summary": {"covered_lines": 69, "num_statements": 70, "percent_covered": 98.18181818181819, "percent_covered_display": "98", "missing_lines": 1, "excluded_lines": 0, "num_branches": 40, "num_partial_branches": 1, "covered_branches": 39, "missing_branches": 1}, "missing_lines": [63], "excluded_lines": [], "executed_branches": [[29, 30], [29, 31], [32, 33], [32, 34], [40, 41], [40, 43], [44, 45], [44, 154], [45, 46], [45, 47], [58, 59], [58, 61], [62, 64], [65, 65], [65, 70], [65, 71], [79, 80], [79, 91], [93, 95], [93, 122], [96, 97], [96, 98], [98, 99], [98, 102], [103, 104], [103, 105], [105, 106], [105, 109], [110, 111], [110, 114], [115, 116], [115, 117], [118, 119], [118, 122], [123, 124], [123, 126], [148, 149], [148, 150], [150, 151], [150, 153]], "missing_branches": [[62, 63]]}, "": {"executed_lines": [2, 7, 9, 10, 11, 13, 20, 27], "summary": {"covered_lines": 7, "num_statements": 7, "percent_covered": 100.0, "percent_covered_display": "100", "missing_lines": 0, "excluded_lines": 0, "num_branches": 0, "num_partial_branches": 0, "covered_branches": 0, "missing_branches": 0}, "missing_lines": [], "excluded_lines": [], "executed_branches": [], "missing_branches": []}}, "classes": {"": {"executed_lines": [2, 7, 9, 10, 11, 13, 20, 27, 28, 29, 30, 31, 32, 33, 34, 35, 36, 37, 39, 40, 41, 43, 44, 45, 46, 47, 48, 53, 54, 55, 56, 57, 58, 59, 61, 62, 64, 65, 70, 71, 74, 77, 78, 79, 80, 91, 92, 93, 95, 96, 97, 98, 99, 102, 103, 104, 105, 106, 109, 110, 111, 114, 115, 116, 117, 118, 119, 122, 123, 124, 126, 148, 149, 150, 151, 153, 154], "summary": {"covered_lines": 76, "num_statements": 77, "percent_covered": 98.2905982905983, "percent_covered_display": "98", "missing_lines": 1, "excluded_lines": 0, "num_branches": 40, "num_partial_branches": 1, "covered_branches": 39, "missing_branches": 1}, "missing_lines": [63], "excluded_lines": [], "executed_branches": [[29, 30], [29, 31], [32, 33], [32, 34], [40, 41], [40, 43], [44, 45], [44, 154], [45, 46], [45, 47], [58, 59], [58, 61], [62, 64], [65, 65], [65, 70], [65, 71], [79, 80], [79, 91], [93, 95], [93, 122], [96, 97], [96, 98], [98, 99], [98, 102], [103, 104], [103, 105], [105, 106], [105, 109], [110, 111], [110, 114], [115, 116], [115, 117], [118, 119], [118, 122], [123, 124], [123, 126], [148, 149], [148, 150], [150, 151], [150, 153]], "missing_branches": [[62, 63]]}}}, "scripts/core/adapters/syft_adapter.py": {"executed_lines": [2, 12, 14, 15, 16, 18, 21, 22, 23, 24, 25, 26, 27, 28, 29, 30, 31, 33, 34, 35, 36, 37, 38, 39, 40, 41, 42, 43, 44, 45, 46, 47, 48, 68, 69, 70, 71, 72, 73, 74, 75, 77, 78, 79, 80, 81, 82, 83, 84, 85, 86, 87, 88, 89, 109], "summary": {"covered_lines": 54, "num_statements": 54, "percent_covered": 90.0, "percent_covered_display": "90", "missing_lines": 0, "excluded_lines": 0, "num_branches": 26, "num_partial_branches": 8, "covered_branches": 18, "missing_branches": 8}, "missing_lines": [], "excluded_lines": [], "executed_branches": [[23, 24], [23, 25], [26, 27], [26, 28], [35, 36], [36, 37], [36, 68], [41, 42], [43, 44], [69, 70], [69, 109], [70, 71], [70, 109], [75, 77], [77, 78], [78, 79], [83, 84], [85, 86]], "missing_branches": [[35, 68], [41, 45], [43, 45], [75, 81], [77, 81], [78, 77], [83, 87], [85, 87]], "functions": {"load_syft": {"executed_lines": [22, 23, 24, 25, 26, 27, 28, 29, 30, 31, 33, 34, 35, 36, 37, 38, 39, 40, 41, 42, 43, 44, 45, 46, 47, 48, 68, 69, 70, 71, 72, 73, 74, 75, 77, 78, 79, 80, 81, 82, 83, 84, 85, 86, 87, 88, 89, 109], "summary": {"covered_lines": 48, "num_statements": 48, "percent_covered": 89.1891891891892, "percent_covered_display": "89", "missing_lines": 0, "excluded_lines": 0, "num_branches": 26, "num_partial_branches": 8, "covered_branches": 18, "missing_branches": 8}, "missing_lines": [], "excluded_lines": [], "executed_branches": [[23, 24], [23, 25], [26, 27], [26, 28], [35, 36], [36, 37], [36, 68], [41, 42], [43, 44], [69, 70], [69, 109], [70, 71], [70, 109], [75, 77], [77, 78], [78, 79], [83, 84], [85, 86]], "missing_branches": [[35, 68], [41, 45], [43, 45], [75, 81], [77, 81], [78, 77], [83, 87], [85, 87]]}, "": {"executed_lines": [2, 12, 14, 15, 16, 18, 21], "summary": {"covered_lines": 6, "num_statements": 6, "percent_covered": 100.0, "percent_covered_display": "100", "missing_lines": 0, "excluded_lines": 0, "num_branches": 0, "num_partial_branches": 0, "covered_branches": 0, "missing_branches": 0}, "missing_lines": [], "excluded_lines": [], "executed_branches": [], "missing_branches": []}}, "classes": {"": {"executed_lines": [2, 12, 14, 15, 16, 18, 21, 22, 23, 24, 25, 26, 27, 28, 29, 30, 31, 33, 34, 35, 36, 37, 38, 39, 40, 41, 42, 43, 44, 45, 46, 47, 48, 68, 69, 70, 71, 72, 73, 74, 75, 77, 78, 79, 80, 81, 82, 83, 84, 85, 86, 87, 88, 89, 109], "summary": {"covered_lines": 54, "num_statements": 54, "percent_covered": 90.0, "percent_covered_display": "90", "missing_lines": 0, "excluded_lines": 0, "num_branches": 26, "num_partial_branches": 8, "covered_branches": 18, "missing_branches": 8}, "missing_lines": [], "excluded_lines": [], "executed_branches": [[23, 24], [23, 25], [26, 27], [26, 28], [35, 36], [36, 37], [36, 68], [41, 42], [43, 44], [69, 70], [69, 109], [70, 71], [70, 109], [75, 77], [77, 78], [78, 79], [83, 84], [85, 86]], "missing_branches": [[35, 68], [41, 45], [43, 45], [75, 81], [77, 81], [78, 77], [83, 87], [85, 87]]}}}, "scripts/core/adapters/tfsec_adapter.py": {"executed_lines": [2, 7, 9, 10, 11, 13, 16, 17, 18, 19, 20, 21, 22, 23, 24, 25, 26, 28, 29, 30, 31, 32, 33, 35, 36, 39, 42, 43, 44, 45, 66], "summary": {"covered_lines": 30, "num_statements": 31, "percent_covered": 95.1219512195122, "percent_covered_display": "95", "missing_lines": 1, "excluded_lines": 0, "num_branches": 10, "num_partial_branches": 1, "covered_branches": 9, "missing_branches": 1}, "missing_lines": [34], "excluded_lines": [], "executed_branches": [[18, 19], [18, 20], [21, 22], [21, 23], [29, 30], [29, 31], [32, 33], [32, 66], [33, 35]], "missing_branches": [[33, 34]], "functions": {"load_tfsec": {"executed_lines": [17, 18, 19, 20, 21, 22, 23, 24, 25, 26, 28, 29, 30, 31, 32, 33, 35, 36, 39, 42, 43, 44, 45, 66], "summary": {"covered_lines": 24, "num_statements": 25, "percent_covered": 94.28571428571429, "percent_covered_display": "94", "missing_lines": 1, "excluded_lines": 0, "num_branches": 10, "num_partial_branches": 1, "covered_branches": 9, "missing_branches": 1}, "missing_lines": [34], "excluded_lines": [], "executed_branches": [[18, 19], [18, 20], [21, 22], [21, 23], [29, 30], [29, 31], [32, 33], [32, 66], [33, 35]], "missing_branches": [[33, 34]]}, "": {"executed_lines": [2, 7, 9, 10, 11, 13, 16], "summary": {"covered_lines": 6, "num_statements": 6, "percent_covered": 100.0, "percent_covered_display": "100", "missing_lines": 0, "excluded_lines": 0, "num_branches": 0, "num_partial_branches": 0, "covered_branches": 0, "missing_branches": 0}, "missing_lines": [], "excluded_lines": [], "executed_branches": [], "missing_branches": []}}, "classes": {"": {"executed_lines": [2, 7, 9, 10, 11, 13, 16, 17, 18, 19, 20, 21, 22, 23, 24, 25, 26, 28, 29, 30, 31, 32, 33, 35, 36, 39, 42, 43, 44, 45, 66], "summary": {"covered_lines": 30, "num_statements": 31, "percent_covered": 95.1219512195122, "percent_covered_display": "95", "missing_lines": 1, "excluded_lines": 0, "num_branches": 10, "num_partial_branches": 1, "covered_branches": 9, "missing_branches": 1}, "missing_lines": [34], "excluded_lines": [], "executed_branches": [[18, 19], [18, 20], [21, 22], [21, 23], [29, 30], [29, 31], [32, 33], [32, 66], [33, 35]], "missing_branches": [[33, 34]]}}}, "scripts/core/adapters/trivy_adapter.py": {"executed_lines": [2, 7, 8, 9, 10, 12, 19, 20, 21, 22, 23, 24, 25, 26, 27, 28, 29, 31, 32, 33, 35, 36, 37, 38, 39, 40, 41, 46, 47, 48, 49, 55, 56, 57, 58, 59, 68, 69, 75, 76, 77, 78, 80, 81, 84, 106, 108, 111, 112], "summary": {"covered_lines": 48, "num_statements": 52, "percent_covered": 88.46153846153847, "percent_covered_display": "88", "missing_lines": 4, "excluded_lines": 0, "num_branches": 26, "num_partial_branches": 5, "covered_branches": 21, "missing_branches": 5}, "missing_lines": [70, 82, 107, 109], "excluded_lines": [], "executed_branches": [[21, 22], [21, 23], [24, 25], [24, 26], [32, 33], [32, 35], [36, 37], [36, 112], [41, 36], [41, 41], [41, 46], [46, 47], [46, 48], [48, 41], [48, 49], [69, 75], [76, 77], [76, 84], [78, 80], [81, 84], [106, 108], [108, 111]], "missing_branches": [[69, 70], [78, 84], [81, 82], [106, 107], [108, 109]], "functions": {"load_trivy": {"executed_lines": [20, 21, 22, 23, 24, 25, 26, 27, 28, 29, 31, 32, 33, 35, 36, 37, 38, 39, 40, 41, 46, 47, 48, 49, 55, 56, 57, 58, 59, 68, 69, 75, 76, 77, 78, 80, 81, 84, 106, 108, 111, 112], "summary": {"covered_lines": 42, "num_statements": 46, "percent_covered": 87.5, "percent_covered_display": "88", "missing_lines": 4, "excluded_lines": 0, "num_branches": 26, "num_partial_branches": 5, "covered_branches": 21, "missing_branches": 5}, "missing_lines": [70, 82, 107, 109], "excluded_lines": [], "executed_branches": [[21, 22], [21, 23], [24, 25], [24, 26], [32, 33], [32, 35], [36, 37], [36, 112], [41, 36], [41, 41], [41, 46], [46, 47], [46, 48], [48, 41], [48, 49], [69, 75], [76, 77], [76, 84], [78, 80], [81, 84], [106, 108], [108, 111]], "missing_branches": [[69, 70], [78, 84], [81, 82], [106, 107], [108, 109]]}, "": {"executed_lines": [2, 7, 8, 9, 10, 12, 19], "summary": {"covered_lines": 6, "num_statements": 6, "percent_covered": 100.0, "percent_covered_display": "100", "missing_lines": 0, "excluded_lines": 0, "num_branches": 0, "num_partial_branches": 0, "covered_branches": 0, "missing_branches": 0}, "missing_lines": [], "excluded_lines": [], "executed_branches": [], "missing_branches": []}}, "classes": {"": {"executed_lines": [2, 7, 8, 9, 10, 12, 19, 20, 21, 22, 23, 24, 25, 26, 27, 28, 29, 31, 32, 33, 35, 36, 37, 38, 39, 40, 41, 46, 47, 48, 49, 55, 56, 57, 58, 59, 68, 69, 75, 76, 77, 78, 80, 81, 84, 106, 108, 111, 112], "summary": {"covered_lines": 48, "num_statements": 52, "percent_covered": 88.46153846153847, "percent_covered_display": "88", "missing_lines": 4, "excluded_lines": 0, "num_branches": 26, "num_partial_branches": 5, "covered_branches": 21, "missing_branches": 5}, "missing_lines": [70, 82, 107, 109], "excluded_lines": [], "executed_branches": [[21, 22], [21, 23], [24, 25], [24, 26], [32, 33], [32, 35], [36, 37], [36, 112], [41, 36], [41, 41], [41, 46], [46, 47], [46, 48], [48, 41], [48, 49], [69, 75], [76, 77], [76, 84], [78, 80], [81, 84], [106, 108], [108, 111]], "missing_branches": [[69, 70], [78, 84], [81, 82], [106, 107], [108, 109]]}}}, "scripts/core/adapters/trufflehog_adapter.py": {"executed_lines": [2, 11, 13, 14, 15, 17, 20, 21, 23, 24, 25, 26, 27, 30, 31, 32, 33, 35, 36, 37, 38, 39, 40, 41, 42, 44, 45, 46, 48, 49, 52, 53, 54, 55, 56, 57, 60, 61, 62, 63, 64, 65, 66, 67, 69, 70, 71, 72, 73, 74, 75, 77, 78, 79, 80, 81, 82, 83, 84, 85, 86, 87, 88, 107], "summary": {"covered_lines": 63, "num_statements": 67, "percent_covered": 89.52380952380952, "percent_covered_display": "90", "missing_lines": 4, "excluded_lines": 0, "num_branches": 38, "num_partial_branches": 7, "covered_branches": 31, "missing_branches": 7}, "missing_lines": [22, 47, 50, 51], "excluded_lines": [], "executed_branches": [[21, 23], [23, 24], [23, 25], [25, 26], [26, -20], [26, 27], [32, 33], [32, 35], [37, 38], [37, 40], [38, 39], [44, -30], [44, 45], [46, 48], [52, 53], [52, 54], [54, 55], [55, 44], [55, 56], [56, 57], [62, 63], [62, 64], [65, 66], [65, 107], [72, 73], [72, 77], [74, 75], [79, 80], [79, 81], [81, 82], [81, 83]], "missing_branches": [[21, 22], [25, -20], [38, 37], [46, 47], [54, 44], [56, 55], [74, 77]], "functions": {"_flatten": {"executed_lines": [21, 23, 24, 25, 26, 27], "summary": {"covered_lines": 6, "num_statements": 7, "percent_covered": 80.0, "percent_covered_display": "80", "missing_lines": 1, "excluded_lines": 0, "num_branches": 8, "num_partial_branches": 2, "covered_branches": 6, "missing_branches": 2}, "missing_lines": [22], "excluded_lines": [], "executed_branches": [[21, 23], [23, 24], [23, 25], [25, 26], [26, -20], [26, 27]], "missing_branches": [[21, 22], [25, -20]]}, "_iter_trufflehog": {"executed_lines": [31, 32, 33, 35, 36, 37, 38, 39, 40, 41, 42, 44, 45, 46, 48, 49, 52, 53, 54, 55, 56, 57], "summary": {"covered_lines": 22, "num_statements": 25, "percent_covered": 83.72093023255815, "percent_covered_display": "84", "missing_lines": 3, "excluded_lines": 0, "num_branches": 18, "num_partial_branches": 4, "covered_branches": 14, "missing_branches": 4}, "missing_lines": [47, 50, 51], "excluded_lines": [], "executed_branches": [[32, 33], [32, 35], [37, 38], [37, 40], [38, 39], [44, -30], [44, 45], [46, 48], [52, 53], [52, 54], [54, 55], [55, 44], [55, 56], [56, 57]], "missing_branches": [[38, 37], [46, 47], [54, 44], [56, 55]]}, "load_trufflehog": {"executed_lines": [61, 62, 63, 64, 65, 66, 67, 69, 70, 71, 72, 73, 74, 75, 77, 78, 79, 80, 81, 82, 83, 84, 85, 86, 87, 88, 107], "summary": {"covered_lines": 27, "num_statements": 27, "percent_covered": 97.43589743589743, "percent_covered_display": "97", "missing_lines": 0, "excluded_lines": 0, "num_branches": 12, "num_partial_branches": 1, "covered_branches": 11, "missing_branches": 1}, "missing_lines": [], "excluded_lines": [], "executed_branches": [[62, 63], [62, 64], [65, 66], [65, 107], [72, 73], [72, 77], [74, 75], [79, 80], [79, 81], [81, 82], [81, 83]], "missing_branches": [[74, 77]]}, "": {"executed_lines": [2, 11, 13, 14, 15, 17, 20, 30, 60], "summary": {"covered_lines": 8, "num_statements": 8, "percent_covered": 100.0, "percent_covered_display": "100", "missing_lines": 0, "excluded_lines": 0, "num_branches": 0, "num_partial_branches": 0, "covered_branches": 0, "missing_branches": 0}, "missing_lines": [], "excluded_lines": [], "executed_branches": [], "missing_branches": []}}, "classes": {"": {"executed_lines": [2, 11, 13, 14, 15, 17, 20, 21, 23, 24, 25, 26, 27, 30, 31, 32, 33, 35, 36, 37, 38, 39, 40, 41, 42, 44, 45, 46, 48, 49, 52, 53, 54, 55, 56, 57, 60, 61, 62, 63, 64, 65, 66, 67, 69, 70, 71, 72, 73, 74, 75, 77, 78, 79, 80, 81, 82, 83, 84, 85, 86, 87, 88, 107], "summary": {"covered_lines": 63, "num_statements": 67, "percent_covered": 89.52380952380952, "percent_covered_display": "90", "missing_lines": 4, "excluded_lines": 0, "num_branches": 38, "num_partial_branches": 7, "covered_branches": 31, "missing_branches": 7}, "missing_lines": [22, 47, 50, 51], "excluded_lines": [], "executed_branches": [[21, 23], [23, 24], [23, 25], [25, 26], [26, -20], [26, 27], [32, 33], [32, 35], [37, 38], [37, 40], [38, 39], [44, -30], [44, 45], [46, 48], [52, 53], [52, 54], [54, 55], [55, 44], [55, 56], [56, 57], [62, 63], [62, 64], [65, 66], [65, 107], [72, 73], [72, 77], [74, 75], [79, 80], [79, 81], [81, 82], [81, 83]], "missing_branches": [[21, 22], [25, -20], [38, 37], [46, 47], [54, 44], [56, 55], [74, 77]]}}}, "scripts/core/adapters/zap_adapter.py": {"executed_lines": [2, 10, 12, 13, 14, 16, 19, 21, 22, 29, 32, 63, 64, 65, 67, 68, 69, 70, 72, 75, 78, 79, 82, 83, 86, 87, 90, 91, 94, 95, 96, 97, 98, 99, 100, 101, 103, 104, 107, 108, 110, 112, 113, 116, 117, 118, 119, 122, 125, 126, 127, 128, 129, 130, 133, 134, 135, 138, 139, 140, 141, 142, 143, 146, 147, 148, 149, 150, 151, 153, 193, 195], "summary": {"covered_lines": 71, "num_statements": 77, "percent_covered": 88.49557522123894, "percent_covered_display": "88", "missing_lines": 6, "excluded_lines": 0, "num_branches": 36, "num_partial_branches": 7, "covered_branches": 29, "missing_branches": 7}, "missing_lines": [73, 80, 84, 88, 92, 114], "excluded_lines": [], "executed_branches": [[64, 65], [64, 67], [72, 75], [79, 82], [82, 83], [82, 195], [83, 86], [87, 90], [90, 82], [90, 91], [91, 94], [108, 110], [108, 112], [112, 90], [112, 113], [113, 116], [126, 127], [126, 128], [128, 129], [128, 130], [139, 140], [139, 141], [141, 142], [141, 143], [147, 148], [147, 153], [148, 149], [148, 153], [150, 151]], "missing_branches": [[72, 73], [79, 80], [83, 84], [87, 88], [91, 92], [113, 114], [150, 148]], "functions": {"_zap_risk_to_severity": {"executed_lines": [21, 22, 29], "summary": {"covered_lines": 3, "num_statements": 3, "percent_covered": 100.0, "percent_covered_display": "100", "missing_lines": 0, "excluded_lines": 0, "num_branches": 0, "num_partial_branches": 0, "covered_branches": 0, "missing_branches": 0}, "missing_lines": [], "excluded_lines": [], "executed_branches": [], "missing_branches": []}, "load_zap": {"executed_lines": [63, 64, 65, 67, 68, 69, 70, 72, 75, 78, 79, 82, 83, 86, 87, 90, 91, 94, 95, 96, 97, 98, 99, 100, 101, 103, 104, 107, 108, 110, 112, 113, 116, 117, 118, 119, 122, 125, 126, 127, 128, 129, 130, 133, 134, 135, 138, 139, 140, 141, 142, 143, 146, 147, 148, 149, 150, 151, 153, 193, 195], "summary": {"covered_lines": 61, "num_statements": 67, "percent_covered": 87.37864077669903, "percent_covered_display": "87", "missing_lines": 6, "excluded_lines": 0, "num_branches": 36, "num_partial_branches": 7, "covered_branches": 29, "missing_branches": 7}, "missing_lines": [73, 80, 84, 88, 92, 114], "excluded_lines": [], "executed_branches": [[64, 65], [64, 67], [72, 75], [79, 82], [82, 83], [82, 195], [83, 86], [87, 90], [90, 82], [90, 91], [91, 94], [108, 110], [108, 112], [112, 90], [112, 113], [113, 116], [126, 127], [126, 128], [128, 129], [128, 130], [139, 140], [139, 141], [141, 142], [141, 143], [147, 148], [147, 153], [148, 149], [148, 153], [150, 151]], "missing_branches": [[72, 73], [79, 80], [83, 84], [87, 88], [91, 92], [113, 114], [150, 148]]}, "": {"executed_lines": [2, 10, 12, 13, 14, 16, 19, 32], "summary": {"covered_lines": 7, "num_statements": 7, "percent_covered": 100.0, "percent_covered_display": "100", "missing_lines": 0, "excluded_lines": 0, "num_branches": 0, "num_partial_branches": 0, "covered_branches": 0, "missing_branches": 0}, "missing_lines": [], "excluded_lines": [], "executed_branches": [], "missing_branches": []}}, "classes": {"": {"executed_lines": [2, 10, 12, 13, 14, 16, 19, 21, 22, 29, 32, 63, 64, 65, 67, 68, 69, 70, 72, 75, 78, 79, 82, 83, 86, 87, 90, 91, 94, 95, 96, 97, 98, 99, 100, 101, 103, 104, 107, 108, 110, 112, 113, 116, 117, 118, 119, 122, 125, 126, 127, 128, 129, 130, 133, 134, 135, 138, 139, 140, 141, 142, 143, 146, 147, 148, 149, 150, 151, 153, 193, 195], "summary": {"covered_lines": 71, "num_statements": 77, "percent_covered": 88.49557522123894, "percent_covered_display": "88", "missing_lines": 6, "excluded_lines": 0, "num_branches": 36, "num_partial_branches": 7, "covered_branches": 29, "missing_branches": 7}, "missing_lines": [73, 80, 84, 88, 92, 114], "excluded_lines": [], "executed_branches": [[64, 65], [64, 67], [72, 75], [79, 82], [82, 83], [82, 195], [83, 86], [87, 90], [90, 82], [90, 91], [91, 94], [108, 110], [108, 112], [112, 90], [112, 113], [113, 116], [126, 127], [126, 128], [128, 129], [128, 130], [139, 140], [139, 141], [141, 142], [141, 143], [147, 148], [147, 153], [148, 149], [148, 153], [150, 151]], "missing_branches": [[72, 73], [79, 80], [83, 84], [87, 88], [91, 92], [113, 114], [150, 148]]}}}, "scripts/core/common_finding.py": {"executed_lines": [2, 6, 8, 9, 12, 13, 16, 17, 22, 23, 24, 25, 26, 28, 29, 38, 39, 41, 44, 45, 46, 47, 50, 57, 59, 61, 62, 63, 70, 72, 73, 75, 76, 77, 78, 80, 81, 85, 88, 99, 102, 124, 125, 126, 129, 144, 146, 147, 148, 149, 152, 153, 154, 157, 158, 159, 162, 163, 168, 190, 191, 192, 194, 200, 201], "summary": {"covered_lines": 63, "num_statements": 63, "percent_covered": 100.0, "percent_covered_display": "100", "missing_lines": 0, "excluded_lines": 0, "num_branches": 16, "num_partial_branches": 0, "covered_branches": 16, "missing_branches": 0}, "missing_lines": [], "excluded_lines": [], "executed_branches": [[38, 39], [38, 41], [61, 62], [61, 63], [76, 77], [76, 78], [85, -85], [85, 85], [85, 88], [148, 149], [148, 152], [153, 154], [153, 157], [163, -163], [163, 163], [163, 168], [191, 192], [191, 194]], "missing_branches": [], "functions": {"Severity.from_string": {"executed_lines": [38, 39, 41, 44, 45, 46, 47, 50, 57], "summary": {"covered_lines": 9, "num_statements": 9, "percent_covered": 100.0, "percent_covered_display": "100", "missing_lines": 0, "excluded_lines": 0, "num_branches": 2, "num_partial_branches": 0, "covered_branches": 2, "missing_branches": 0}, "missing_lines": [], "excluded_lines": [], "executed_branches": [[38, 39], [38, 41]], "missing_branches": []}, "Severity.__lt__": {"executed_lines": [61, 62, 63, 70], "summary": {"covered_lines": 4, "num_statements": 4, "percent_covered": 100.0, "percent_covered_display": "100", "missing_lines": 0, "excluded_lines": 0, "num_branches": 2, "num_partial_branches": 0, "covered_branches": 2, "missing_branches": 0}, "missing_lines": [], "excluded_lines": [], "executed_branches": [[61, 62], [61, 63]], "missing_branches": []}, "Severity.__le__": {"executed_lines": [73], "summary": {"covered_lines": 1, "num_statements": 1, "percent_covered": 100.0, "percent_covered_display": "100", "missing_lines": 0, "excluded_lines": 0, "num_branches": 0, "num_partial_branches": 0, "covered_branches": 0, "missing_branches": 0}, "missing_lines": [], "excluded_lines": [], "executed_branches": [], "missing_branches": []}, "Severity.__gt__": {"executed_lines": [76, 77, 78], "summary": {"covered_lines": 3, "num_statements": 3, "percent_covered": 100.0, "percent_covered_display": "100", "missing_lines": 0, "excluded_lines": 0, "num_branches": 2, "num_partial_branches": 0, "covered_branches": 2, "missing_branches": 0}, "missing_lines": [], "excluded_lines": [], "executed_branches": [[76, 77], [76, 78]], "missing_branches": []}, "Severity.__ge__": {"executed_lines": [81], "summary": {"covered_lines": 1, "num_statements": 1, "percent_covered": 100.0, "percent_covered_display": "100", "missing_lines": 0, "excluded_lines": 0, "num_branches": 0, "num_partial_branches": 0, "covered_branches": 0, "missing_branches": 0}, "missing_lines": [], "excluded_lines": [], "executed_branches": [], "missing_branches": []}, "normalize_severity": {"executed_lines": [99], "summary": {"covered_lines": 1, "num_statements": 1, "percent_covered": 100.0, "percent_covered_display": "100", "missing_lines": 0, "excluded_lines": 0, "num_branches": 0, "num_partial_branches": 0, "covered_branches": 0, "missing_branches": 0}, "missing_lines": [], "excluded_lines": [], "executed_branches": [], "missing_branches": []}, "fingerprint": {"executed_lines": [124, 125, 126], "summary": {"covered_lines": 3, "num_statements": 3, "percent_covered": 100.0, "percent_covered_display": "100", "missing_lines": 0, "excluded_lines": 0, "num_branches": 0, "num_partial_branches": 0, "covered_branches": 0, "missing_branches": 0}, "missing_lines": [], "excluded_lines": [], "executed_branches": [], "missing_branches": []}, "extract_code_snippet": {"executed_lines": [144, 146, 147, 148, 149, 152, 153, 154, 157, 158, 159, 162, 163, 168, 190, 191, 192, 194, 200, 201], "summary": {"covered_lines": 20, "num_statements": 20, "percent_covered": 100.0, "percent_covered_display": "100", "missing_lines": 0, "excluded_lines": 0, "num_branches": 8, "num_partial_branches": 0, "covered_branches": 8, "missing_branches": 0}, "missing_lines": [], "excluded_lines": [], "executed_branches": [[148, 149], [148, 152], [153, 154], [153, 157], [163, -163], [163, 163], [163, 168], [191, 192], [191, 194]], "missing_branches": []}, "": {"executed_lines": [2, 6, 8, 9, 12, 13, 16, 17, 22, 23, 24, 25, 26, 28, 29, 59, 72, 75, 80, 85, 88, 102, 129], "summary": {"covered_lines": 21, "num_statements": 21, "percent_covered": 100.0, "percent_covered_display": "100", "missing_lines": 0, "excluded_lines": 0, "num_branches": 2, "num_partial_branches": 0, "covered_branches": 2, "missing_branches": 0}, "missing_lines": [], "excluded_lines": [], "executed_branches": [[85, -85], [85, 85], [85, 88]], "missing_branches": []}}, "classes": {"Severity": {"executed_lines": [38, 39, 41, 44, 45, 46, 47, 50, 57, 61, 62, 63, 70, 73, 76, 77, 78, 81], "summary": {"covered_lines": 18, "num_statements": 18, "percent_covered": 100.0, "percent_covered_display": "100", "missing_lines": 0, "excluded_lines": 0, "num_branches": 6, "num_partial_branches": 0, "covered_branches": 6, "missing_branches": 0}, "missing_lines": [], "excluded_lines": [], "executed_branches": [[38, 39], [38, 41], [61, 62], [61, 63], [76, 77], [76, 78]], "missing_branches": []}, "": {"executed_lines": [2, 6, 8, 9, 12, 13, 16, 17, 22, 23, 24, 25, 26, 28, 29, 59, 72, 75, 80, 85, 88, 99, 102, 124, 125, 126, 129, 144, 146, 147, 148, 149, 152, 153, 154, 157, 158, 159, 162, 163, 168, 190, 191, 192, 194, 200, 201], "summary": {"covered_lines": 45, "num_statements": 45, "percent_covered": 100.0, "percent_covered_display": "100", "missing_lines": 0, "excluded_lines": 0, "num_branches": 10, "num_partial_branches": 0, "covered_branches": 10, "missing_branches": 0}, "missing_lines": [], "excluded_lines": [], "executed_branches": [[85, -85], [85, 85], [85, 88], [148, 149], [148, 152], [153, 154], [153, 157], [163, -163], [163, 163], [163, 168], [191, 192], [191, 194]], "missing_branches": []}}}, "scripts/core/config.py": {"executed_lines": [2, 4, 5, 6, 8, 11, 12, 16, 19, 20, 21, 24, 25, 26, 27, 28, 29, 30, 32, 33, 34, 35, 37, 38, 39, 42, 43, 44, 45, 46, 47, 48, 50, 51, 52, 53, 54, 55, 56, 59, 60, 61, 63, 64, 65, 66, 68, 69, 70, 72, 73, 74, 75, 77, 78, 80, 81, 83, 84, 86, 87, 88, 90, 98], "summary": {"covered_lines": 63, "num_statements": 74, "percent_covered": 83.59375, "percent_covered_display": "84", "missing_lines": 11, "excluded_lines": 2, "num_branches": 54, "num_partial_branches": 4, "covered_branches": 44, "missing_branches": 10}, "missing_lines": [13, 14, 49, 57, 91, 92, 93, 94, 95, 96, 97], "excluded_lines": [8, 9], "executed_branches": [[19, 20], [19, 21], [21, -21], [21, 21], [21, 24], [24, -24], [24, 25], [43, 44], [43, 45], [46, 47], [46, 48], [48, 50], [52, 53], [52, 54], [53, -53], [53, 53], [53, 54], [54, 55], [54, 56], [55, -55], [55, 55], [55, 56], [56, 59], [60, 61], [60, 63], [63, 64], [63, 65], [64, -64], [64, 64], [64, 65], [65, 66], [65, 68], [66, -66], [66, 66], [66, 68], [69, 70], [69, 72], [72, 73], [72, 77], [74, 75], [77, 78], [77, 80], [80, 81], [80, 83], [83, 84], [83, 86], [87, 88], [87, 90], [90, 98]], "missing_branches": [[48, 49], [56, 57], [74, 77], [90, 91], [92, 93], [92, 94], [94, 95], [94, 96], [96, 97], [96, 98]], "functions": {"load_config": {"executed_lines": [43, 44, 45, 46, 47, 48, 50, 51, 52, 53, 54, 55, 56, 59, 60, 61, 63, 64, 65, 66, 68, 69, 70, 72, 73, 74, 75, 77, 78, 80, 81, 83, 84, 86, 87, 88, 90, 98], "summary": {"covered_lines": 38, "num_statements": 47, "percent_covered": 80.0, "percent_covered_display": "80", "missing_lines": 9, "excluded_lines": 0, "num_branches": 48, "num_partial_branches": 4, "covered_branches": 38, "missing_branches": 10}, "missing_lines": [49, 57, 91, 92, 93, 94, 95, 96, 97], "excluded_lines": [], "executed_branches": [[43, 44], [43, 45], [46, 47], [46, 48], [48, 50], [52, 53], [52, 54], [53, -53], [53, 53], [53, 54], [54, 55], [54, 56], [55, -55], [55, 55], [55, 56], [56, 59], [60, 61], [60, 63], [63, 64], [63, 65], [64, -64], [64, 64], [64, 65], [65, 66], [65, 68], [66, -66], [66, 66], [66, 68], [69, 70], [69, 72], [72, 73], [72, 77], [74, 75], [77, 78], [77, 80], [80, 81], [80, 83], [83, 84], [83, 86], [87, 88], [87, 90], [90, 98]], "missing_branches": [[48, 49], [56, 57], [74, 77], [90, 91], [92, 93], [92, 94], [94, 95], [94, 96], [96, 97], [96, 98]]}, "": {"executed_lines": [2, 4, 5, 6, 8, 11, 12, 16, 19, 20, 21, 24, 25, 26, 27, 28, 29, 30, 32, 33, 34, 35, 37, 38, 39, 42], "summary": {"covered_lines": 25, "num_statements": 27, "percent_covered": 93.93939393939394, "percent_covered_display":
[...]
9, 300, 301, 302, 303, 305, 306, 310, 313, 314, 315, 316, 317, 318, 319, 322, 323, 324, 325, 326, 327, 328, 331, 334, 335, 336, 337, 339, 340, 341, 343, 344, 346, 349, 350, 351, 352], "summary": {"covered_lines": 182, "num_statements": 183, "percent_covered": 98.06451612903226, "percent_covered_display": "98", "missing_lines": 1, "excluded_lines": 0, "num_branches": 127, "num_partial_branches": 5, "covered_branches": 122, "missing_branches": 5}, "missing_lines": [199], "excluded_lines": [], "executed_branches": [[38, 39], [38, 41], [47, 48], [47, 51], [51, -51], [51, 51], [51, 52], [57, 58], [57, 59], [67, -67], [67, 67], [67, 72], [72, 73], [72, 84], [73, -73], [73, 73], [73, 76], [76, 77], [84, -84], [84, 84], [84, 91], [91, 92], [91, 105], [92, -92], [92, 92], [92, 95], [95, 97], [95, 105], [97, -97], [97, 97], [97, 98], [105, -105], [105, 105], [105, 113], [113, 114], [113, 124], [114, -114], [114, 114], [114, 117], [117, 118], [124, -124], [124, 124], [124, 130], [130, 131], [130, 141], [131, -131], [131, 131], [131, 134], [134, 135], [134, 141], [141, -141], [141, 141], [141, 148], [148, 149], [148, 157], [149, -149], [149, 149], [149, 150], [150, -150], [150, 150], [150, 151], [151, 152], [164, 165], [164, 203], [168, -168], [168, 168], [168, 169], [168, 170], [170, -170], [170, 170], [170, 171], [170, 172], [172, -172], [172, 172], [172, 176], [172, 177], [177, -177], [177, 177], [177, 178], [177, 181], [184, 184], [184, 189], [184, 190], [190, 191], [190, 192], [192, 192], [192, 197], [192, 198], [198, 201], [203, -203], [203, -160], [209, -209], [209, 209], [209, 211], [215, 216], [215, 221], [217, 215], [217, 218], [221, 222], [221, 224], [228, 229], [228, 271], [234, 235], [234, 239], [241, -241], [241, 241], [241, 244], [252, 253], [252, 268], [256, 257], [257, -257], [257, 256], [257, 257], [257, 258], [273, 274], [273, 277], [280, 281], [280, 313], [284, -284], [284, 285], [285, 286], [285, 291], [291, -291], [291, 291], [291, 295], [295, 296], [295, 310], [299, 300], [299, 305], [301, 299], [301, 302], [314, 315], [314, 322], [317, 318], [317, 319], [323, 324], [323, 334], [326, 327], [326, 331], [336, -336], [336, 336], [336, 337], [337, 339], [337, 344], [340, 341], [340, 343]], "missing_branches": [[76, 84], [117, 124], [151, 157], [198, 199], [256, 260]], "functions": {"write_json": {"executed_lines": [24, 25, 26], "summary": {"covered_lines": 3, "num_statements": 3, "percent_covered": 100.0, "percent_covered_display": "100", "missing_lines": 0, "excluded_lines": 0, "num_branches": 0, "num_partial_branches": 0, "covered_branches": 0, "missing_branches": 0}, "missing_lines": [], "excluded_lines": [], "executed_branches": [], "missing_branches": []}, "_get_severity_emoji": {"executed_lines": [33], "summary": {"covered_lines": 1, "num_statements": 1, "percent_covered": 100.0, "percent_covered_display": "100", "missing_lines": 0, "excluded_lines": 0, "num_branches": 0, "num_partial_branches": 0, "covered_branches": 0, "missing_branches": 0}, "missing_lines": [], "excluded_lines": [], "executed_branches": [], "missing_branches": []}, "_truncate_path": {"executed_lines": [38, 39, 41, 42], "summary": {"covered_lines": 4, "num_statements": 4, "percent_covered": 100.0, "percent_covered_display": "100", "missing_lines": 0, "excluded_lines": 0, "num_branches": 2, "num_partial_branches": 0, "covered_branches": 2, "missing_branches": 0}, "missing_lines": [], "excluded_lines": [], "executed_branches": [[38, 39], [38, 41]], "missing_branches": []}, "_get_top_issue_summary": {"executed_lines": [47, 48, 51, 52, 55, 57, 58, 59], "summary": {"covered_lines": 8, "num_statements": 8, "percent_covered": 100.0, "percent_covered_display": "100", "missing_lines": 0, "excluded_lines": 0, "num_branches": 6, "num_partial_branches": 0, "covered_branches": 6, "missing_branches": 0}, "missing_lines": [], "excluded_lines": [], "executed_branches": [[47, 48], [47, 51], [51, -51], [51, 51], [51, 52], [57, 58], [57, 59]], "missing_branches": []}, "_get_remediation_priorities": {"executed_lines": [64, 67, 72, 73, 76, 77, 78, 84, 91, 92, 95, 97, 98, 99, 100, 105, 113, 114, 117, 118, 119, 124, 130, 131, 134, 135, 136, 141, 148, 149, 150, 151, 152, 153, 157], "summary": {"covered_lines": 35, "num_statements": 35, "percent_covered": 96.20253164556962, "percent_covered_display": "96", "missing_lines": 0, "excluded_lines": 0, "num_branches": 44, "num_partial_branches": 3, "covered_branches": 41, "missing_branches": 3}, "missing_lines": [], "excluded_lines": [], "executed_branches": [[67, -67], [67, 67], [67, 72], [72, 73], [72, 84], [73, -73], [73, 73], [73, 76], [76, 77], [84, -84], [84, 84], [84, 91], [91, 92], [91, 105], [92, -92], [92, 92], [92, 95], [95, 97], [95, 105], [97, -97], [97, 97], [97, 98], [105, -105], [105, 105], [105, 113], [113, 114], [113, 124], [114, -114], [114, 114], [114, 117], [117, 118], [124, -124], [124, 124], [124, 130], [130, 131], [130, 141], [131, -131], [131, 131], [131, 134], [134, 135], [134, 141], [141, -141], [141, 141], [141, 148], [148, 149], [148, 157], [149, -149], [149, 149], [149, 150], [150, -150], [150, 150], [150, 151], [151, 152]], "missing_branches": [[76, 84], [117, 124], [151, 157]]}, "_get_category_summary": {"executed_lines": [162, 164, 165, 168, 169, 170, 171, 172, 176, 177, 178, 181, 182, 184, 189, 190, 191, 192, 197, 198, 201, 203], "summary": {"covered_lines": 22, "num_statements": 23, "percent_covered": 95.74468085106383, "percent_covered_display": "96", "missing_lines": 1, "excluded_lines": 0, "num_branches": 24, "num_partial_branches": 1, "covered_branches": 23, "missing_branches": 1}, "missing_lines": [199], "excluded_lines": [], "executed_branches": [[164, 165], [164, 203], [168, -168], [168, 168], [168, 169], [168, 170], [170, -170], [170, 170], [170, 171], [170, 172], [172, -172], [172, 172], [172, 176], [172, 177], [177, -177], [177, 177], [177, 178], [177, 181], [184, 184], [184, 189], [184, 190], [190, 191], [190, 192], [192, 192], [192, 197], [192, 198], [198, 201], [203, -203], [203, -160]], "missing_branches": [[198, 199]]}, "to_markdown_summary": {"executed_lines": [208, 209, 211, 214, 215, 216, 217, 218, 219, 221, 222, 224, 225, 228, 229, 230, 233, 234, 235, 236, 239, 246, 249, 250, 252, 253, 255, 256, 257, 258, 259, 260, 261, 262, 264, 268, 271, 272, 273, 274, 275, 276, 277, 280, 281, 282, 284, 285, 286, 287, 288, 291, 295, 296, 298, 299, 300, 301, 302, 303, 305, 306, 310, 313, 314, 315, 316, 317, 318, 319, 322, 323, 324, 325, 326, 327, 328, 331, 334, 335, 336, 337, 339, 340, 341, 343, 344, 346], "summary": {"covered_lines": 88, "num_statements": 88, "percent_covered": 99.27007299270073, "percent_covered_display": "99", "missing_lines": 0, "excluded_lines": 0, "num_branches": 49, "num_partial_branches": 1, "covered_branches": 48, "missing_branches": 1}, "missing_lines": [], "excluded_lines": [], "executed_branches": [[209, -209], [209, 209], [209, 211], [215, 216], [215, 221], [217, 215], [217, 218], [221, 222], [221, 224], [228, 229], [228, 271], [234, 235], [234, 239], [252, 253], [252, 268], [256, 257], [257, -257], [257, 256], [257, 257], [257, 258], [273, 274], [273, 277], [280, 281], [280, 313], [284, -284], [284, 285], [285, 286], [285, 291], [291, -291], [291, 291], [291, 295], [295, 296], [295, 310], [299, 300], [299, 305], [301, 299], [301, 302], [314, 315], [314, 322], [317, 318], [317, 319], [323, 324], [323, 334], [326, 327], [326, 331], [336, -336], [336, 336], [336, 337], [337, 339], [337, 344], [340, 341], [340, 343]], "missing_branches": [[256, 260]]}, "to_markdown_summary.file_sort_key": {"executed_lines": [240, 241, 244], "summary": {"covered_lines": 3, "num_statements": 3, "percent_covered": 100.0, "percent_covered_display": "100", "missing_lines": 0, "excluded_lines": 0, "num_branches": 2, "num_partial_branches": 0, "covered_branches": 2, "missing_branches": 0}, "missing_lines": [], "excluded_lines": [], "executed_branches": [[241, -241], [241, 241], [241, 244]], "missing_branches": []}, "write_markdown": {"executed_lines": [350, 351, 352], "summary": {"covered_lines": 3, "num_statements": 3, "percent_covered": 100.0, "percent_covered_display": "100", "missing_lines": 0, "excluded_lines": 0, "num_branches": 0, "num_partial_branches": 0, "covered_branches": 0, "missing_branches": 0}, "missing_lines": [], "excluded_lines": [], "executed_branches": [], "missing_branches": []}, "": {"executed_lines": [2, 6, 8, 9, 10, 11, 13, 14, 23, 31, 36, 45, 62, 160, 206, 349], "summary": {"covered_lines": 15, "num_statements": 15, "percent_covered": 100.0, "percent_covered_display": "100", "missing_lines": 0, "excluded_lines": 0, "num_branches": 0, "num_partial_branches": 0, "covered_branches": 0, "missing_branches": 0}, "missing_lines": [], "excluded_lines": [], "executed_branches": [], "missing_branches": []}}, "classes": {"": {"executed_lines": [2, 6, 8, 9, 10, 11, 13, 14, 23, 24, 25, 26, 31, 33, 36, 38, 39, 41, 42, 45, 47, 48, 51, 52, 55, 57, 58, 59, 62, 64, 67, 72, 73, 76, 77, 78, 84, 91, 92, 95, 97, 98, 99, 100, 105, 113, 114, 117, 118, 119, 124, 130, 131, 134, 135, 136, 141, 148, 149, 150, 151, 152, 153, 157, 160, 162, 164, 165, 168, 169, 170, 171, 172, 176, 177, 178, 181, 182, 184, 189, 190, 191, 192, 197, 198, 201, 203, 206, 208, 209, 211, 214, 215, 216, 217, 218, 219, 221, 222, 224, 225, 228, 229, 230, 233, 234, 235, 236, 239, 240, 241, 244, 246, 249, 250, 252, 253, 255, 256, 257, 258, 259, 260, 261, 262, 264, 268, 271, 272, 273, 274, 275, 276, 277, 280, 281, 282, 284, 285, 286, 287, 288, 291, 295, 296, 298, 299, 300, 301, 302, 303, 305, 306, 310, 313, 314, 315, 316, 317, 318, 319, 322, 323, 324, 325, 326, 327, 328, 331, 334, 335, 336, 337, 339, 340, 341, 343, 344, 346, 349, 350, 351, 352], "summary": {"covered_lines": 182, "num_statements": 183, "percent_covered": 98.06451612903226, "percent_covered_display": "98", "missing_lines": 1, "excluded_lines": 0, "num_branches": 127, "num_partial_branches": 5, "covered_branches": 122, "missing_branches": 5}, "missing_lines": [199], "excluded_lines": [], "executed_branches": [[38, 39], [38, 41], [47, 48], [47, 51], [51, -51], [51, 51], [51, 52], [57, 58], [57, 59], [67, -67], [67, 67], [67, 72], [72, 73], [72, 84], [73, -73], [73, 73], [73, 76], [76, 77], [84, -84], [84, 84], [84, 91], [91, 92], [91, 105], [92, -92], [92, 92], [92, 95], [95, 97], [95, 105], [97, -97], [97, 97], [97, 98], [105, -105], [105, 105], [105, 113], [113, 114], [113, 124], [114, -114], [114, 114], [114, 117], [117, 118], [124, -124], [124, 124], [124, 130], [130, 131], [130, 141], [131, -131], [131, 131], [131, 134], [134, 135], [134, 141], [141, -141], [141, 141], [141, 148], [148, 149], [148, 157], [149, -149], [149, 149], [149, 150], [150, -150], [150, 150], [150, 151], [151, 152], [164, 165], [164, 203], [168, -168], [168, 168], [168, 169], [168, 170], [170, -170], [170, 170], [170, 171], [170, 172], [172, -172], [172, 172], [172, 176], [172, 177], [177, -177], [177, 177], [177, 178], [177, 181], [184, 184], [184, 189], [184, 190], [190, 191], [190, 192], [192, 192], [192, 197], [192, 198], [198, 201], [203, -203], [203, -160], [209, -209], [209, 209], [209, 211], [215, 216], [215, 221], [217, 215], [217, 218], [221, 222], [221, 224], [228, 229], [228, 271], [234, 235], [234, 239], [241, -241], [241, 241], [241, 244], [252, 253], [252, 268], [256, 257], [257, -257], [257, 256], [257, 257], [257, 258], [273, 274], [273, 277], [280, 281], [280, 313], [284, -284], [284, 285], [285, 286], [285, 291], [291, -291], [291, 291], [291, 295], [295, 296], [295, 310], [299, 300], [299, 305], [301, 299], [301, 302], [314, 315], [314, 322], [317, 318], [317, 319], [323, 324], [323, 334], [326, 327], [326, 331], [336, -336], [336, 336], [336, 337], [337, 339], [337, 344], [340, 341], [340, 343]], "missing_branches": [[76, 84], [117, 124], [151, 157], [198, 199], [256, 260]]}}}, "scripts/core/reporters/html_reporter.py": {"executed_lines": [2, 3, 4, 5, 6, 8, 11, 12, 13, 14, 15, 25, 26, 30, 31, 592, 598], "summary": {"covered_lines": 17, "num_statements": 17, "percent_covered": 100.0, "percent_covered_display": "100", "missing_lines": 0, "excluded_lines": 0, "num_branches": 6, "num_partial_branches": 0, "covered_branches": 6, "missing_branches": 0}, "missing_lines": [], "excluded_lines": [], "executed_branches": [[15, -15], [15, 15], [15, 25], [26, -26], [26, 26], [26, 30], [30, -30], [30, 30], [30, 31]], "missing_branches": [], "functions": {"write_html": {"executed_lines": [12, 13, 14, 15, 25, 26, 30, 31, 592, 598], "summary": {"covered_lines": 10, "num_statements": 10, "percent_covered": 100.0, "percent_covered_display": "100", "missing_lines": 0, "excluded_lines": 0, "num_branches": 6, "num_partial_branches": 0, "covered_branches": 6, "missing_branches": 0}, "missing_lines": [], "excluded_lines": [], "executed_branches": [[15, -15], [15, 15], [15, 25], [26, -26], [26, 26], [26, 30], [30, -30], [30, 30], [30, 31]], "missing_branches": []}, "": {"executed_lines": [2, 3, 4, 5, 6, 8, 11], "summary": {"covered_lines": 7, "num_statements": 7, "percent_covered": 100.0, "percent_covered_display": "100", "missing_lines": 0, "excluded_lines": 0, "num_branches": 0, "num_partial_branches": 0, "covered_branches": 0, "missing_branches": 0}, "missing_lines": [], "excluded_lines": [], "executed_branches": [], "missing_branches": []}}, "classes": {"": {"executed_lines": [2, 3, 4, 5, 6, 8, 11, 12, 13, 14, 15, 25, 26, 30, 31, 592, 598], "summary": {"covered_lines": 17, "num_statements": 17, "percent_covered": 100.0, "percent_covered_display": "100", "missing_lines": 0, "excluded_lines": 0, "num_branches": 6, "num_partial_branches": 0, "covered_branches": 6, "missing_branches": 0}, "missing_lines": [], "excluded_lines": [], "executed_branches": [[15, -15], [15, 15], [15, 25], [26, -26], [26, 26], [26, 30], [30, -30], [30, 30], [30, 31]], "missing_branches": []}}}, "scripts/core/reporters/sarif_reporter.py": {"executed_lines": [2, 8, 10, 11, 12, 14, 17, 26, 27, 29, 30, 33, 52, 62, 68, 73, 81, 82, 90, 91, 114, 118, 123, 126, 127, 128, 130, 131, 132, 133, 134, 138, 147, 154, 163, 164, 165, 166, 167, 168, 171, 178, 179, 180, 181], "summary": {"covered_lines": 44, "num_statements": 60, "percent_covered": 64.77272727272727, "percent_covered_display": "65", "missing_lines": 16, "excluded_lines": 0, "num_branches": 28, "num_partial_branches": 7, "covered_branches": 13, "missing_branches": 15}, "missing_lines": [63, 69, 83, 92, 93, 94, 100, 101, 107, 108, 115, 119, 120, 121, 135, 136], "excluded_lines": [], "executed_branches": [[29, 30], [29, 126], [62, 68], [68, 73], [82, 90], [91, 114], [114, 118], [118, 123], [131, 132], [164, 165], [164, 166], [166, 167], [166, 168]], "missing_branches": [[62, 63], [68, 69], [82, 83], [91, 92], [93, 94], [93, 100], [100, 101], [100, 107], [107, 91], [107, 108], [114, 115], [118, 119], [119, 120], [119, 121], [131, 138]], "functions": {"to_sarif": {"executed_lines": [26, 27, 29, 30, 33, 52, 62, 68, 73, 81, 82, 90, 91, 114, 118, 123, 126, 127, 128, 130, 131, 132, 133, 134, 138, 147], "summary": {"covered_lines": 26, "num_statements": 42, "percent_covered": 53.03030303030303, "percent_covered_display": "53", "missing_lines": 16, "excluded_lines": 0, "num_branches": 24, "num_partial_branches": 7, "covered_branches": 9, "missing_branches": 15}, "missing_lines": [63, 69, 83, 92, 93, 94, 100, 101, 107, 108, 115, 119, 120, 121, 135, 136], "excluded_lines": [], "executed_branches": [[29, 30], [29, 126], [62, 68], [68, 73], [82, 90], [91, 114], [114, 118], [118, 123], [131, 132]], "missing_branches": [[62, 63], [68, 69], [82, 83], [91, 92], [93, 94], [93, 100], [100, 101], [100, 107], [107, 91], [107, 108], [114, 115], [118, 119], [119, 120], [119, 121], [131, 138]]}, "_severity_to_level": {"executed_lines": [163, 164, 165, 166, 167, 168], "summary": {"covered_lines": 6, "num_statements": 6, "percent_covered": 100.0, "percent_covered_display": "100", "missing_lines": 0, "excluded_lines": 0, "num_branches": 4, "num_partial_branches": 0, "covered_branches": 4, "missing_branches": 0}, "missing_lines": [], "excluded_lines": [], "executed_branches": [[164, 165], [164, 166], [166, 167], [166, 168]], "missing_branches": []}, "write_sarif": {"executed_lines": [178, 179, 180, 181], "summary": {"covered_lines": 4, "num_statements": 4, "percent_covered": 100.0, "percent_covered_display": "100", "missing_lines": 0, "excluded_lines": 0, "num_branches": 0, "num_partial_branches": 0, "covered_branches": 0, "missing_branches": 0}, "missing_lines": [], "excluded_lines": [], "executed_branches": [], "missing_branches": []}, "": {"executed_lines": [2, 8, 10, 11, 12, 14, 17, 154, 171], "summary": {"covered_lines": 8, "num_statements": 8, "percent_covered": 100.0, "percent_covered_display": "100", "missing_lines": 0, "excluded_lines": 0, "num_branches": 0, "num_partial_branches": 0, "covered_branches": 0, "missing_branches": 0}, "missing_lines": [], "excluded_lines": [], "executed_branches": [], "missing_branches": []}}, "classes": {"": {"executed_lines": [2, 8, 10, 11, 12, 14, 17, 26, 27, 29, 30, 33, 52, 62, 68, 73, 81, 82, 90, 91, 114, 118, 123, 126, 127, 128, 130, 131, 132, 133, 134, 138, 147, 154, 163, 164, 165, 166, 167, 168, 171, 178, 179, 180, 181], "summary": {"covered_lines": 44, "num_statements": 60, "percent_covered": 64.77272727272727, "percent_covered_display": "65", "missing_lines": 16, "excluded_lines": 0, "num_branches": 28, "num_partial_branches": 7, "covered_branches": 13, "missing_branches": 15}, "missing_lines": [63, 69, 83, 92, 93, 94, 100, 101, 107, 108, 115, 119, 120, 121, 135, 136], "excluded_lines": [], "executed_branches": [[29, 30], [29, 126], [62, 68], [68, 73], [82, 90], [91, 114], [114, 118], [118, 123], [131, 132], [164, 165], [164, 166], [166, 167], [166, 168]], "missing_branches": [[62, 63], [68, 69], [82, 83], [91, 92], [93, 94], [93, 100], [100, 101], [100, 107], [107, 91], [107, 108], [114, 115], [118, 119], [119, 120], [119, 121], [131, 138]]}}}, "scripts/core/reporters/yaml_reporter.py": {"executed_lines": [2, 4, 5, 7, 8, 13, 14, 15, 16, 17, 18], "summary": {"covered_lines": 11, "num_statements": 13, "percent_covered": 86.66666666666667, "percent_covered_display": "87", "missing_lines": 2, "excluded_lines": 0, "num_branches": 2, "num_partial_branches": 0, "covered_branches": 2, "missing_branches": 0}, "missing_lines": [9, 10], "excluded_lines": [], "executed_branches": [[14, 15], [14, 16]], "missing_branches": [], "functions": {"write_yaml": {"executed_lines": [14, 15, 16, 17, 18], "summary": {"covered_lines": 5, "num_statements": 5, "percent_covered": 100.0, "percent_covered_display": "100", "missing_lines": 0, "excluded_lines": 0, "num_branches": 2, "num_partial_branches": 0, "covered_branches": 2, "missing_branches": 0}, "missing_lines": [], "excluded_lines": [], "executed_branches": [[14, 15], [14, 16]], "missing_branches": []}, "": {"executed_lines": [2, 4, 5, 7, 8, 13], "summary": {"covered_lines": 6, "num_statements": 8, "percent_covered": 75.0, "percent_covered_display": "75", "missing_lines": 2, "excluded_lines": 0, "num_branches": 0, "num_partial_branches": 0, "covered_branches": 0, "missing_branches": 0}, "missing_lines": [9, 10], "excluded_lines": [], "executed_branches": [], "missing_branches": []}}, "classes": {"": {"executed_lines": [2, 4, 5, 7, 8, 13, 14, 15, 16, 17, 18], "summary": {"covered_lines": 11, "num_statements": 13, "percent_covered": 86.66666666666667, "percent_covered_display": "87", "missing_lines": 2, "excluded_lines": 0, "num_branches": 2, "num_partial_branches": 0, "covered_branches": 2, "missing_branches": 0}, "missing_lines": [9, 10], "excluded_lines": [], "executed_branches": [[14, 15], [14, 16]], "missing_branches": []}}}}, "totals": {"covered_lines": 1604, "num_statements": 1721, "percent_covered": 91.02304892842702, "percent_covered_display": "91", "missing_lines": 117, "excluded_lines": 6, "num_branches": 752, "num_partial_branches": 83, "covered_branches": 647, "missing_branches": 105}}