TN:
SF:src/App.tsx
FN:18,(anonymous_10)
FN:18,(anonymous_11)
FN:19,(anonymous_12)
FN:19,(anonymous_13)
FN:21,App
FN:47,(anonymous_15)
FN:63,(anonymous_16)
FN:67,(anonymous_17)
FN:73,(anonymous_18)
FN:74,(anonymous_19)
FN:92,(anonymous_20)
FN:93,(anonymous_21)
FN:98,(anonymous_22)
FN:99,(anonymous_23)
FN:158,(anonymous_24)
FN:192,(anonymous_25)
FN:208,(anonymous_26)
FN:224,(anonymous_27)
FNF:18
FNH:0
FNDA:0,(anonymous_10)
FNDA:0,(anonymous_11)
FNDA:0,(anonymous_12)
FNDA:0,(anonymous_13)
FNDA:0,App
FNDA:0,(anonymous_15)
FNDA:0,(anonymous_16)
FNDA:0,(anonymous_17)
FNDA:0,(anonymous_18)
FNDA:0,(anonymous_19)
FNDA:0,(anonymous_20)
FNDA:0,(anonymous_21)
FNDA:0,(anonymous_22)
FNDA:0,(anonymous_23)
FNDA:0,(anonymous_24)
FNDA:0,(anonymous_25)
FNDA:0,(anonymous_26)
FNDA:0,(anonymous_27)
DA:1,0
DA:2,0
DA:3,0
DA:4,0
DA:5,0
DA:6,0
DA:7,0
DA:8,0
DA:9,0
DA:10,0
DA:11,0
DA:12,0
DA:13,0
DA:14,0
DA:18,0
DA:19,0
DA:21,0
DA:22,0
DA:23,0
DA:26,0
DA:27,0
DA:28,0
DA:29,0
DA:32,0
DA:35,0
DA:44,0
DA:47,0
DA:48,0
DA:50,0
DA:51,0
DA:53,0
DA:56,0
DA:59,0
DA:60,0
DA:63,0
DA:64,0
DA:67,0
DA:68,0
DA:69,0
DA:70,0
DA:73,0
DA:74,0
DA:75,0
DA:76,0
DA:77,0
DA:79,0
DA:81,0
DA:86,0
DA:92,0
DA:93,0
DA:94,0
DA:98,0
DA:99,0
DA:101,0
DA:104,0
DA:107,0
DA:108,0
DA:110,0
DA:113,0
DA:116,0
DA:121,0
DA:122,0
DA:133,0
DA:134,0
DA:147,0
DA:159,0
DA:161,0
DA:163,0
DA:193,0
DA:194,0
DA:209,0
DA:210,0
DA:225,0
DA:226,0
LF:74
LH:0
BRDA:38,0,0,0
BRDA:38,0,1,0
BRDA:39,1,0,0
BRDA:39,1,1,0
BRDA:50,2,0,0
BRDA:50,2,1,0
BRDA:51,3,0,0
BRDA:51,3,1,0
BRDA:76,4,0,0
BRDA:76,4,1,0
BRDA:101,5,0,0
BRDA:101,5,1,0
BRDA:104,6,0,0
BRDA:104,6,1,0
BRDA:104,7,0,0
BRDA:104,7,1,0
BRDA:107,8,0,0
BRDA:107,8,1,0
BRDA:110,9,0,0
BRDA:110,9,1,0
BRDA:110,9,2,0
BRDA:113,10,0,0
BRDA:113,10,1,0
BRDA:121,11,0,0
BRDA:121,11,1,0
BRDA:133,12,0,0
BRDA:133,12,1,0
BRDA:156,13,0,0
BRDA:156,13,1,0
BRDA:156,13,2,0
BRDA:156,13,3,0
BRDA:159,14,0,0
BRDA:159,14,1,0
BRDA:173,15,0,0
BRDA:173,15,1,0
BRDA:194,16,0,0
BRDA:194,16,1,0
BRDA:197,17,0,0
BRDA:197,17,1,0
BRDA:206,18,0,0
BRDA:206,18,1,0
BRDA:210,19,0,0
BRDA:210,19,1,0
BRDA:213,20,0,0
BRDA:213,20,1,0
BRDA:226,21,0,0
BRDA:226,21,1,0
BRDA:229,22,0,0
BRDA:229,22,1,0
BRDA:241,23,0,0
BRDA:241,23,1,0
BRDA:246,24,0,0
BRDA:246,24,1,0
BRDA:280,25,0,0
BRDA:280,25,1,0
BRDA:280,26,0,0
BRDA:280,26,1,0
BRDA:292,27,0,0
BRDA:292,27,1,0
BRDA:312,28,0,0
BRDA:312,28,1,0
BRF:61
BRH:0
end_of_record
TN:
SF:src/components/ComplianceRadar.tsx
FN:37,ComplianceRadar
FN:38,(anonymous_1)
FN:58,(anonymous_2)
FN:105,(anonymous_3)
FN:106,(anonymous_4)
FN:110,(anonymous_5)
FN:117,(anonymous_6)
FN:172,(anonymous_7)
FN:190,(anonymous_8)
FNF:9
FNH:0
FNDA:0,ComplianceRadar
FNDA:0,(anonymous_1)
FNDA:0,(anonymous_2)
FNDA:0,(anonymous_3)
FNDA:0,(anonymous_4)
FNDA:0,(anonymous_5)
FNDA:0,(anonymous_6)
FNDA:0,(anonymous_7)
FNDA:0,(anonymous_8)
DA:1,0
DA:2,0
DA:11,0
DA:37,0
DA:38,0
DA:39,0
DA:40,0
DA:51,0
DA:52,0
DA:53,0
DA:54,0
DA:55,0
DA:56,0
DA:58,0
DA:59,0
DA:60,0
DA:61,0
DA:62,0
DA:63,0
DA:64,0
DA:65,0
DA:69,0
DA:71,0
DA:105,0
DA:106,0
DA:107,0
DA:110,0
DA:111,0
DA:112,0
DA:113,0
DA:114,0
DA:117,0
DA:118,0
DA:119,0
DA:120,0
DA:121,0
DA:122,0
DA:125,0
DA:172,0
DA:191,0
LF:40
LH:0
BRDA:39,0,0,0
BRDA:39,0,1,0
BRDA:59,1,0,0
BRDA:59,1,1,0
BRDA:60,2,0,0
BRDA:60,2,1,0
BRDA:61,3,0,0
BRDA:61,3,1,0
BRDA:62,4,0,0
BRDA:62,4,1,0
BRDA:63,5,0,0
BRDA:63,5,1,0
BRDA:64,6,0,0
BRDA:64,6,1,0
BRDA:65,7,0,0
BRDA:65,7,1,0
BRDA:111,8,0,0
BRDA:111,8,1,0
BRDA:112,9,0,0
BRDA:112,9,1,0
BRDA:113,10,0,0
BRDA:113,10,1,0
BRDA:118,11,0,0
BRDA:118,11,1,0
BRDA:119,12,0,0
BRDA:119,12,1,0
BRDA:120,13,0,0
BRDA:120,13,1,0
BRDA:121,14,0,0
BRDA:121,14,1,0
BRF:30
BRH:0
end_of_record
TN:
SF:src/components/DarkModeToggle.tsx
FN:14,DarkModeToggle
FNF:1
FNH:0
FNDA:0,DarkModeToggle
DA:1,0
DA:14,0
DA:15,0
LF:3
LH:0
BRDA:19,0,0,0
BRDA:19,0,1,0
BRDA:20,1,0,0
BRDA:20,1,1,0
BRDA:22,2,0,0
BRDA:22,2,1,0
BRF:6
BRH:0
end_of_record
TN:
SF:src/components/DiffView.tsx
FN:20,DiffView
FN:26,(anonymous_1)
FN:27,(anonymous_2)
FN:40,(anonymous_3)
FN:50,(anonymous_4)
FN:128,(anonymous_5)
FN:143,(anonymous_6)
FN:169,(anonymous_7)
FN:231,(anonymous_8)
FN:241,(anonymous_9)
FN:251,(anonymous_10)
FN:261,(anonymous_11)
FNF:12
FNH:12
FNDA:45,DiffView
FNDA:5,(anonymous_1)
FNDA:5,(anonymous_2)
FNDA:34,(anonymous_3)
FNDA:188,(anonymous_4)
FNDA:135,(anonymous_5)
FNDA:5,(anonymous_6)
FNDA:188,(anonymous_7)
FNDA:1,(anonymous_8)
FNDA:3,(anonymous_9)
FNDA:1,(anonymous_10)
FNDA:1,(anonymous_11)
DA:1,1
DA:3,1
DA:20,1
DA:21,45
DA:22,45
DA:26,45
DA:27,5
DA:28,5
DA:29,5
DA:30,4
DA:32,1
DA:34,5
DA:39,45
DA:40,34
DA:50,45
DA:58,188
DA:65,188
DA:73,188
DA:128,45
DA:135,135
DA:136,135
DA:138,135
DA:140,125
DA:143,5
DA:170,188
DA:181,45
DA:231,1
DA:241,3
DA:251,1
DA:261,1
LF:30
LH:30
BRDA:29,0,0,4
BRDA:29,0,1,1
BRDA:93,1,0,188
BRDA:93,1,1,25
BRDA:95,2,0,25
BRDA:95,2,1,23
BRDA:107,3,0,25
BRDA:107,3,1,3
BRDA:120,4,0,188
BRDA:120,4,1,187
BRDA:136,5,0,135
BRDA:136,5,1,15
BRDA:138,6,0,10
BRDA:138,6,1,125
BRDA:146,7,0,120
BRDA:146,7,1,5
BRDA:162,8,0,125
BRDA:162,8,1,120
BRDA:164,9,0,48
BRDA:164,9,1,72
BRDA:170,10,0,25
BRDA:170,10,1,163
BRDA:209,11,0,33
BRDA:209,11,1,12
BRDA:211,12,0,3
BRDA:211,12,1,9
BRDA:216,13,0,33
BRDA:216,13,1,12
BRDA:233,14,0,40
BRDA:233,14,1,5
BRDA:243,15,0,3
BRDA:243,15,1,42
BRDA:253,16,0,1
BRDA:253,16,1,44
BRDA:263,17,0,1
BRDA:263,17,1,44
BRDA:299,18,0,45
BRDA:299,18,1,40
BRF:38
BRH:38
end_of_record
TN:
SF:src/components/ExportButton.tsx
FN:13,ExportButton
FN:16,(anonymous_1)
FN:21,(anonymous_2)
FN:29,(anonymous_3)
FN:42,(anonymous_4)
FNF:5
FNH:0
FNDA:0,ExportButton
FNDA:0,(anonymous_1)
FNDA:0,(anonymous_2)
FNDA:0,(anonymous_3)
FNDA:0,(anonymous_4)
DA:1,0
DA:2,0
DA:4,0
DA:13,0
DA:14,0
DA:16,0
DA:17,0
DA:18,0
DA:21,0
DA:22,0
DA:23,0
DA:26,0
DA:29,0
DA:42,0
LF:14
LH:0
BRDA:37,0,0,0
BRDA:37,0,1,0
BRF:2
BRH:0
end_of_record
TN:
SF:src/components/FilterPanel.tsx
FN:16,FilterPanel
FN:36,(anonymous_1)
FN:41,(anonymous_2)
FN:57,(anonymous_3)
FN:61,(anonymous_4)
FN:78,(anonymous_5)
FNF:6
FNH:6
FNDA:13,FilterPanel
FNDA:65,(anonymous_1)
FNDA:1,(anonymous_2)
FNDA:1,(anonymous_3)
FNDA:39,(anonymous_4)
FNDA:1,(anonymous_5)
DA:1,1
DA:13,1
DA:15,1
DA:28,13
DA:37,65
DA:41,1
DA:57,1
DA:62,39
DA:78,1
DA:87,1
LF:10
LH:10
BRF:0
BRH:0
end_of_record
TN:
SF:src/components/FindingsTable.tsx
FN:10,FindingsTable
FN:16,(anonymous_1)
FN:17,(anonymous_2)
FN:45,(anonymous_3)
FN:54,(anonymous_4)
FN:64,(anonymous_5)
FN:90,(anonymous_6)
FN:96,(anonymous_7)
FN:102,(anonymous_8)
FN:108,(anonymous_9)
FN:121,(anonymous_10)
FN:125,(anonymous_11)
FN:182,(anonymous_12)
FNF:13
FNH:13
FNDA:46,FindingsTable
FNDA:35,(anonymous_1)
FNDA:149,(anonymous_2)
FNDA:5,(anonymous_3)
FNDA:11,(anonymous_4)
FNDA:172,(anonymous_5)
FNDA:1,(anonymous_6)
FNDA:2,(anonymous_7)
FNDA:1,(anonymous_8)
FNDA:1,(anonymous_9)
FNDA:172,(anonymous_10)
FNDA:11,(anonymous_11)
FNDA:5,(anonymous_12)
DA:1,1
DA:8,1
DA:10,1
DA:11,46
DA:12,46
DA:13,46
DA:16,46
DA:17,35
DA:20,149
DA:21,137
DA:22,137
DA:23,12
DA:24,4
DA:25,4
DA:26,8
DA:27,4
DA:28,4
DA:29,4
DA:30,4
DA:31,4
DA:33,0
DA:34,0
DA:37,149
DA:38,149
DA:39,125
DA:40,100
DA:42,35
DA:45,46
DA:46,5
DA:47,2
DA:49,3
DA:50,3
DA:54,46
DA:55,11
DA:56,11
DA:57,1
DA:59,10
DA:61,11
DA:64,46
DA:65,172
DA:72,172
DA:75,46
DA:76,1
DA:83,45
DA:90,1
DA:96,2
DA:102,1
DA:108,1
DA:122,172
DA:125,11
DA:183,5
LF:51
LH:49
BRDA:20,0,0,137
BRDA:20,0,1,12
BRDA:23,1,0,4
BRDA:23,1,1,8
BRDA:24,2,0,4
BRDA:24,2,1,0
BRDA:25,3,0,4
BRDA:25,3,1,0
BRDA:26,4,0,4
BRDA:26,4,1,4
BRDA:29,5,0,4
BRDA:29,5,1,0
BRDA:37,6,0,141
BRDA:37,6,1,8
BRDA:38,7,0,24
BRDA:38,7,1,125
BRDA:39,8,0,25
BRDA:39,8,1,100
BRDA:46,9,0,2
BRDA:46,9,1,3
BRDA:47,10,0,2
BRDA:47,10,1,0
BRDA:56,11,0,1
BRDA:56,11,1,10
BRDA:72,12,0,172
BRDA:72,12,1,0
BRDA:75,13,0,1
BRDA:75,13,1,45
BRDA:92,14,0,45
BRDA:92,14,1,1
BRDA:92,15,0,1
BRDA:92,15,1,0
BRDA:98,16,0,45
BRDA:98,16,1,42
BRDA:98,17,0,40
BRDA:98,17,1,2
BRDA:104,18,0,45
BRDA:104,18,1,1
BRDA:104,19,0,1
BRDA:104,19,1,0
BRDA:110,20,0,45
BRDA:110,20,1,1
BRDA:110,21,0,1
BRDA:110,21,1,0
BRDA:129,22,0,172
BRDA:129,22,1,134
BRDA:131,23,0,172
BRDA:131,23,1,1
BRDA:144,24,0,172
BRDA:144,24,1,1
BRDA:155,25,0,172
BRDA:155,25,1,11
BRDA:159,26,0,11
BRDA:159,26,1,6
BRDA:161,27,0,11
BRDA:161,27,1,1
BRDA:167,28,0,11
BRDA:167,28,1,2
BRDA:171,29,0,1
BRDA:171,29,1,1
BRDA:178,30,0,11
BRDA:178,30,1,2
BRDA:178,30,2,2
BRF:63
BRH:55
end_of_record
TN:
SF:src/components/HistoryPanel.tsx
FN:21,HistoryPanel
FN:29,(anonymous_1)
FN:33,(anonymous_2)
FN:63,(anonymous_3)
FN:67,(anonymous_4)
FN:84,(anonymous_5)
FN:88,(anonymous_6)
FNF:7
FNH:7
FNDA:29,HistoryPanel
FNDA:76,(anonymous_1)
FNDA:81,(anonymous_2)
FNDA:2,(anonymous_3)
FNDA:77,(anonymous_4)
FNDA:1,(anonymous_5)
FNDA:4,(anonymous_6)
DA:1,1
DA:21,1
DA:29,76
DA:30,29
DA:33,29
DA:34,81
DA:35,81
DA:36,81
DA:43,0
DA:47,29
DA:63,2
DA:68,77
DA:84,1
DA:89,4
LF:14
LH:13
BRDA:59,0,0,4
BRDA:59,0,1,25
BRDA:62,1,0,29
BRDA:62,1,1,19
BRDA:63,2,0,2
BRDA:63,2,1,1
BRDA:70,3,0,77
BRDA:70,3,1,6
BRDA:77,4,0,29
BRDA:77,4,1,4
BRDA:77,4,2,4
BRDA:83,5,0,4
BRDA:83,5,1,3
BRDA:84,6,0,1
BRDA:84,6,1,0
BRDA:91,7,0,4
BRDA:91,7,1,0
BRDA:99,8,0,29
BRDA:99,8,1,10
BRDA:99,8,2,29
BRDA:101,9,0,29
BRDA:101,9,1,10
BRDA:117,10,0,10
BRDA:117,10,1,4
BRDA:123,11,0,4
BRDA:123,11,1,4
BRDA:126,12,0,4
BRDA:126,12,1,3
BRDA:129,13,0,4
BRDA:129,13,1,3
BRDA:164,14,0,29
BRDA:164,14,1,19
BRDA:172,15,0,29
BRDA:172,15,1,4
BRF:34
BRH:32
end_of_record
TN:
SF:src/components/KeyboardShortcutsHelp.tsx
FN:16,KeyboardShortcutsHelp
FN:23,(anonymous_1)
FN:35,(anonymous_2)
FN:39,(anonymous_3)
FN:46,(anonymous_4)
FN:55,(anonymous_5)
FN:64,(anonymous_6)
FNF:7
FNH:0
FNDA:0,KeyboardShortcutsHelp
FNDA:0,(anonymous_1)
FNDA:0,(anonymous_2)
FNDA:0,(anonymous_3)
FNDA:0,(anonymous_4)
FNDA:0,(anonymous_5)
FNDA:0,(anonymous_6)
DA:1,0
DA:2,0
DA:10,0
DA:16,0
DA:17,0
DA:19,0
DA:23,0
DA:35,0
DA:39,0
DA:46,0
DA:56,0
DA:65,0
LF:12
LH:0
BRDA:32,0,0,0
BRDA:32,0,1,0
BRF:2
BRH:0
end_of_record
TN:
SF:src/components/TrendsPanel.tsx
FN:31,TrendsPanel
FN:32,(anonymous_1)
FN:36,(anonymous_2)
FN:47,(anonymous_3)
FN:58,(anonymous_4)
FN:230,(anonymous_5)
FNF:6
FNH:0
FNDA:0,TrendsPanel
FNDA:0,(anonymous_1)
FNDA:0,(anonymous_2)
FNDA:0,(anonymous_3)
FNDA:0,(anonymous_4)
FNDA:0,(anonymous_5)
DA:1,0
DA:2,0
DA:14,0
DA:16,0
DA:31,0
DA:32,0
DA:33,0
DA:36,0
DA:37,0
DA:39,0
DA:41,0
DA:43,0
DA:47,0
DA:48,0
DA:50,0
DA:52,0
DA:54,0
DA:58,0
DA:59,0
DA:61,0
DA:63,0
DA:65,0
DA:69,0
DA:70,0
DA:85,0
DA:231,0
DA:232,0
LF:27
LH:0
BRDA:37,0,0,0
BRDA:37,0,1,0
BRDA:37,0,2,0
BRDA:48,1,0,0
BRDA:48,1,1,0
BRDA:48,1,2,0
BRDA:59,2,0,0
BRDA:59,2,1,0
BRDA:59,2,2,0
BRDA:69,3,0,0
BRDA:69,3,1,0
BRDA:111,4,0,0
BRDA:111,4,1,0
BRDA:113,5,0,0
BRDA:113,5,1,0
BRDA:118,6,0,0
BRDA:118,6,1,0
BRDA:127,7,0,0
BRDA:127,7,1,0
BRDA:129,8,0,0
BRDA:129,8,1,0
BRDA:134,9,0,0
BRDA:134,9,1,0
BRF:23
BRH:0
end_of_record
TN:
SF:src/hooks/useDarkMode.ts
FN:14,useDarkMode
FN:16,(anonymous_1)
FN:28,(anonymous_2)
FN:37,(anonymous_3)
FN:38,(anonymous_4)
FNF:5
FNH:0
FNDA:0,useDarkMode
FNDA:0,(anonymous_1)
FNDA:0,(anonymous_2)
FNDA:0,(anonymous_3)
FNDA:0,(anonymous_4)
DA:1,0
DA:14,0
DA:16,0
DA:18,0
DA:19,0
DA:20,0
DA:24,0
DA:28,0
DA:29,0
DA:30,0
DA:32,0
DA:37,0
DA:38,0
DA:39,0
DA:40,0
DA:41,0
DA:45,0
LF:17
LH:0
BRDA:19,0,0,0
BRDA:19,0,1,0
BRDA:29,1,0,0
BRDA:29,1,1,0
BRDA:40,2,0,0
BRDA:40,2,1,0
BRF:6
BRH:0
end_of_record
TN:
SF:src/hooks/useDiffMode.ts
FN:11,useDiffMode
FN:24,(anonymous_1)
FN:37,(anonymous_2)
FN:43,(anonymous_3)
FNF:4
FNH:0
FNDA:0,useDiffMode
FNDA:0,(anonymous_1)
FNDA:0,(anonymous_2)
FNDA:0,(anonymous_3)
DA:1,0
DA:3,0
DA:11,0
DA:22,0
DA:24,0
DA:25,0
DA:26,0
DA:29,0
DA:37,0
DA:38,0
DA:39,0
DA:43,0
DA:44,0
DA:47,0
LF:14
LH:0
BRDA:25,0,0,0
BRDA:25,0,1,0
BRDA:25,1,0,0
BRDA:25,1,1,0
BRDA:38,2,0,0
BRDA:38,2,1,0
BRDA:38,3,0,0
BRDA:38,3,1,0
BRF:8
BRH:0
end_of_record
TN:
SF:src/hooks/useFindings.ts
FN:10,useFindings
FN:15,(anonymous_1)
FN:16,(anonymous_2)
FNF:3
FNH:0
FNDA:0,useFindings
FNDA:0,(anonymous_1)
FNDA:0,(anonymous_2)
DA:1,0
DA:10,0
DA:11,0
DA:12,0
DA:13,0
DA:15,0
DA:16,0
DA:17,0
DA:19,0
DA:20,0
DA:21,0
DA:22,0
DA:25,0
DA:26,0
DA:27,0
DA:28,0
DA:29,0
DA:31,0
DA:34,0
DA:35,0
DA:39,0
DA:41,0
DA:43,0
DA:44,0
DA:45,0
DA:49,0
DA:50,0
DA:51,0
DA:54,0
DA:57,0
DA:59,0
DA:60,0
DA:62,0
DA:64,0
DA:67,0
DA:69,0
DA:70,0
DA:71,0
DA:75,0
DA:78,0
LF:40
LH:0
BRDA:10,0,0,0
BRDA:19,1,0,0
BRDA:19,1,1,0
BRDA:21,2,0,0
BRDA:21,2,1,0
BRDA:26,3,0,0
BRDA:26,3,1,0
BRDA:26,4,0,0
BRDA:26,4,1,0
BRDA:28,5,0,0
BRDA:28,5,1,0
BRDA:41,6,0,0
BRDA:41,6,1,0
BRDA:41,7,0,0
BRDA:41,7,1,0
BRDA:41,7,2,0
BRDA:50,8,0,0
BRDA:50,8,1,0
BRDA:57,9,0,0
BRDA:57,9,1,0
BRDA:57,10,0,0
BRDA:57,10,1,0
BRDA:60,11,0,0
BRDA:60,11,1,0
BRDA:70,12,0,0
BRDA:70,12,1,0
BRF:26
BRH:0
end_of_record
TN:
SF:src/hooks/useKeyboardShortcuts.ts
FN:21,useKeyboardShortcuts
FN:25,(anonymous_1)
FN:29,(anonymous_2)
FN:30,(anonymous_3)
FN:71,(anonymous_4)
FNF:5
FNH:0
FNDA:0,useKeyboardShortcuts
FNDA:0,(anonymous_1)
FNDA:0,(anonymous_2)
FNDA:0,(anonymous_3)
FNDA:0,(anonymous_4)
DA:1,0
DA:21,0
DA:22,0
DA:25,0
DA:26,0
DA:29,0
DA:30,0
DA:31,0
DA:34,0
DA:38,0
DA:39,0
DA:40,0
DA:41,0
DA:45,0
DA:46,0
DA:47,0
DA:48,0
DA:52,0
DA:53,0
DA:54,0
DA:55,0
DA:56,0
DA:59,0
DA:60,0
DA:61,0
DA:62,0
DA:68,0
DA:71,0
DA:72,0
LF:29
LH:0
BRDA:34,0,0,0
BRDA:34,0,1,0
BRDA:38,1,0,0
BRDA:38,1,1,0
BRDA:38,2,0,0
BRDA:38,2,1,0
BRDA:38,2,2,0
BRDA:45,3,0,0
BRDA:45,3,1,0
BRDA:45,4,0,0
BRDA:45,4,1,0
BRDA:52,5,0,0
BRDA:52,5,1,0
BRDA:53,6,0,0
BRDA:53,6,1,0
BRDA:59,7,0,0
BRDA:59,7,1,0
BRF:17
BRH:0
end_of_record
TN:
SF:src/hooks/useScanHistory.ts
FN:20,useScanHistory
FN:25,(anonymous_1)
FN:26,(anonymous_2)
FNF:3
FNH:0
FNDA:0,useScanHistory
FNDA:0,(anonymous_1)
FNDA:0,(anonymous_2)
DA:1,0
DA:20,0
DA:21,0
DA:22,0
DA:23,0
DA:25,0
DA:26,0
DA:27,0
DA:29,0
DA:31,0
DA:33,0
DA:34,0
DA:35,0
DA:39,0
DA:40,0
DA:41,0
DA:43,0
DA:44,0
DA:45,0
DA:48,0
DA:51,0
DA:52,0
DA:53,0
DA:54,0
DA:56,0
DA:59,0
DA:62,0
DA:63,0
DA:66,0
DA:67,0
DA:68,0
DA:72,0
DA:75,0
LF:33
LH:0
BRDA:31,0,0,0
BRDA:31,0,1,0
BRDA:31,1,0,0
BRDA:31,1,1,0
BRDA:31,1,2,0
BRDA:41,2,0,0
BRDA:41,2,1,0
BRDA:51,3,0,0
BRDA:51,3,1,0
BRDA:51,4,0,0
BRDA:51,4,1,0
BRDA:53,5,0,0
BRDA:53,5,1,0
BRDA:67,6,0,0
BRDA:67,6,1,0
BRF:15
BRH:0
end_of_record
TN:
SF:src/utils/diffFindings.ts
FN:12,computeDiff
FN:20,(anonymous_1)
FN:23,(anonymous_2)
FN:36,(anonymous_3)
FN:69,(anonymous_4)
FN:90,filterDiffByCategory
FN:105,(anonymous_6)
FNF:7
FNH:7
FNDA:9,computeDiff
FNDA:1007,(anonymous_1)
FNDA:1007,(anonymous_2)
FNDA:1007,(anonymous_3)
FNDA:1007,(anonymous_4)
FNDA:6,filterDiffByCategory
FNDA:1,(anonymous_6)
DA:12,1
DA:19,9
DA:20,1007
DA:22,9
DA:23,1007
DA:25,9
DA:32,9
DA:33,9
DA:36,9
DA:37,1007
DA:39,1007
DA:41,502
DA:47,505
DA:49,505
DA:50,1
DA:53,505
DA:54,1
DA:57,505
DA:59,2
DA:62,503
DA:68,9
DA:69,9
DA:70,1007
DA:71,502
DA:75,9
DA:90,1
DA:94,6
DA:96,6
DA:97,2
DA:100,6
DA:101,2
DA:104,6
DA:105,1
DA:108,6
DA:109,1
DA:112,6
LF:36
LH:36
BRDA:39,0,0,502
BRDA:39,0,1,505
BRDA:49,1,0,1
BRDA:49,1,1,504
BRDA:53,2,0,1
BRDA:53,2,1,504
BRDA:57,3,0,2
BRDA:57,3,1,503
BRDA:70,4,0,502
BRDA:70,4,1,505
BRDA:96,5,0,2
BRDA:96,5,1,4
BRDA:100,6,0,2
BRDA:100,6,1,4
BRDA:104,7,0,1
BRDA:104,7,1,5
BRDA:108,8,0,1
BRDA:108,8,1,5
BRF:18
BRH:18
end_of_record
TN:
SF:src/utils/exportFindings.ts
FN:10,generateJSON
FN:17,generateCSV
FN:23,(anonymous_2)
FN:41,exportToJSON
FN:49,exportToCSV
FN:57,escapeCSV
FN:67,downloadFile
FNF:7
FNH:4
FNDA:4,generateJSON
FNDA:10,generateCSV
FNDA:19,(anonymous_2)
FNDA:0,exportToJSON
FNDA:0,exportToCSV
FNDA:57,escapeCSV
FNDA:0,downloadFile
DA:10,1
DA:11,4
DA:17,1
DA:19,10
DA:20,10
DA:23,10
DA:24,19
DA:32,19
DA:35,10
DA:41,1
DA:42,0
DA:43,0
DA:49,1
DA:50,0
DA:51,0
DA:58,57
DA:59,4
DA:61,53
DA:68,0
DA:69,0
DA:71,0
DA:72,0
DA:73,0
DA:74,0
DA:76,0
DA:77,0
DA:80,0
DA:81,0
LF:28
LH:14
BRDA:29,0,0,19
BRDA:29,0,1,1
BRDA:41,1,0,0
BRDA:49,2,0,0
BRDA:58,3,0,4
BRDA:58,3,1,53
BRDA:58,4,0,57
BRDA:58,4,1,55
BRDA:58,4,2,54
BRF:9
BRH:7
end_of_record
TN:
SF:src/utils/trendAnalysis.ts
FN:11,computeTrendAnalysis
FN:17,(anonymous_1)
FN:21,(anonymous_2)
FN:36,(anonymous_3)
FN:37,(anonymous_4)
FN:59,(anonymous_5)
FN:65,(anonymous_6)
FN:94,computeTrendDirection
FN:115,compareSeverity
FN:129,formatDate
FNF:10
FNH:10
FNDA:13,computeTrendAnalysis
FNDA:109,(anonymous_1)
FNDA:120,(anonymous_2)
FNDA:104,(anonymous_3)
FNDA:5020,(anonymous_4)
FNDA:38,(anonymous_5)
FNDA:34,(anonymous_6)
FNDA:13,computeTrendDirection
FNDA:4982,compareSeverity
FNDA:120,formatDate
DA:11,1
DA:16,13
DA:17,109
DA:21,120
DA:34,13
DA:36,13
DA:37,104
DA:38,5020
DA:39,5020
DA:41,5020
DA:42,4982
DA:44,4982
DA:45,1
DA:48,38
DA:58,13
DA:59,38
DA:65,34
DA:69,13
DA:73,13
DA:78,13
DA:82,13
DA:97,13
DA:100,9
DA:101,9
DA:102,9
DA:105,9
DA:107,9
DA:108,7
DA:109,5
DA:116,4982
DA:123,4982
DA:130,120
DA:131,120
DA:132,120
DA:137,0
LF:35
LH:34
BRDA:41,0,0,4982
BRDA:41,0,1,38
BRDA:44,1,0,1
BRDA:44,1,1,4981
BRDA:73,2,0,9
BRDA:73,2,1,4
BRDA:78,3,0,9
BRDA:78,3,1,4
BRDA:97,4,0,4
BRDA:97,4,1,9
BRDA:107,5,0,2
BRDA:107,5,1,7
BRDA:108,6,0,2
BRDA:108,6,1,5
BRDA:123,7,0,4982
BRDA:123,7,1,0
BRDA:123,8,0,4982
BRDA:123,8,1,0
BRF:18
BRH:16
end_of_record
